{"numTotalTestSuites":153,"numPassedTestSuites":151,"numFailedTestSuites":0,"numPendingTestSuites":2,"numTotalTests":363,"numPassedTests":357,"numFailedTests":0,"numPendingTests":0,"numTodoTests":0,"snapshot":{"added":0,"failure":false,"filesAdded":0,"filesRemoved":0,"filesRemovedList":[],"filesUnmatched":0,"filesUpdated":0,"matched":0,"total":0,"unchecked":0,"uncheckedKeysByFile":[],"unmatched":0,"updated":0,"didUpdate":false},"startTime":1777158709723,"success":true,"testResults":[{"assertionResults":[{"ancestorTitles":["Load Ordnance Visibility Integration"],"fullName":"Load Ordnance Visibility Integration should hide Load Ordnance when no ordnance weapons are equipped, then show it when one is added","status":"passed","title":"should hide Load Ordnance when no ordnance weapons are equipped, then show it when one is added","duration":103.45710000000054,"failureMessages":[],"meta":{},"tags":[]}],"startTime":1777158716191,"endTime":1777158716294.457,"status":"passed","message":"","name":"C:/Users/Adam/Dropbox/Documents/homework/Personal Projects/Chain of Command Game/app/src/loadOrdnanceVisibility.test.tsx"},{"assertionResults":[{"ancestorTitles":["Actions Data"],"fullName":"Actions Data Load Ordnance action should have hideIfNoOrdnance: true","status":"passed","title":"Load Ordnance action should have hideIfNoOrdnance: true","duration":0.8577000000000226,"failureMessages":[],"meta":{},"tags":[]}],"startTime":1777158723357,"endTime":1777158723357.8577,"status":"passed","message":"","name":"C:/Users/Adam/Dropbox/Documents/homework/Personal Projects/Chain of Command Game/app/src/data/actions.test.ts"},{"assertionResults":[{"ancestorTitles":["drawCriticalCard"],"fullName":"drawCriticalCard should draw a card and return the rest of the deck","status":"passed","title":"should draw a card and return the rest of the deck","duration":0.9301999999997861,"failureMessages":[],"meta":{},"tags":[]},{"ancestorTitles":["drawCriticalCard"],"fullName":"drawCriticalCard should reshuffle from PLAYER_CRITICAL_DECK if deck is empty (default)","status":"passed","title":"should reshuffle from PLAYER_CRITICAL_DECK if deck is empty (default)","duration":0.1570000000001528,"failureMessages":[],"meta":{},"tags":[]},{"ancestorTitles":["drawCriticalCard"],"fullName":"drawCriticalCard should reshuffle from ENEMY_CRITICAL_DECK if deck is empty and type is enemy","status":"passed","title":"should reshuffle from ENEMY_CRITICAL_DECK if deck is empty and type is enemy","duration":0.1354999999998654,"failureMessages":[],"meta":{},"tags":[]}],"startTime":1777158723210,"endTime":1777158723211.157,"status":"passed","message":"","name":"C:/Users/Adam/Dropbox/Documents/homework/Personal Projects/Chain of Command Game/app/src/data/criticalDamage.test.ts"},{"assertionResults":[{"ancestorTitles":["Event Node Data Integrity"],"fullName":"Event Node Data Integrity contains exactly 25 events","status":"passed","title":"contains exactly 25 events","duration":1.306800000000294,"failureMessages":[],"meta":{},"tags":[]},{"ancestorTitles":["Event Node Data Integrity"],"fullName":"Event Node Data Integrity every event has a unique ID","status":"passed","title":"every event has a unique ID","duration":0.2510999999994965,"failureMessages":[],"meta":{},"tags":[]},{"ancestorTitles":["Event Node Data Integrity"],"fullName":"Event Node Data Integrity IDs follow the pattern event-01 through event-25","status":"passed","title":"IDs follow the pattern event-01 through event-25","duration":0.49060000000008586,"failureMessages":[],"meta":{},"tags":[]},{"ancestorTitles":["Event Node Data Integrity"],"fullName":"Event Node Data Integrity every event has a non-empty title and narrative","status":"passed","title":"every event has a non-empty title and narrative","duration":0.5395000000007713,"failureMessages":[],"meta":{},"tags":[]},{"ancestorTitles":["Event Node Data Integrity"],"fullName":"Event Node Data Integrity every event has 2 to 4 options","status":"passed","title":"every event has 2 to 4 options","duration":0.7520000000004075,"failureMessages":[],"meta":{},"tags":[]},{"ancestorTitles":["Event Node Data Integrity"],"fullName":"Event Node Data Integrity every option has a non-empty label","status":"passed","title":"every option has a non-empty label","duration":0.5444999999999709,"failureMessages":[],"meta":{},"tags":[]},{"ancestorTitles":["Event Node Data Integrity"],"fullName":"Event Node Data Integrity every option has at least one effect source (effects OR goodEffects/badEffects)","status":"passed","title":"every option has at least one effect source (effects OR goodEffects/badEffects)","duration":0.5528999999996813,"failureMessages":[],"meta":{},"tags":[]},{"ancestorTitles":["Event Node Data Integrity"],"fullName":"Event Node Data Integrity dice-roll options have both goodEffects and badEffects defined","status":"passed","title":"dice-roll options have both goodEffects and badEffects defined","duration":0.34249999999974534,"failureMessages":[],"meta":{},"tags":[]},{"ancestorTitles":["Event Node Data Integrity"],"fullName":"Event Node Data Integrity all dice-roll options have rollThreshold between 1 and 6","status":"passed","title":"all dice-roll options have rollThreshold between 1 and 6","duration":0.3315999999995256,"failureMessages":[],"meta":{},"tags":[]},{"ancestorTitles":["Event Node Data Integrity"],"fullName":"Event Node Data Integrity events granting tech have a type:\"tech\" effect","status":"passed","title":"events granting tech have a type:\"tech\" effect","duration":0.16519999999945867,"failureMessages":[],"meta":{},"tags":[]},{"ancestorTitles":["Event Node Data Integrity"],"fullName":"Event Node Data Integrity no individual option grants more than one exclusive item","status":"passed","title":"no individual option grants more than one exclusive item","duration":0.5690000000004147,"failureMessages":[],"meta":{},"tags":[]},{"ancestorTitles":["Event Node Data Integrity"],"fullName":"Event Node Data Integrity gated options use officer requirements on the authored event set","status":"passed","title":"gated options use officer requirements on the authored event set","duration":0.1584000000002561,"failureMessages":[],"meta":{},"tags":[]},{"ancestorTitles":["Event Node Data Integrity"],"fullName":"Event Node Data Integrity events that can transform to combat have a type:\"transformToCombat\" effect","status":"passed","title":"events that can transform to combat have a type:\"transformToCombat\" effect","duration":0.07380000000011933,"failureMessages":[],"meta":{},"tags":[]},{"ancestorTitles":["Event Node Data Integrity"],"fullName":"Event Node Data Integrity Event 24 good outcome awards 2 tech (alien ruin)","status":"passed","title":"Event 24 good outcome awards 2 tech (alien ruin)","duration":0.060399999999390275,"failureMessages":[],"meta":{},"tags":[]},{"ancestorTitles":["Event Node Data Integrity"],"fullName":"Event Node Data Integrity Event 01 \"leave\" option has type:\"nothing\"","status":"passed","title":"Event 01 \"leave\" option has type:\"nothing\"","duration":0.042000000000371074,"failureMessages":[],"meta":{},"tags":[]},{"ancestorTitles":["Event Node Data Integrity"],"fullName":"Event Node Data Integrity Event 02 roll threshold is 3 (1-2 bad, 3-6 good)","status":"passed","title":"Event 02 roll threshold is 3 (1-2 bad, 3-6 good)","duration":0.05099999999947613,"failureMessages":[],"meta":{},"tags":[]},{"ancestorTitles":["Event Node Data Integrity"],"fullName":"Event Node Data Integrity Event 06 roll threshold is 4 (1-3 ambush, 4-6 jackpot)","status":"passed","title":"Event 06 roll threshold is 4 (1-3 ambush, 4-6 jackpot)","duration":0.0319999999992433,"failureMessages":[],"meta":{},"tags":[]},{"ancestorTitles":["getEventById"],"fullName":"getEventById returns event-01 as The Derelict Transport","status":"passed","title":"returns event-01 as The Derelict Transport","duration":0.06109999999989668,"failureMessages":[],"meta":{},"tags":[]},{"ancestorTitles":["getEventById"],"fullName":"getEventById returns undefined for unknown ID","status":"passed","title":"returns undefined for unknown ID","duration":0.04370000000017171,"failureMessages":[],"meta":{},"tags":[]},{"ancestorTitles":["drawRandomEvent"],"fullName":"drawRandomEvent returns a valid event","status":"passed","title":"returns a valid event","duration":0.15520000000014988,"failureMessages":[],"meta":{},"tags":[]},{"ancestorTitles":["drawRandomEvent"],"fullName":"drawRandomEvent respects the exclude list","status":"passed","title":"respects the exclude list","duration":0.051799999999275315,"failureMessages":[],"meta":{},"tags":[]},{"ancestorTitles":["drawRandomEvent"],"fullName":"drawRandomEvent returns null when all events excluded","status":"passed","title":"returns null when all events excluded","duration":0.03629999999975553,"failureMessages":[],"meta":{},"tags":[]}],"startTime":1777158720546,"endTime":1777158720553.1553,"status":"passed","message":"","name":"C:/Users/Adam/Dropbox/Documents/homework/Personal Projects/Chain of Command Game/app/src/data/eventNodes.test.ts"},{"assertionResults":[{"ancestorTitles":["Experimental Tech Data Integrity"],"fullName":"Experimental Tech Data Integrity contains exactly 15 techs","status":"passed","title":"contains exactly 15 techs","duration":2.3674999999993815,"failureMessages":[],"meta":{},"tags":[]},{"ancestorTitles":["Experimental Tech Data Integrity"],"fullName":"Experimental Tech Data Integrity every tech has a unique ID","status":"passed","title":"every tech has a unique ID","duration":0.40350000000034925,"failureMessages":[],"meta":{},"tags":[]},{"ancestorTitles":["Experimental Tech Data Integrity"],"fullName":"Experimental Tech Data Integrity every tech has required string fields","status":"passed","title":"every tech has required string fields","duration":1.0843999999997322,"failureMessages":[],"meta":{},"tags":[]},{"ancestorTitles":["Experimental Tech Data Integrity"],"fullName":"Experimental Tech Data Integrity category distribution: 4 tactical, 4 engineering, 4 command, 3 crew","status":"passed","title":"category distribution: 4 tactical, 4 engineering, 4 command, 3 crew","duration":0.24989999999979773,"failureMessages":[],"meta":{},"tags":[]},{"ancestorTitles":["Experimental Tech Data Integrity"],"fullName":"Experimental Tech Data Integrity only Auto-Doc Override is consumable","status":"passed","title":"only Auto-Doc Override is consumable","duration":0.28989999999976135,"failureMessages":[],"meta":{},"tags":[]},{"ancestorTitles":["Experimental Tech Data Integrity"],"fullName":"Experimental Tech Data Integrity all techs start with isConsumed = false","status":"passed","title":"all techs start with isConsumed = false","duration":0.38029999999980646,"failureMessages":[],"meta":{},"tags":[]},{"ancestorTitles":["Experimental Tech Data Integrity"],"fullName":"Experimental Tech Data Integrity rarity: 3 rare, 12 common","status":"passed","title":"rarity: 3 rare, 12 common","duration":0.3154000000004089,"failureMessages":[],"meta":{},"tags":[]},{"ancestorTitles":["Experimental Tech Data Integrity"],"fullName":"Experimental Tech Data Integrity the 3 rare techs are the named Rare items from the spec","status":"passed","title":"the 3 rare techs are the named Rare items from the spec","duration":0.5850000000000364,"failureMessages":[],"meta":{},"tags":[]},{"ancestorTitles":["getTechById"],"fullName":"getTechById returns the correct tech","status":"passed","title":"returns the correct tech","duration":0.291599999999562,"failureMessages":[],"meta":{},"tags":[]},{"ancestorTitles":["getTechById"],"fullName":"getTechById returns undefined for unknown ID","status":"passed","title":"returns undefined for unknown ID","duration":0.21200000000044383,"failureMessages":[],"meta":{},"tags":[]},{"ancestorTitles":["getTechById"],"fullName":"getTechById returns a copy (mutation does not affect source)","status":"passed","title":"returns a copy (mutation does not affect source)","duration":0.1271999999999025,"failureMessages":[],"meta":{},"tags":[]},{"ancestorTitles":["getTechByCategory"],"fullName":"getTechByCategory returns exactly 4 tactical techs","status":"passed","title":"returns exactly 4 tactical techs","duration":0.1952000000001135,"failureMessages":[],"meta":{},"tags":[]},{"ancestorTitles":["getTechByCategory"],"fullName":"getTechByCategory returns exactly 3 crew techs","status":"passed","title":"returns exactly 3 crew techs","duration":0.14810000000034051,"failureMessages":[],"meta":{},"tags":[]},{"ancestorTitles":["drawRandomTech"],"fullName":"drawRandomTech returns a valid tech when pool is not empty","status":"passed","title":"returns a valid tech when pool is not empty","duration":0.2283000000006723,"failureMessages":[],"meta":{},"tags":[]},{"ancestorTitles":["drawRandomTech"],"fullName":"drawRandomTech never returns an excluded tech","status":"passed","title":"never returns an excluded tech","duration":0.10030000000006112,"failureMessages":[],"meta":{},"tags":[]},{"ancestorTitles":["drawRandomTech"],"fullName":"drawRandomTech returns null when all techs are excluded","status":"passed","title":"returns null when all techs are excluded","duration":0.07240000000001601,"failureMessages":[],"meta":{},"tags":[]},{"ancestorTitles":["drawMultipleRandomTech"],"fullName":"drawMultipleRandomTech draws the requested count","status":"passed","title":"draws the requested count","duration":0.25389999999970314,"failureMessages":[],"meta":{},"tags":[]},{"ancestorTitles":["drawMultipleRandomTech"],"fullName":"drawMultipleRandomTech returns unique techs","status":"passed","title":"returns unique techs","duration":0.13190000000031432,"failureMessages":[],"meta":{},"tags":[]},{"ancestorTitles":["drawMultipleRandomTech"],"fullName":"drawMultipleRandomTech respects the exclude list","status":"passed","title":"respects the exclude list","duration":0.17000000000007276,"failureMessages":[],"meta":{},"tags":[]},{"ancestorTitles":["drawMultipleRandomTech"],"fullName":"drawMultipleRandomTech draws 2 for Event 24 scenario (alien ruin)","status":"passed","title":"draws 2 for Event 24 scenario (alien ruin)","duration":1.7340999999996711,"failureMessages":[],"meta":{},"tags":[]}],"startTime":1777158721991,"endTime":1777158722001.7341,"status":"passed","message":"","name":"C:/Users/Adam/Dropbox/Documents/homework/Personal Projects/Chain of Command Game/app/src/data/experimentalTech.test.ts"},{"assertionResults":[{"ancestorTitles":["Rules of Engagement Deck"],"fullName":"Rules of Engagement Deck contains exactly 11 cards","status":"passed","title":"contains exactly 11 cards","duration":1.9458999999997104,"failureMessages":[],"meta":{},"tags":[]},{"ancestorTitles":["Rules of Engagement Deck"],"fullName":"Rules of Engagement Deck contains cards with valid structures","status":"passed","title":"contains cards with valid structures","duration":1.4733000000005632,"failureMessages":[],"meta":{},"tags":[]},{"ancestorTitles":["Rules of Engagement Deck"],"fullName":"Rules of Engagement Deck includes all four doctrines","status":"passed","title":"includes all four doctrines","duration":0.38400000000001455,"failureMessages":[],"meta":{},"tags":[]},{"ancestorTitles":["Rules of Engagement Deck","drawRoECard"],"fullName":"Rules of Engagement Deck drawRoECard returns a valid card from the deck","status":"passed","title":"returns a valid card from the deck","duration":0.26239999999961583,"failureMessages":[],"meta":{},"tags":[]},{"ancestorTitles":["Rules of Engagement Deck","getRoECardById"],"fullName":"Rules of Engagement Deck getRoECardById returns the correct card by ID","status":"passed","title":"returns the correct card by ID","duration":0.23660000000018044,"failureMessages":[],"meta":{},"tags":[]},{"ancestorTitles":["Rules of Engagement Deck","getRoECardById"],"fullName":"Rules of Engagement Deck getRoECardById returns undefined for non-existent IDs","status":"passed","title":"returns undefined for non-existent IDs","duration":0.14829999999983556,"failureMessages":[],"meta":{},"tags":[]}],"startTime":1777158721924,"endTime":1777158721928.2625,"status":"passed","message":"","name":"C:/Users/Adam/Dropbox/Documents/homework/Personal Projects/Chain of Command Game/app/src/data/roeDeck.test.ts"},{"assertionResults":[{"ancestorTitles":["tactic deck availability"],"fullName":"tactic deck availability excludes Reserve Squadron Launch when no enemy carrier is present","status":"passed","title":"excludes Reserve Squadron Launch when no enemy carrier is present","duration":1.1987000000003718,"failureMessages":[],"meta":{},"tags":[]},{"ancestorTitles":["tactic deck availability"],"fullName":"tactic deck availability includes Reserve Squadron Launch when an enemy carrier is present","status":"passed","title":"includes Reserve Squadron Launch when an enemy carrier is present","duration":0.1934000000001106,"failureMessages":[],"meta":{},"tags":[]}],"startTime":1777158723310,"endTime":1777158723311.1987,"status":"passed","message":"","name":"C:/Users/Adam/Dropbox/Documents/homework/Personal Projects/Chain of Command Game/app/src/data/tacticDeck.test.ts"},{"assertionResults":[{"ancestorTitles":["convertFleetFavorToRP"],"fullName":"convertFleetFavorToRP converts a chosen positive amount at 1:10 rate","status":"passed","title":"converts a chosen positive amount at 1:10 rate","duration":1.890400000000227,"failureMessages":[],"meta":{},"tags":[]},{"ancestorTitles":["convertFleetFavorToRP"],"fullName":"convertFleetFavorToRP caps conversion to available positive FF","status":"passed","title":"caps conversion to available positive FF","duration":0.35130000000026484,"failureMessages":[],"meta":{},"tags":[]},{"ancestorTitles":["convertFleetFavorToRP"],"fullName":"convertFleetFavorToRP converts 0 FF to 0 RP","status":"passed","title":"converts 0 FF to 0 RP","duration":0.18850000000020373,"failureMessages":[],"meta":{},"tags":[]},{"ancestorTitles":["convertFleetFavorToRP"],"fullName":"convertFleetFavorToRP negative FF produces 0 RP (not negative RP)","status":"passed","title":"negative FF produces 0 RP (not negative RP)","duration":0.1823999999996886,"failureMessages":[],"meta":{},"tags":[]},{"ancestorTitles":["executePostCombatLoop — Trauma Assessment"],"fullName":"executePostCombatLoop — Trauma Assessment officer AT max stress gains a Trauma and resets","status":"passed","title":"officer AT max stress gains a Trauma and resets","duration":1.7824999999993452,"failureMessages":[],"meta":{},"tags":[]},{"ancestorTitles":["executePostCombatLoop — Trauma Assessment"],"fullName":"executePostCombatLoop — Trauma Assessment officer below max stress resets but gains no Trauma","status":"passed","title":"officer below max stress resets but gains no Trauma","duration":0.4978000000000975,"failureMessages":[],"meta":{},"tags":[]},{"ancestorTitles":["executePostCombatLoop — Trauma Assessment"],"fullName":"executePostCombatLoop — Trauma Assessment stress-immune officer (stressLimit=null) is skipped","status":"passed","title":"stress-immune officer (stressLimit=null) is skipped","duration":0.5889999999999418,"failureMessages":[],"meta":{},"tags":[]},{"ancestorTitles":["executePostCombatLoop — Trauma Assessment"],"fullName":"executePostCombatLoop — Trauma Assessment multiple officers maxed → each gets individual Trauma","status":"passed","title":"multiple officers maxed → each gets individual Trauma","duration":0.3986000000004424,"failureMessages":[],"meta":{},"tags":[]},{"ancestorTitles":["executePostCombatLoop — Damage Consolidation"],"fullName":"executePostCombatLoop — Damage Consolidation active (unrepaired) crits become Ship Scars","status":"passed","title":"active (unrepaired) crits become Ship Scars","duration":0.4984999999996944,"failureMessages":[],"meta":{},"tags":[]},{"ancestorTitles":["executePostCombatLoop — Damage Consolidation"],"fullName":"executePostCombatLoop — Damage Consolidation repaired crits do NOT become scars","status":"passed","title":"repaired crits do NOT become scars","duration":0.2563000000000102,"failureMessages":[],"meta":{},"tags":[]},{"ancestorTitles":["executePostCombatLoop — Damage Consolidation"],"fullName":"executePostCombatLoop — Damage Consolidation ship with no crits produces no scars","status":"passed","title":"ship with no crits produces no scars","duration":0.17000000000007276,"failureMessages":[],"meta":{},"tags":[]},{"ancestorTitles":["resolveEventOption"],"fullName":"resolveEventOption Event 01 Option \"strip\": +30 RP, -2 FF, stress all","status":"passed","title":"Event 01 Option \"strip\": +30 RP, -2 FF, stress all","duration":0.4381999999995969,"failureMessages":[],"meta":{},"tags":[]},{"ancestorTitles":["resolveEventOption"],"fullName":"resolveEventOption Event 01 Option \"divert\": -10 RP, +2 FF, stress recover all","status":"passed","title":"Event 01 Option \"divert\": -10 RP, +2 FF, stress recover all","duration":0.20229999999992287,"failureMessages":[],"meta":{},"tags":[]},{"ancestorTitles":["resolveEventOption"],"fullName":"resolveEventOption Event 01 Option \"leave\": nothing","status":"passed","title":"Event 01 Option \"leave\": nothing","duration":0.1621000000004642,"failureMessages":[],"meta":{},"tags":[]},{"ancestorTitles":["resolveEventOption"],"fullName":"resolveEventOption Event 02: roll 1 triggers bad effects (EMP saboteur)","status":"passed","title":"Event 02: roll 1 triggers bad effects (EMP saboteur)","duration":0.16759999999976571,"failureMessages":[],"meta":{},"tags":[]},{"ancestorTitles":["resolveEventOption"],"fullName":"resolveEventOption Event 02: roll 4 triggers good effects (genuine intel)","status":"passed","title":"Event 02: roll 4 triggers good effects (genuine intel)","duration":0.15859999999975116,"failureMessages":[],"meta":{},"tags":[]},{"ancestorTitles":["resolveEventOption"],"fullName":"resolveEventOption Event 05 \"trade-reputation\": -4 FF and no exclusive item","status":"passed","title":"Event 05 \"trade-reputation\": -4 FF and no exclusive item","duration":0.34680000000025757,"failureMessages":[],"meta":{},"tags":[]},{"ancestorTitles":["resolveEventOption"],"fullName":"resolveEventOption Event 06: roll 2 transforms to Combat with +5 threat","status":"passed","title":"Event 06: roll 2 transforms to Combat with +5 threat","duration":0.14439999999922293,"failureMessages":[],"meta":{},"tags":[]},{"ancestorTitles":["resolveEventOption"],"fullName":"resolveEventOption Event 06: roll 5 gives +35 RP and hull patches","status":"passed","title":"Event 06: roll 5 gives +35 RP and hull patches","duration":0.1463000000003376,"failureMessages":[],"meta":{},"tags":[]},{"ancestorTitles":["resolveEventOption"],"fullName":"resolveEventOption Event 21 \"ambush\": transforms to combat, enemies have 0 shields round 1, player acts first","status":"passed","title":"Event 21 \"ambush\": transforms to combat, enemies have 0 shields round 1, player acts first","duration":0.12460000000010041,"failureMessages":[],"meta":{},"tags":[]},{"ancestorTitles":["resolveEventOption"],"fullName":"resolveEventOption Event 17 good outcome: skip node + gain tech","status":"passed","title":"Event 17 good outcome: skip node + gain tech","duration":0.19369999999980791,"failureMessages":[],"meta":{},"tags":[]},{"ancestorTitles":["resolveEventOption"],"fullName":"resolveEventOption Event 24 good outcome: awards 2 tech","status":"passed","title":"Event 24 good outcome: awards 2 tech","duration":0.10530000000017026,"failureMessages":[],"meta":{},"tags":[]},{"ancestorTitles":["resolveEventOption"],"fullName":"resolveEventOption supports granting a specific weapon from a gated option","status":"passed","title":"supports granting a specific weapon from a gated option","duration":0.757499999999709,"failureMessages":[],"meta":{},"tags":[]},{"ancestorTitles":["resolveEventOption"],"fullName":"resolveEventOption can auto-resolve a gated option success branch without rolling","status":"passed","title":"can auto-resolve a gated option success branch without rolling","duration":0.21439999999984138,"failureMessages":[],"meta":{},"tags":[]},{"ancestorTitles":["resolveEventOption"],"fullName":"resolveEventOption throws for unknown event ID","status":"passed","title":"throws for unknown event ID","duration":0.6736999999993714,"failureMessages":[],"meta":{},"tags":[]},{"ancestorTitles":["resolveEventOption"],"fullName":"resolveEventOption throws for unknown option ID","status":"passed","title":"throws for unknown option ID","duration":0.17489999999997963,"failureMessages":[],"meta":{},"tags":[]},{"ancestorTitles":["event requirements framework"],"fullName":"event requirements framework marks officer-gated options as available when the officer is present","status":"passed","title":"marks officer-gated options as available when the officer is present","duration":0.5837000000001353,"failureMessages":[],"meta":{},"tags":[]},{"ancestorTitles":["event requirements framework"],"fullName":"event requirements framework can hide options when requirements are not met","status":"passed","title":"can hide options when requirements are not met","duration":0.3665000000000873,"failureMessages":[],"meta":{},"tags":[]},{"ancestorTitles":["applyEventResolution"],"fullName":"applyEventResolution adds granted weapons and subsystems to the fleet stash","status":"passed","title":"adds granted weapons and subsystems to the fleet stash","duration":0.801300000000083,"failureMessages":[],"meta":{},"tags":[]},{"ancestorTitles":["applyEventResolution"],"fullName":"applyEventResolution adds pending economic buffs from event outcomes","status":"passed","title":"adds pending economic buffs from event outcomes","duration":0.21939999999995052,"failureMessages":[],"meta":{},"tags":[]},{"ancestorTitles":["purchaseHullPatch"],"fullName":"purchaseHullPatch costs 5 RP and restores 1 hull","status":"passed","title":"costs 5 RP and restores 1 hull","duration":0.2592000000004191,"failureMessages":[],"meta":{},"tags":[]},{"ancestorTitles":["purchaseHullPatch"],"fullName":"purchaseHullPatch costs 3 RP with Smuggler's Manifest","status":"passed","title":"costs 3 RP with Smuggler's Manifest","duration":0.1283000000003085,"failureMessages":[],"meta":{},"tags":[]},{"ancestorTitles":["purchaseHullPatch"],"fullName":"purchaseHullPatch fails if not enough RP","status":"passed","title":"fails if not enough RP","duration":0.09149999999954161,"failureMessages":[],"meta":{},"tags":[]},{"ancestorTitles":["purchaseHullPatch"],"fullName":"purchaseHullPatch fails if ship is already at max hull","status":"passed","title":"fails if ship is already at max hull","duration":0.08060000000023138,"failureMessages":[],"meta":{},"tags":[]},{"ancestorTitles":["scrapItem"],"fullName":"scrapItem gains 15 RP for a scrapped subsystem","status":"passed","title":"gains 15 RP for a scrapped subsystem","duration":0.26080000000001746,"failureMessages":[],"meta":{},"tags":[]},{"ancestorTitles":["scrapItem"],"fullName":"scrapItem gains 15 RP for a scrapped weapon","status":"passed","title":"gains 15 RP for a scrapped weapon","duration":0.19270000000051368,"failureMessages":[],"meta":{},"tags":[]},{"ancestorTitles":["purchasePsychEval"],"fullName":"purchasePsychEval costs 20 RP and removes a Trauma","status":"passed","title":"costs 20 RP and removes a Trauma","duration":0.2842000000000553,"failureMessages":[],"meta":{},"tags":[]},{"ancestorTitles":["purchasePsychEval"],"fullName":"purchasePsychEval fails with insufficient RP","status":"passed","title":"fails with insufficient RP","duration":0.10019999999985885,"failureMessages":[],"meta":{},"tags":[]},{"ancestorTitles":["purchasePsychEval"],"fullName":"purchasePsychEval fails if officer has no traumas","status":"passed","title":"fails if officer has no traumas","duration":0.0842000000002372,"failureMessages":[],"meta":{},"tags":[]},{"ancestorTitles":["purchaseDeepRepair"],"fullName":"purchaseDeepRepair costs 30 RP and removes a Scar","status":"passed","title":"costs 30 RP and removes a Scar","duration":0.21700000000055297,"failureMessages":[],"meta":{},"tags":[]},{"ancestorTitles":["purchaseDeepRepair"],"fullName":"purchaseDeepRepair fails with insufficient RP","status":"passed","title":"fails with insufficient RP","duration":0.10979999999926804,"failureMessages":[],"meta":{},"tags":[]},{"ancestorTitles":["purchaseDeepRepair"],"fullName":"purchaseDeepRepair fails if ship does not have that Scar","status":"passed","title":"fails if ship does not have that Scar","duration":0.07079999999950815,"failureMessages":[],"meta":{},"tags":[]},{"ancestorTitles":["purchaseOfficerTraining"],"fullName":"purchaseOfficerTraining Rookie to Veteran costs 15 RP","status":"passed","title":"Rookie to Veteran costs 15 RP","duration":0.2478000000000975,"failureMessages":[],"meta":{},"tags":[]},{"ancestorTitles":["purchaseOfficerTraining"],"fullName":"purchaseOfficerTraining Veteran to Elite costs 30 RP","status":"passed","title":"Veteran to Elite costs 30 RP","duration":0.12259999999969295,"failureMessages":[],"meta":{},"tags":[]},{"ancestorTitles":["purchaseOfficerTraining"],"fullName":"purchaseOfficerTraining Elite cannot be upgraded at drydock (Legendary is narrative only)","status":"passed","title":"Elite cannot be upgraded at drydock (Legendary is narrative only)","duration":0.07679999999982101,"failureMessages":[],"meta":{},"tags":[]},{"ancestorTitles":["purchaseOfficerTraining"],"fullName":"purchaseOfficerTraining fails with insufficient RP","status":"passed","title":"fails with insufficient RP","duration":0.06959999999980937,"failureMessages":[],"meta":{},"tags":[]},{"ancestorTitles":["generateMarketInventory"],"fullName":"generateMarketInventory draws 3 weapons and 3 subsystems","status":"passed","title":"draws 3 weapons and 3 subsystems","duration":0.4344999999993888,"failureMessages":[],"meta":{},"tags":[]},{"ancestorTitles":["generateMarketInventory"],"fullName":"generateMarketInventory weapons are valid weapon IDs","status":"passed","title":"weapons are valid weapon IDs","duration":0.3437000000003536,"failureMessages":[],"meta":{},"tags":[]},{"ancestorTitles":["generateMarketInventory"],"fullName":"generateMarketInventory never includes event-exclusive items in the standard market","status":"passed","title":"never includes event-exclusive items in the standard market","duration":0.2371000000002823,"failureMessages":[],"meta":{},"tags":[]},{"ancestorTitles":["advanceToNextSector"],"fullName":"advanceToNextSector sector 1 → 2 is not a campaign victory","status":"passed","title":"sector 1 → 2 is not a campaign victory","duration":0.17919999999958236,"failureMessages":[],"meta":{},"tags":[]},{"ancestorTitles":["advanceToNextSector"],"fullName":"advanceToNextSector sector 2 → 3 is not a campaign victory","status":"passed","title":"sector 2 → 3 is not a campaign victory","duration":0.07690000000002328,"failureMessages":[],"meta":{},"tags":[]},{"ancestorTitles":["advanceToNextSector"],"fullName":"advanceToNextSector completing sector 3 triggers campaign victory","status":"passed","title":"completing sector 3 triggers campaign victory","duration":0.06150000000070577,"failureMessages":[],"meta":{},"tags":[]},{"ancestorTitles":["checkTotalWipe"],"fullName":"checkTotalWipe all ships destroyed → total wipe","status":"passed","title":"all ships destroyed → total wipe","duration":0.14110000000073342,"failureMessages":[],"meta":{},"tags":[]},{"ancestorTitles":["checkTotalWipe"],"fullName":"checkTotalWipe one ship surviving → not a wipe","status":"passed","title":"one ship surviving → not a wipe","duration":0.07449999999971624,"failureMessages":[],"meta":{},"tags":[]},{"ancestorTitles":["checkTotalWipe"],"fullName":"checkTotalWipe empty fleet → wipe (edge case)","status":"passed","title":"empty fleet → wipe (edge case)","duration":0.07999999999992724,"failureMessages":[],"meta":{},"tags":[]},{"ancestorTitles":["applyShipReplacement"],"fullName":"applyShipReplacement rebuilds a destroyed ship with a Vanguard and rookie officers","status":"passed","title":"rebuilds a destroyed ship with a Vanguard and rookie officers","duration":0.4826999999995678,"failureMessages":[],"meta":{},"tags":[]}],"startTime":1777158715983,"endTime":1777158716001.4827,"status":"passed","message":"","name":"C:/Users/Adam/Dropbox/Documents/homework/Personal Projects/Chain of Command Game/app/src/engine/campaignEngine.test.ts"},{"assertionResults":[{"ancestorTitles":["combat engine"],"fullName":"combat engine calculateTN computes correct target number","status":"passed","title":"calculateTN computes correct target number","duration":1.2608000000000175,"failureMessages":[],"meta":{},"tags":[]},{"ancestorTitles":["combat engine"],"fullName":"combat engine assembleVolleyPool combines weapon and tactical officer die","status":"passed","title":"assembleVolleyPool combines weapon and tactical officer die","duration":0.7786999999998443,"failureMessages":[],"meta":{},"tags":[]},{"ancestorTitles":["combat engine"],"fullName":"combat engine assembleVolleyPool upgrades one die when upgradeOneDie is true","status":"passed","title":"assembleVolleyPool upgrades one die when upgradeOneDie is true","duration":0.2794999999996435,"failureMessages":[],"meta":{},"tags":[]},{"ancestorTitles":["combat engine"],"fullName":"combat engine resolveAttack correctly applies hits, shields, and armor","status":"passed","title":"resolveAttack correctly applies hits, shields, and armor","duration":1.0603000000000975,"failureMessages":[],"meta":{},"tags":[]},{"ancestorTitles":["combat engine"],"fullName":"combat engine resolveAttack bypasses armor for target-painted volleys","status":"passed","title":"resolveAttack bypasses armor for target-painted volleys","duration":0.3830000000007203,"failureMessages":[],"meta":{},"tags":[]},{"ancestorTitles":["combat engine"],"fullName":"combat engine resolveAttack converts one standard hit into a crit when tachyon strike is active","status":"passed","title":"resolveAttack converts one standard hit into a crit when tachyon strike is active","duration":0.17959999999948195,"failureMessages":[],"meta":{},"tags":[]},{"ancestorTitles":["combat engine"],"fullName":"combat engine applies the full fighter vulnerability modifier to point defense attacks","status":"passed","title":"applies the full fighter vulnerability modifier to point defense attacks","duration":0.13609999999971478,"failureMessages":[],"meta":{},"tags":[]},{"ancestorTitles":["combat engine"],"fullName":"combat engine applies the fighter vulnerability modifier to flak attacks","status":"passed","title":"applies the fighter vulnerability modifier to flak attacks","duration":0.15819999999985157,"failureMessages":[],"meta":{},"tags":[]},{"ancestorTitles":["combat engine"],"fullName":"combat engine does not apply the small-craft tracking modifier to non-fighter small ships","status":"passed","title":"does not apply the small-craft tracking modifier to non-fighter small ships","duration":0.2187999999996464,"failureMessages":[],"meta":{},"tags":[]}],"startTime":1777158721064,"endTime":1777158721068.383,"status":"passed","message":"","name":"C:/Users/Adam/Dropbox/Documents/homework/Personal Projects/Chain of Command Game/app/src/engine/combat.test.ts"},{"assertionResults":[{"ancestorTitles":["combat engine Spoofed Fire Control"],"fullName":"combat engine Spoofed Fire Control resolveAttack passes spoofedFireControlActive to rollVolley","status":"passed","title":"resolveAttack passes spoofedFireControlActive to rollVolley","duration":2.8905000000004293,"failureMessages":[],"meta":{},"tags":[]},{"ancestorTitles":["combat engine Spoofed Fire Control"],"fullName":"combat engine Spoofed Fire Control resolveAttack fixes the critThresholdOverride bug","status":"passed","title":"resolveAttack fixes the critThresholdOverride bug","duration":0.6015999999999622,"failureMessages":[],"meta":{},"tags":[]}],"startTime":1777158722055,"endTime":1777158722058.6016,"status":"passed","message":"","name":"C:/Users/Adam/Dropbox/Documents/homework/Personal Projects/Chain of Command Game/app/src/engine/combat_spoof.test.ts"},{"assertionResults":[{"ancestorTitles":["GameStateMachine — checkGameOverConditions","Universal Conditions"],"fullName":"GameStateMachine — checkGameOverConditions Universal Conditions triggers defeat if Fleet Favor is <= -5","status":"passed","title":"triggers defeat if Fleet Favor is <= -5","duration":1.7713000000003376,"failureMessages":[],"meta":{},"tags":[]},{"ancestorTitles":["GameStateMachine — checkGameOverConditions","Universal Conditions"],"fullName":"GameStateMachine — checkGameOverConditions Universal Conditions triggers defeat if round limit is exceeded","status":"passed","title":"triggers defeat if round limit is exceeded","duration":0.2991999999994732,"failureMessages":[],"meta":{},"tags":[]},{"ancestorTitles":["GameStateMachine — checkGameOverConditions","Universal Conditions"],"fullName":"GameStateMachine — checkGameOverConditions Universal Conditions triggers defeat if all player ships are destroyed","status":"passed","title":"triggers defeat if all player ships are destroyed","duration":0.2790000000004511,"failureMessages":[],"meta":{},"tags":[]},{"ancestorTitles":["GameStateMachine — checkGameOverConditions","Universal Conditions"],"fullName":"GameStateMachine — checkGameOverConditions Universal Conditions triggers defeat if all player ships have retreated without winning","status":"passed","title":"triggers defeat if all player ships have retreated without winning","duration":0.2901000000001659,"failureMessages":[],"meta":{},"tags":[]},{"ancestorTitles":["GameStateMachine — checkGameOverConditions","Search & Destroy"],"fullName":"GameStateMachine — checkGameOverConditions Search & Destroy wins when all enemies are destroyed","status":"passed","title":"wins when all enemies are destroyed","duration":0.2992000000003827,"failureMessages":[],"meta":{},"tags":[]},{"ancestorTitles":["GameStateMachine — checkGameOverConditions","Assassination"],"fullName":"GameStateMachine — checkGameOverConditions Assassination wins when the flagship is destroyed","status":"passed","title":"wins when the flagship is destroyed","duration":0.23220000000037544,"failureMessages":[],"meta":{},"tags":[]},{"ancestorTitles":["GameStateMachine — checkGameOverConditions","Assassination"],"fullName":"GameStateMachine — checkGameOverConditions Assassination continues if only regular escorts are destroyed","status":"passed","title":"continues if only regular escorts are destroyed","duration":0.20740000000023429,"failureMessages":[],"meta":{},"tags":[]},{"ancestorTitles":["GameStateMachine — checkGameOverConditions","Breakout"],"fullName":"GameStateMachine — checkGameOverConditions Breakout wins when 50% of fleet escapes via zone (2 ships, 1 needed)","status":"passed","title":"wins when 50% of fleet escapes via zone (2 ships, 1 needed)","duration":0.2316000000000713,"failureMessages":[],"meta":{},"tags":[]},{"ancestorTitles":["GameStateMachine — checkGameOverConditions","Breakout"],"fullName":"GameStateMachine — checkGameOverConditions Breakout continues if ships warped out but NOT enough via zone","status":"passed","title":"continues if ships warped out but NOT enough via zone","duration":0.23439999999936845,"failureMessages":[],"meta":{},"tags":[]},{"ancestorTitles":["GameStateMachine — checkGameOverConditions","Breakout"],"fullName":"GameStateMachine — checkGameOverConditions Breakout triggers defeat if last ship on board retreats/dies without meeting goal","status":"passed","title":"triggers defeat if last ship on board retreats/dies without meeting goal","duration":0.2687999999998283,"failureMessages":[],"meta":{},"tags":[]},{"ancestorTitles":["GameStateMachine — checkGameOverConditions","Data Siphon"],"fullName":"GameStateMachine — checkGameOverConditions Data Siphon wins when all 3 relays are siphoned","status":"passed","title":"wins when all 3 relays are siphoned","duration":0.15899999999965075,"failureMessages":[],"meta":{},"tags":[]},{"ancestorTitles":["GameStateMachine — checkGameOverConditions","Data Siphon"],"fullName":"GameStateMachine — checkGameOverConditions Data Siphon continues if only 2 relays are siphoned","status":"passed","title":"continues if only 2 relays are siphoned","duration":0.13700000000062573,"failureMessages":[],"meta":{},"tags":[]},{"ancestorTitles":["GameStateMachine — checkGameOverConditions","Hold the Line"],"fullName":"GameStateMachine — checkGameOverConditions Hold the Line wins at the end of Round 6 if player still has ships","status":"passed","title":"wins at the end of Round 6 if player still has ships","duration":0.17399999999997817,"failureMessages":[],"meta":{},"tags":[]},{"ancestorTitles":["GameStateMachine — checkGameOverConditions","Hold the Line"],"fullName":"GameStateMachine — checkGameOverConditions Hold the Line continues during Round 1-5","status":"passed","title":"continues during Round 1-5","duration":0.11179999999967549,"failureMessages":[],"meta":{},"tags":[]},{"ancestorTitles":["GameStateMachine — checkGameOverConditions","Salvage Run"],"fullName":"GameStateMachine — checkGameOverConditions Salvage Run wins when 3 crates collected AND at least one ship warped out","status":"passed","title":"wins when 3 crates collected AND at least one ship warped out","duration":0.1588000000001557,"failureMessages":[],"meta":{},"tags":[]},{"ancestorTitles":["GameStateMachine — checkGameOverConditions","Salvage Run"],"fullName":"GameStateMachine — checkGameOverConditions Salvage Run continues if 3 crates collected but no ships jumped yet","status":"passed","title":"continues if 3 crates collected but no ships jumped yet","duration":0.08629999999993743,"failureMessages":[],"meta":{},"tags":[]},{"ancestorTitles":["GameStateMachine — checkGameOverConditions","Handcrafted Scenarios"],"fullName":"GameStateMachine — checkGameOverConditions Handcrafted Scenarios wins \"Ambush at Kaelen-IV\" when Comms Array is destroyed","status":"passed","title":"wins \"Ambush at Kaelen-IV\" when Comms Array is destroyed","duration":0.1801000000004933,"failureMessages":[],"meta":{},"tags":[]}],"startTime":1777158722055,"endTime":1777158722060.1802,"status":"passed","message":"","name":"C:/Users/Adam/Dropbox/Documents/homework/Personal Projects/Chain of Command Game/app/src/engine/GameStateMachine.test.ts"},{"assertionResults":[{"ancestorTitles":["hexGrid"],"fullName":"hexGrid hexDistance computes correctly","status":"passed","title":"hexDistance computes correctly","duration":1.069300000000112,"failureMessages":[],"meta":{},"tags":[]},{"ancestorTitles":["hexGrid"],"fullName":"hexGrid getRangeBand returns correct bands","status":"passed","title":"getRangeBand returns correct bands","duration":0.16020000000025902,"failureMessages":[],"meta":{},"tags":[]},{"ancestorTitles":["hexGrid"],"fullName":"hexGrid hexNeighbor returns correct neighbor","status":"passed","title":"hexNeighbor returns correct neighbor","duration":0.4873999999999796,"failureMessages":[],"meta":{},"tags":[]},{"ancestorTitles":["hexGrid"],"fullName":"hexGrid computeDriftPath returns correct path","status":"passed","title":"computeDriftPath returns correct path","duration":0.17860000000018772,"failureMessages":[],"meta":{},"tags":[]},{"ancestorTitles":["hexGrid"],"fullName":"hexGrid determineStruckShieldSector calculates correctly","status":"passed","title":"determineStruckShieldSector calculates correctly","duration":0.16849999999976717,"failureMessages":[],"meta":{},"tags":[]},{"ancestorTitles":["hexGrid"],"fullName":"hexGrid checkLineOfSight detects blocking terrain","status":"passed","title":"checkLineOfSight detects blocking terrain","duration":0.2930999999998676,"failureMessages":[],"meta":{},"tags":[]},{"ancestorTitles":["hexGrid"],"fullName":"hexGrid checkLineOfSight ignores non-blocking terrain","status":"passed","title":"checkLineOfSight ignores non-blocking terrain","duration":0.14170000000012806,"failureMessages":[],"meta":{},"tags":[]}],"startTime":1777158722119,"endTime":1777158722121.2932,"status":"passed","message":"","name":"C:/Users/Adam/Dropbox/Documents/homework/Personal Projects/Chain of Command Game/app/src/engine/hexGrid.test.ts"},{"assertionResults":[{"ancestorTitles":["generateSectorMap - 15-tier structure"],"fullName":"generateSectorMap - 15-tier structure maxLayer is 14 (15 total tiers: 0-14)","status":"passed","title":"maxLayer is 14 (15 total tiers: 0-14)","duration":3.1906999999991967,"failureMessages":[],"meta":{},"tags":[]},{"ancestorTitles":["generateSectorMap - 15-tier structure"],"fullName":"generateSectorMap - 15-tier structure has exactly one Start node at layer 0","status":"passed","title":"has exactly one Start node at layer 0","duration":1.4738999999999578,"failureMessages":[],"meta":{},"tags":[]},{"ancestorTitles":["generateSectorMap - 15-tier structure"],"fullName":"generateSectorMap - 15-tier structure has exactly one Boss node at layer 14","status":"passed","title":"has exactly one Boss node at layer 14","duration":0.7097999999996318,"failureMessages":[],"meta":{},"tags":[]},{"ancestorTitles":["generateSectorMap - 15-tier structure"],"fullName":"generateSectorMap - 15-tier structure has exactly 3 Haven nodes (at tiers 4, 8, 12)","status":"passed","title":"has exactly 3 Haven nodes (at tiers 4, 8, 12)","duration":1.3046000000003914,"failureMessages":[],"meta":{},"tags":[]},{"ancestorTitles":["generateSectorMap - 15-tier structure"],"fullName":"generateSectorMap - 15-tier structure haven tiers keep alternate non-market routes","status":"passed","title":"haven tiers keep alternate non-market routes","duration":1.418800000000374,"failureMessages":[],"meta":{},"tags":[]},{"ancestorTitles":["generateSectorMap - 15-tier structure"],"fullName":"generateSectorMap - 15-tier structure has at least 2 Elite nodes in the middle tiers","status":"passed","title":"has at least 2 Elite nodes in the middle tiers","duration":0.5361000000002605,"failureMessages":[],"meta":{},"tags":[]},{"ancestorTitles":["generateSectorMap - 15-tier structure"],"fullName":"generateSectorMap - 15-tier structure no Elite nodes appear at tier 1 (protected first step)","status":"passed","title":"no Elite nodes appear at tier 1 (protected first step)","duration":0.4317000000000917,"failureMessages":[],"meta":{},"tags":[]},{"ancestorTitles":["generateSectorMap - 15-tier structure"],"fullName":"generateSectorMap - 15-tier structure has at least 3 Event nodes per map","status":"passed","title":"has at least 3 Event nodes per map","duration":0.47410000000036234,"failureMessages":[],"meta":{},"tags":[]},{"ancestorTitles":["generateSectorMap - 15-tier structure"],"fullName":"generateSectorMap - 15-tier structure all paths point forward only (layer n -> layer n+1)","status":"passed","title":"all paths point forward only (layer n -> layer n+1)","duration":2.0435999999999694,"failureMessages":[],"meta":{},"tags":[]},{"ancestorTitles":["generateSectorMap - 15-tier structure"],"fullName":"generateSectorMap - 15-tier structure every non-start node has at least one incoming connection (no orphans)","status":"passed","title":"every non-start node has at least one incoming connection (no orphans)","duration":1.0958000000000538,"failureMessages":[],"meta":{},"tags":[]},{"ancestorTitles":["generateSectorMap - 15-tier structure"],"fullName":"generateSectorMap - 15-tier structure every non-boss node has at least one outgoing path","status":"passed","title":"every non-boss node has at least one outgoing path","duration":0.967000000000553,"failureMessages":[],"meta":{},"tags":[]},{"ancestorTitles":["generateSectorMap - 15-tier structure"],"fullName":"generateSectorMap - 15-tier structure all middle tiers (1-13) have 2-4 nodes each","status":"passed","title":"all middle tiers (1-13) have 2-4 nodes each","duration":0.7686000000003332,"failureMessages":[],"meta":{},"tags":[]},{"ancestorTitles":["generateSectorMap - 15-tier structure"],"fullName":"generateSectorMap - 15-tier structure market tiers are not mandatory funnels from the previous layer","status":"passed","title":"market tiers are not mandatory funnels from the previous layer","duration":1.4846000000006825,"failureMessages":[],"meta":{},"tags":[]},{"ancestorTitles":["generateSectorMap - 15-tier structure"],"fullName":"generateSectorMap - 15-tier structure is deterministic for the same seed","status":"passed","title":"is deterministic for the same seed","duration":0.8032999999995809,"failureMessages":[],"meta":{},"tags":[]},{"ancestorTitles":["generateSectorMap - 15-tier structure"],"fullName":"generateSectorMap - 15-tier structure different seeds produce different maps","status":"passed","title":"different seeds produce different maps","duration":0.947400000000016,"failureMessages":[],"meta":{},"tags":[]}],"startTime":1777158715809,"endTime":1777158715826.9475,"status":"passed","message":"","name":"C:/Users/Adam/Dropbox/Documents/homework/Personal Projects/Chain of Command Game/app/src/engine/mapGenerator.test.ts"},{"assertionResults":[{"ancestorTitles":["movement engine"],"fullName":"movement engine executeDrift moves the ship cleanly in open space","status":"passed","title":"executeDrift moves the ship cleanly in open space","duration":3.6685999999999694,"failureMessages":[],"meta":{},"tags":[]},{"ancestorTitles":["movement engine"],"fullName":"movement engine executeDrift Halts and damages on collision","status":"passed","title":"executeDrift Halts and damages on collision","duration":0.6700000000000728,"failureMessages":[],"meta":{},"tags":[]},{"ancestorTitles":["movement engine"],"fullName":"movement engine executeDrift Halts on asteroids (ship enters asteroid hex)","status":"passed","title":"executeDrift Halts on asteroids (ship enters asteroid hex)","duration":0.6590000000005602,"failureMessages":[],"meta":{},"tags":[]},{"ancestorTitles":["movement engine"],"fullName":"movement engine rotateShip rotates correctly","status":"passed","title":"rotateShip rotates correctly","duration":0.16039999999975407,"failureMessages":[],"meta":{},"tags":[]},{"ancestorTitles":["movement engine"],"fullName":"movement engine adjustSpeed clamps correctly","status":"passed","title":"adjustSpeed clamps correctly","duration":0.201799999999821,"failureMessages":[],"meta":{},"tags":[]},{"ancestorTitles":["movement engine"],"fullName":"movement engine canOccupyHex allows small craft stacking up to 3","status":"passed","title":"canOccupyHex allows small craft stacking up to 3","duration":0.2569999999996071,"failureMessages":[],"meta":{},"tags":[]}],"startTime":1777158722060,"endTime":1777158722065.257,"status":"passed","message":"","name":"C:/Users/Adam/Dropbox/Documents/homework/Personal Projects/Chain of Command Game/app/src/engine/movement.test.ts"},{"assertionResults":[{"ancestorTitles":["getCombatScenarioProgress"],"fullName":"getCombatScenarioProgress tracks the default search and destroy objective","status":"passed","title":"tracks the default search and destroy objective","duration":1.4029999999993379,"failureMessages":[],"meta":{},"tags":[]},{"ancestorTitles":["getCombatScenarioProgress"],"fullName":"getCombatScenarioProgress tracks breakout escape progress against surviving ships","status":"passed","title":"tracks breakout escape progress against surviving ships","duration":0.23139999999966676,"failureMessages":[],"meta":{},"tags":[]},{"ancestorTitles":["getCombatScenarioProgress"],"fullName":"getCombatScenarioProgress lists each data siphon relay separately","status":"passed","title":"lists each data siphon relay separately","duration":6.7391999999999825,"failureMessages":[],"meta":{},"tags":[]},{"ancestorTitles":["getCombatScenarioProgress"],"fullName":"getCombatScenarioProgress lists each salvage crate and the warp-out requirement","status":"passed","title":"lists each salvage crate and the warp-out requirement","duration":0.564499999999498,"failureMessages":[],"meta":{},"tags":[]},{"ancestorTitles":["getCombatScenarioProgress"],"fullName":"getCombatScenarioProgress tracks the handcrafted comms-array objective","status":"passed","title":"tracks the handcrafted comms-array objective","duration":0.8894000000000233,"failureMessages":[],"meta":{},"tags":[]}],"startTime":1777158720895,"endTime":1777158720904.8894,"status":"passed","message":"","name":"C:/Users/Adam/Dropbox/Documents/homework/Personal Projects/Chain of Command Game/app/src/engine/scenarioProgress.test.ts"},{"assertionResults":[{"ancestorTitles":["stress system"],"fullName":"stress system applyStress increases stress safely","status":"passed","title":"applyStress increases stress safely","duration":0.8987999999999374,"failureMessages":[],"meta":{},"tags":[]},{"ancestorTitles":["stress system"],"fullName":"stress system applyStress allows stress to exceed limit without triggering fumble","status":"passed","title":"applyStress allows stress to exceed limit without triggering fumble","duration":0.1384000000002743,"failureMessages":[],"meta":{},"tags":[]},{"ancestorTitles":["stress system"],"fullName":"stress system canOfficerAct prevents acting if locked","status":"passed","title":"canOfficerAct prevents acting if locked","duration":0.11740000000008877,"failureMessages":[],"meta":{},"tags":[]},{"ancestorTitles":["stress system"],"fullName":"stress system calculateStressRecovery computes correctly","status":"passed","title":"calculateStressRecovery computes correctly","duration":0.13400000000001455,"failureMessages":[],"meta":{},"tags":[]}],"startTime":1777158723355,"endTime":1777158723356.1384,"status":"passed","message":"","name":"C:/Users/Adam/Dropbox/Documents/homework/Personal Projects/Chain of Command Game/app/src/engine/stress.test.ts"},{"assertionResults":[{"ancestorTitles":["applyPlasmaAccelerators"],"fullName":"applyPlasmaAccelerators increases range max by 1 for non-ordnance weapons","status":"passed","title":"increases range max by 1 for non-ordnance weapons","duration":1.3845000000001164,"failureMessages":[],"meta":{},"tags":[]},{"ancestorTitles":["applyPlasmaAccelerators"],"fullName":"applyPlasmaAccelerators does NOT increase range for ordnance (torpedo) weapons","status":"passed","title":"does NOT increase range for ordnance (torpedo) weapons","duration":0.18179999999938445,"failureMessages":[],"meta":{},"tags":[]},{"ancestorTitles":["applyPlasmaAccelerators"],"fullName":"applyPlasmaAccelerators preserves Infinity range for board-wide weapons","status":"passed","title":"preserves Infinity range for board-wide weapons","duration":0.14480000000003201,"failureMessages":[],"meta":{},"tags":[]},{"ancestorTitles":["applyPlasmaAccelerators"],"fullName":"applyPlasmaAccelerators has no effect without the tech","status":"passed","title":"has no effect without the tech","duration":0.12890000000061264,"failureMessages":[],"meta":{},"tags":[]},{"ancestorTitles":["applyPlasmaAccelerators"],"fullName":"applyPlasmaAccelerators has no effect if tech is consumed","status":"passed","title":"has no effect if tech is consumed","duration":0.1264999999993961,"failureMessages":[],"meta":{},"tags":[]},{"ancestorTitles":["canRerollVoidGlass"],"fullName":"canRerollVoidGlass allows reroll when tactical die rolled exactly 1","status":"passed","title":"allows reroll when tactical die rolled exactly 1","duration":0.11570000000028813,"failureMessages":[],"meta":{},"tags":[]},{"ancestorTitles":["canRerollVoidGlass"],"fullName":"canRerollVoidGlass does NOT allow reroll for results other than 1","status":"passed","title":"does NOT allow reroll for results other than 1","duration":0.10600000000067666,"failureMessages":[],"meta":{},"tags":[]},{"ancestorTitles":["canRerollVoidGlass"],"fullName":"canRerollVoidGlass has no effect without the tech","status":"passed","title":"has no effect without the tech","duration":0.10159999999996217,"failureMessages":[],"meta":{},"tags":[]},{"ancestorTitles":["getKineticSiphonShieldRestore"],"fullName":"getKineticSiphonShieldRestore restores 1 shield per sector when killing a medium ship","status":"passed","title":"restores 1 shield per sector when killing a medium ship","duration":0.19470000000001164,"failureMessages":[],"meta":{},"tags":[]},{"ancestorTitles":["getKineticSiphonShieldRestore"],"fullName":"getKineticSiphonShieldRestore restores 1 shield per sector when killing a large ship","status":"passed","title":"restores 1 shield per sector when killing a large ship","duration":0.14350000000013097,"failureMessages":[],"meta":{},"tags":[]},{"ancestorTitles":["getKineticSiphonShieldRestore"],"fullName":"getKineticSiphonShieldRestore does NOT trigger on small craft kills","status":"passed","title":"does NOT trigger on small craft kills","duration":0.10960000000068248,"failureMessages":[],"meta":{},"tags":[]},{"ancestorTitles":["getKineticSiphonShieldRestore"],"fullName":"getKineticSiphonShieldRestore has no effect without the tech","status":"passed","title":"has no effect without the tech","duration":0.04899999999997817,"failureMessages":[],"meta":{},"tags":[]},{"ancestorTitles":["canUseTachyonMatrix"],"fullName":"canUseTachyonMatrix permits conversion if not yet used this scenario","status":"passed","title":"permits conversion if not yet used this scenario","duration":0.056300000000192085,"failureMessages":[],"meta":{},"tags":[]},{"ancestorTitles":["canUseTachyonMatrix"],"fullName":"canUseTachyonMatrix does NOT permit second use in same scenario","status":"passed","title":"does NOT permit second use in same scenario","duration":0.056599999999889405,"failureMessages":[],"meta":{},"tags":[]},{"ancestorTitles":["canUseTachyonMatrix"],"fullName":"canUseTachyonMatrix has no effect without the tech","status":"passed","title":"has no effect without the tech","duration":0.042599999999765714,"failureMessages":[],"meta":{},"tags":[]},{"ancestorTitles":["applyInertialDampeners"],"fullName":"applyInertialDampeners negates first collision for a ship","status":"passed","title":"negates first collision for a ship","duration":0.09200000000055297,"failureMessages":[],"meta":{},"tags":[]},{"ancestorTitles":["applyInertialDampeners"],"fullName":"applyInertialDampeners does NOT negate second collision for same ship","status":"passed","title":"does NOT negate second collision for same ship","duration":0.04719999999997526,"failureMessages":[],"meta":{},"tags":[]},{"ancestorTitles":["applyInertialDampeners"],"fullName":"applyInertialDampeners negates for different ship independently","status":"passed","title":"negates for different ship independently","duration":0.05709999999999127,"failureMessages":[],"meta":{},"tags":[]},{"ancestorTitles":["applyInertialDampeners"],"fullName":"applyInertialDampeners has no effect without the tech","status":"passed","title":"has no effect without the tech","duration":0.06599999999980355,"failureMessages":[],"meta":{},"tags":[]},{"ancestorTitles":["applyHardLightPlating"],"fullName":"applyHardLightPlating reduces first hull damage by 1 for a ship","status":"passed","title":"reduces first hull damage by 1 for a ship","duration":0.19689999999991414,"failureMessages":[],"meta":{},"tags":[]},{"ancestorTitles":["applyHardLightPlating"],"fullName":"applyHardLightPlating does NOT trigger a second time for same ship","status":"passed","title":"does NOT trigger a second time for same ship","duration":0.14980000000014115,"failureMessages":[],"meta":{},"tags":[]},{"ancestorTitles":["applyHardLightPlating"],"fullName":"applyHardLightPlating reduces 1-point damage to 0 (floor at 0)","status":"passed","title":"reduces 1-point damage to 0 (floor at 0)","duration":0.11089999999967404,"failureMessages":[],"meta":{},"tags":[]},{"ancestorTitles":["applyHardLightPlating"],"fullName":"applyHardLightPlating has no effect without the tech","status":"passed","title":"has no effect without the tech","duration":0.20859999999993306,"failureMessages":[],"meta":{},"tags":[]},{"ancestorTitles":["applyRecycledCoolant"],"fullName":"applyRecycledCoolant reduces fatigue penalty by 1 when not yet used","status":"passed","title":"reduces fatigue penalty by 1 when not yet used","duration":0.10929999999916618,"failureMessages":[],"meta":{},"tags":[]},{"ancestorTitles":["applyRecycledCoolant"],"fullName":"applyRecycledCoolant does NOT reduce when already used this round","status":"passed","title":"does NOT reduce when already used this round","duration":0.04860000000007858,"failureMessages":[],"meta":{},"tags":[]},{"ancestorTitles":["applyRecycledCoolant"],"fullName":"applyRecycledCoolant has no effect when fatigue penalty is 0","status":"passed","title":"has no effect when fatigue penalty is 0","duration":0.04629999999997381,"failureMessages":[],"meta":{},"tags":[]},{"ancestorTitles":["applyRecycledCoolant"],"fullName":"applyRecycledCoolant has no effect without the tech","status":"passed","title":"has no effect without the tech","duration":0.049200000000382715,"failureMessages":[],"meta":{},"tags":[]},{"ancestorTitles":["applyAutoDocOverride"],"fullName":"applyAutoDocOverride negates trauma and signals consumption","status":"passed","title":"negates trauma and signals consumption","duration":0.07570000000032451,"failureMessages":[],"meta":{},"tags":[]},{"ancestorTitles":["applyAutoDocOverride"],"fullName":"applyAutoDocOverride has no effect without the tech","status":"passed","title":"has no effect without the tech","duration":0.06750000000010914,"failureMessages":[],"meta":{},"tags":[]},{"ancestorTitles":["applyAutoDocOverride"],"fullName":"applyAutoDocOverride has no effect when already consumed","status":"passed","title":"has no effect when already consumed","duration":0.05209999999988213,"failureMessages":[],"meta":{},"tags":[]},{"ancestorTitles":["getAdmiralBlackBoxFF"],"fullName":"getAdmiralBlackBoxFF returns +1 FF at combat start when owned","status":"passed","title":"returns +1 FF at combat start when owned","duration":0.07849999999962165,"failureMessages":[],"meta":{},"tags":[]},{"ancestorTitles":["getAdmiralBlackBoxFF"],"fullName":"getAdmiralBlackBoxFF returns 0 without the tech","status":"passed","title":"returns 0 without the tech","duration":0.0500000000001819,"failureMessages":[],"meta":{},"tags":[]},{"ancestorTitles":["getSalvagerDronesRP"],"fullName":"getSalvagerDronesRP grants +5 RP for small craft kill","status":"passed","title":"grants +5 RP for small craft kill","duration":0.12910000000010768,"failureMessages":[],"meta":{},"tags":[]},{"ancestorTitles":["getSalvagerDronesRP"],"fullName":"getSalvagerDronesRP grants 0 RP for medium ship kill","status":"passed","title":"grants 0 RP for medium ship kill","duration":0.1778999999996813,"failureMessages":[],"meta":{},"tags":[]},{"ancestorTitles":["getSalvagerDronesRP"],"fullName":"getSalvagerDronesRP grants 0 RP for large ship kill","status":"passed","title":"grants 0 RP for large ship kill","duration":0.09490000000005239,"failureMessages":[],"meta":{},"tags":[]},{"ancestorTitles":["getSalvagerDronesRP"],"fullName":"getSalvagerDronesRP has no effect without the tech","status":"passed","title":"has no effect without the tech","duration":0.07799999999951979,"failureMessages":[],"meta":{},"tags":[]},{"ancestorTitles":["shouldRevealEliteAndEventNodes"],"fullName":"shouldRevealEliteAndEventNodes returns true with Hegemony Encryption Key","status":"passed","title":"returns true with Hegemony Encryption Key","duration":0.09049999999933789,"failureMessages":[],"meta":{},"tags":[]},{"ancestorTitles":["shouldRevealEliteAndEventNodes"],"fullName":"shouldRevealEliteAndEventNodes returns false without the tech","status":"passed","title":"returns false without the tech","duration":0.06639999999970314,"failureMessages":[],"meta":{},"tags":[]},{"ancestorTitles":["getStimInjectorBonus"],"fullName":"getStimInjectorBonus returns +1 max stress with the tech","status":"passed","title":"returns +1 max stress with the tech","duration":0.09360000000015134,"failureMessages":[],"meta":{},"tags":[]},{"ancestorTitles":["getStimInjectorBonus"],"fullName":"getStimInjectorBonus returns 0 without the tech","status":"passed","title":"returns 0 without the tech","duration":0.063600000000406,"failureMessages":[],"meta":{},"tags":[]},{"ancestorTitles":["canUseAstroCaf"],"fullName":"canUseAstroCaf available when ship took no hull damage","status":"passed","title":"available when ship took no hull damage","duration":0.08389999999963038,"failureMessages":[],"meta":{},"tags":[]},{"ancestorTitles":["canUseAstroCaf"],"fullName":"canUseAstroCaf NOT available when ship took hull damage","status":"passed","title":"NOT available when ship took hull damage","duration":0.06970000000001164,"failureMessages":[],"meta":{},"tags":[]},{"ancestorTitles":["canUseAstroCaf"],"fullName":"canUseAstroCaf has no effect without the tech","status":"passed","title":"has no effect without the tech","duration":0.06390000000010332,"failureMessages":[],"meta":{},"tags":[]},{"ancestorTitles":["getNeuralLinkCT"],"fullName":"getNeuralLinkCT grants +1 CT for action costing 3+ stress","status":"passed","title":"grants +1 CT for action costing 3+ stress","duration":0.12510000000020227,"failureMessages":[],"meta":{},"tags":[]},{"ancestorTitles":["getNeuralLinkCT"],"fullName":"getNeuralLinkCT grants 0 CT for action costing less than 3 stress","status":"passed","title":"grants 0 CT for action costing less than 3 stress","duration":0.09420000000045547,"failureMessages":[],"meta":{},"tags":[]},{"ancestorTitles":["getNeuralLinkCT"],"fullName":"getNeuralLinkCT has no effect without the tech","status":"passed","title":"has no effect without the tech","duration":0.07639999999992142,"failureMessages":[],"meta":{},"tags":[]}],"startTime":1777158721235,"endTime":1777158721241.125,"status":"passed","message":"","name":"C:/Users/Adam/Dropbox/Documents/homework/Personal Projects/Chain of Command Game/app/src/engine/techEffects.test.ts"},{"assertionResults":[{"ancestorTitles":["diceRoller"],"fullName":"diceRoller rollDie returns a number between 1 and max","status":"passed","title":"rollDie returns a number between 1 and max","duration":2.123199999999997,"failureMessages":[],"meta":{},"tags":[]},{"ancestorTitles":["diceRoller"],"fullName":"diceRoller rollDieExploding registers a hit if above TN","status":"passed","title":"rollDieExploding registers a hit if above TN","duration":1.7920999999996639,"failureMessages":[],"meta":{},"tags":[]},{"ancestorTitles":["diceRoller"],"fullName":"diceRoller rollDieExploding explodes on max value","status":"passed","title":"rollDieExploding explodes on max value","duration":0.5336999999999534,"failureMessages":[],"meta":{},"tags":[]},{"ancestorTitles":["diceRoller"],"fullName":"diceRoller countHits counts all rolls that meet TN","status":"passed","title":"countHits counts all rolls that meet TN","duration":0.22210000000086438,"failureMessages":[],"meta":{},"tags":[]},{"ancestorTitles":["diceRoller"],"fullName":"diceRoller rollSkillProc applies the rookie gate to criticals","status":"passed","title":"rollSkillProc applies the rookie gate to criticals","duration":0.32180000000062137,"failureMessages":[],"meta":{},"tags":[]},{"ancestorTitles":["diceRoller"],"fullName":"diceRoller rollOfficerSkillProc allows veteran officers to crit on max","status":"passed","title":"rollOfficerSkillProc allows veteran officers to crit on max","duration":0.4107000000003609,"failureMessages":[],"meta":{},"tags":[]},{"ancestorTitles":["diceRoller"],"fullName":"diceRoller rollVolley rerolls a tactical die that opens on exactly 1","status":"passed","title":"rollVolley rerolls a tactical die that opens on exactly 1","duration":1.4301000000004933,"failureMessages":[],"meta":{},"tags":[]},{"ancestorTitles":["diceRoller"],"fullName":"diceRoller stepUpDie steps up correctly","status":"passed","title":"stepUpDie steps up correctly","duration":0.29359999999996944,"failureMessages":[],"meta":{},"tags":[]},{"ancestorTitles":["diceRoller"],"fullName":"diceRoller stepDownDie steps down correctly","status":"passed","title":"stepDownDie steps down correctly","duration":0.3154999999997017,"failureMessages":[],"meta":{},"tags":[]}],"startTime":1777158721889,"endTime":1777158721897.3154,"status":"passed","message":"","name":"C:/Users/Adam/Dropbox/Documents/homework/Personal Projects/Chain of Command Game/app/src/utils/diceRoller.test.ts"},{"assertionResults":[{"ancestorTitles":["diceRoller Spoofed Fire Control"],"fullName":"diceRoller Spoofed Fire Control rollVolley applies +2 bonus and converts to crit if max reached (exploding)","status":"passed","title":"rollVolley applies +2 bonus and converts to crit if max reached (exploding)","duration":3.1890000000003056,"failureMessages":[],"meta":{},"tags":[]},{"ancestorTitles":["diceRoller Spoofed Fire Control"],"fullName":"diceRoller Spoofed Fire Control rollVolley applies +2 bonus but remains standard hit if max not reached","status":"passed","title":"rollVolley applies +2 bonus but remains standard hit if max not reached","duration":0.5693999999994048,"failureMessages":[],"meta":{},"tags":[]},{"ancestorTitles":["diceRoller Spoofed Fire Control"],"fullName":"diceRoller Spoofed Fire Control rollVolley does not apply bonus to misses","status":"passed","title":"rollVolley does not apply bonus to misses","duration":0.24029999999947904,"failureMessages":[],"meta":{},"tags":[]}],"startTime":1777158722050,"endTime":1777158722054.2402,"status":"passed","message":"","name":"C:/Users/Adam/Dropbox/Documents/homework/Personal Projects/Chain of Command Game/app/src/utils/diceRoller_spoof.test.ts"},{"assertionResults":[{"ancestorTitles":["combat consequences from campaign events"],"fullName":"combat consequences from campaign events applies combat modifiers during mission initialization and round-one briefing","status":"passed","title":"applies combat modifiers during mission initialization and round-one briefing","duration":4.757300000000214,"failureMessages":[],"meta":{},"tags":[]},{"ancestorTitles":["combat consequences from campaign events"],"fullName":"combat consequences from campaign events forces round-one CT to zero when required","status":"passed","title":"forces round-one CT to zero when required","duration":1.0429999999996653,"failureMessages":[],"meta":{},"tags":[]},{"ancestorTitles":["combat consequences from campaign events"],"fullName":"combat consequences from campaign events makes bridge and cooling scars affect CT and engineering stress costs","status":"passed","title":"makes bridge and cooling scars affect CT and engineering stress costs","duration":2.0986999999995533,"failureMessages":[],"meta":{},"tags":[]},{"ancestorTitles":["combat consequences from campaign events"],"fullName":"combat consequences from campaign events caps speed when thrusters are scarred","status":"passed","title":"caps speed when thrusters are scarred","duration":3.8740999999999985,"failureMessages":[],"meta":{},"tags":[]},{"ancestorTitles":["combat consequences from campaign events"],"fullName":"combat consequences from campaign events applies new command and sensors scar penalties during briefing and assignment","status":"passed","title":"applies new command and sensors scar penalties during briefing and assignment","duration":1.1624999999994543,"failureMessages":[],"meta":{},"tags":[]},{"ancestorTitles":["combat consequences from campaign events"],"fullName":"combat consequences from campaign events prevents a first assignment when a CT penalty raises the real cost above available CT","status":"passed","title":"prevents a first assignment when a CT penalty raises the real cost above available CT","duration":1.1894000000002052,"failureMessages":[],"meta":{},"tags":[]},{"ancestorTitles":["combat consequences from campaign events"],"fullName":"combat consequences from campaign events resolves Bleed Heat by restoring 1 CT up to the round maximum and removing 1 Engineering stress","status":"passed","title":"resolves Bleed Heat by restoring 1 CT up to the round maximum and removing 1 Engineering stress","duration":0.7547000000004118,"failureMessages":[],"meta":{},"tags":[]},{"ancestorTitles":["combat consequences from campaign events"],"fullName":"combat consequences from campaign events caps actual speed at 2 when the structural spine is buckled","status":"passed","title":"caps actual speed at 2 when the structural spine is buckled","duration":0.5488999999997759,"failureMessages":[],"meta":{},"tags":[]},{"ancestorTitles":["combat consequences from campaign events"],"fullName":"combat consequences from campaign events logs the warped cannon mount penalty on the first primary shot each round","status":"passed","title":"logs the warped cannon mount penalty on the first primary shot each round","duration":3.496900000000096,"failureMessages":[],"meta":{},"tags":[]}],"startTime":1777158716024,"endTime":1777158716042.4968,"status":"passed","message":"","name":"C:/Users/Adam/Dropbox/Documents/homework/Personal Projects/Chain of Command Game/app/src/store/campaignCombatConsequences.test.ts"},{"assertionResults":[{"ancestorTitles":["Destroyed ship debris fields"],"fullName":"Destroyed ship debris fields spawns debris when a player ship is destroyed on an otherwise empty open hex","status":"passed","title":"spawns debris when a player ship is destroyed on an otherwise empty open hex","duration":1.3160000000002583,"failureMessages":[],"meta":{},"tags":[]},{"ancestorTitles":["Destroyed ship debris fields"],"fullName":"Destroyed ship debris fields spawns debris when an enemy ship is destroyed on an otherwise empty open hex","status":"passed","title":"spawns debris when an enemy ship is destroyed on an otherwise empty open hex","duration":0.46660000000019863,"failureMessages":[],"meta":{},"tags":[]},{"ancestorTitles":["Destroyed ship debris fields"],"fullName":"Destroyed ship debris fields does not spawn debris if the hex already contains non-open terrain","status":"passed","title":"does not spawn debris if the hex already contains non-open terrain","duration":0.16310000000021319,"failureMessages":[],"meta":{},"tags":[]}],"startTime":1777158723221,"endTime":1777158723223.163,"status":"passed","message":"","name":"C:/Users/Adam/Dropbox/Documents/homework/Personal Projects/Chain of Command Game/app/src/store/debrisFields.test.ts"},{"assertionResults":[{"ancestorTitles":["Enemy Critical Damage Wiring"],"fullName":"Enemy Critical Damage Wiring should apply critical damage to an enemy when resolveAction triggers it","status":"passed","title":"should apply critical damage to an enemy when resolveAction triggers it","duration":7.15979999999945,"failureMessages":[],"meta":{},"tags":[]},{"ancestorTitles":["Enemy Critical Damage Wiring"],"fullName":"Enemy Critical Damage Wiring should apply critical damage to an enemy when a torpedo impacts it","status":"passed","title":"should apply critical damage to an enemy when a torpedo impacts it","duration":1.3832000000002154,"failureMessages":[],"meta":{},"tags":[]}],"startTime":1777158722112,"endTime":1777158722120.3833,"status":"passed","message":"","name":"C:/Users/Adam/Dropbox/Documents/homework/Personal Projects/Chain of Command Game/app/src/store/enemyCritCombat.test.ts"},{"assertionResults":[{"ancestorTitles":["Fleet Assets"],"fullName":"Fleet Assets Emergency Reinforcement grants +1 CT and respects per-ship and per-round limits","status":"pending","title":"Emergency Reinforcement grants +1 CT and respects per-ship and per-round limits","failureMessages":[],"meta":{},"tags":[]},{"ancestorTitles":["Fleet Assets"],"fullName":"Fleet Assets Tactical Override bypasses Live-Fire Telemetry during the attack resolution","status":"pending","title":"Tactical Override bypasses Live-Fire Telemetry during the attack resolution","failureMessages":[],"meta":{},"tags":[]},{"ancestorTitles":["Fleet Assets"],"fullName":"Fleet Assets Intel Feed can cancel the current tactic card","status":"pending","title":"Intel Feed can cancel the current tactic card","failureMessages":[],"meta":{},"tags":[]},{"ancestorTitles":["Fleet Assets"],"fullName":"Fleet Assets Escort / Support Call interceptor screen destroys an incoming enemy torpedo","status":"pending","title":"Escort / Support Call interceptor screen destroys an incoming enemy torpedo","failureMessages":[],"meta":{},"tags":[]},{"ancestorTitles":["Fleet Assets"],"fullName":"Fleet Assets Extraction Window lets a ship count as a safe warp-out outside the breakout zone","status":"pending","title":"Extraction Window lets a ship count as a safe warp-out outside the breakout zone","failureMessages":[],"meta":{},"tags":[]}],"startTime":1777158709723,"endTime":1777158709723,"status":"passed","message":"","name":"C:/Users/Adam/Dropbox/Documents/homework/Personal Projects/Chain of Command Game/app/src/store/fleetAssets.test.ts"},{"assertionResults":[{"ancestorTitles":["Ordnance Mechanic"],"fullName":"Ordnance Mechanic ordnance weapon starts primed (implicitly)","status":"passed","title":"ordnance weapon starts primed (implicitly)","duration":2.060699999999997,"failureMessages":[],"meta":{},"tags":[]},{"ancestorTitles":["Ordnance Mechanic"],"fullName":"Ordnance Mechanic firing ordnance weapon sets loaded status to false","status":"passed","title":"firing ordnance weapon sets loaded status to false","duration":6.402600000000348,"failureMessages":[],"meta":{},"tags":[]},{"ancestorTitles":["Ordnance Mechanic"],"fullName":"Ordnance Mechanic firing standard weapon does not affect ordnanceLoadedStatus","status":"passed","title":"firing standard weapon does not affect ordnanceLoadedStatus","duration":1.645900000000438,"failureMessages":[],"meta":{},"tags":[]},{"ancestorTitles":["Ordnance Mechanic"],"fullName":"Ordnance Mechanic firing unloaded ordnance weapon is blocked","status":"passed","title":"firing unloaded ordnance weapon is blocked","duration":0.8157000000001062,"failureMessages":[],"meta":{},"tags":[]},{"ancestorTitles":["Ordnance Mechanic"],"fullName":"Ordnance Mechanic reloading ordnance weapon sets loaded status back to true","status":"passed","title":"reloading ordnance weapon sets loaded status back to true","duration":0.625,"failureMessages":[],"meta":{},"tags":[]},{"ancestorTitles":["Ordnance Mechanic"],"fullName":"Ordnance Mechanic reloading logic can auto-find the first unloaded ordnance weapon","status":"passed","title":"reloading logic can auto-find the first unloaded ordnance weapon","duration":0.5145999999995183,"failureMessages":[],"meta":{},"tags":[]},{"ancestorTitles":["Ordnance Mechanic"],"fullName":"Ordnance Mechanic target lock effects persist through the round instead of being consumed by the next attack","status":"passed","title":"target lock effects persist through the round instead of being consumed by the next attack","duration":3.3950999999997293,"failureMessages":[],"meta":{},"tags":[]}],"startTime":1777158716034,"endTime":1777158716049.395,"status":"passed","message":"","name":"C:/Users/Adam/Dropbox/Documents/homework/Personal Projects/Chain of Command Game/app/src/store/ordnance.test.ts"},{"assertionResults":[{"ancestorTitles":["Overall Combat Verification (Enemy Criticals)"],"fullName":"Overall Combat Verification (Enemy Criticals) should handle sequential critical hits on different enemies","status":"passed","title":"should handle sequential critical hits on different enemies","duration":4.737700000000586,"failureMessages":[],"meta":{},"tags":[]}],"startTime":1777158720660,"endTime":1777158720664.7378,"status":"passed","message":"","name":"C:/Users/Adam/Dropbox/Documents/homework/Personal Projects/Chain of Command Game/app/src/store/overallCombatVerification.test.ts"},{"assertionResults":[{"ancestorTitles":["Phase Slip E2E"],"fullName":"Phase Slip E2E should complete a full Phase Slip resolution cycle","status":"passed","title":"should complete a full Phase Slip resolution cycle","duration":3.842899999999645,"failureMessages":[],"meta":{},"tags":[]},{"ancestorTitles":["Phase Slip E2E"],"fullName":"Phase Slip E2E should handle resolveAction even if no targetHex is provided (graceful fail)","status":"passed","title":"should handle resolveAction even if no targetHex is provided (graceful fail)","duration":0.4135999999998603,"failureMessages":[],"meta":{},"tags":[]}],"startTime":1777158721291,"endTime":1777158721295.4136,"status":"passed","message":"","name":"C:/Users/Adam/D
[...]
veAction - Waste Action Logic"],"fullName":"resolveAction - Waste Action Logic marks the action as resolved and logs a message when context.wasted is true","status":"passed","title":"marks the action as resolved and logs a message when context.wasted is true","duration":2.6766999999999825,"failureMessages":[],"meta":{},"tags":[]}],"startTime":1777158722820,"endTime":1777158722822.6768,"status":"passed","message":"","name":"C:/Users/Adam/Dropbox/Documents/homework/Personal Projects/Chain of Command Game/app/src/store/wasteAction.test.ts"},{"assertionResults":[{"ancestorTitles":["ShipInfoPanel"],"fullName":"ShipInfoPanel renders nothing when no target is provided","status":"passed","title":"renders nothing when no target is provided","duration":19.255299999999806,"failureMessages":[],"meta":{},"tags":[]},{"ancestorTitles":["ShipInfoPanel"],"fullName":"ShipInfoPanel renders player ship info with vessel name and class","status":"passed","title":"renders player ship info with vessel name and class","duration":147.2493000000004,"failureMessages":[],"meta":{},"tags":[]},{"ancestorTitles":["ShipInfoPanel"],"fullName":"ShipInfoPanel renders enemy vessel name and adversary class","status":"passed","title":"renders enemy vessel name and adversary class","duration":32.98289999999997,"failureMessages":[],"meta":{},"tags":[]},{"ancestorTitles":["ShipInfoPanel"],"fullName":"ShipInfoPanel extracts enemy ship names from class-prefixed guillemet labels","status":"passed","title":"extracts enemy ship names from class-prefixed guillemet labels","duration":12.620899999999892,"failureMessages":[],"meta":{},"tags":[]},{"ancestorTitles":["ShipInfoPanel"],"fullName":"ShipInfoPanel renders terrain details for hazardous hexes","status":"passed","title":"renders terrain details for hazardous hexes","duration":8.405099999999948,"failureMessages":[],"meta":{},"tags":[]},{"ancestorTitles":["ShipInfoPanel"],"fullName":"ShipInfoPanel clamps the tooltip within its parent container bounds","status":"passed","title":"clamps the tooltip within its parent container bounds","duration":108.67370000000028,"failureMessages":[],"meta":{},"tags":[]}],"startTime":1777158715820,"endTime":1777158716149.6736,"status":"passed","message":"","name":"C:/Users/Adam/Dropbox/Documents/homework/Personal Projects/Chain of Command Game/app/src/components/board/ShipInfoPanel.test.tsx"},{"assertionResults":[{"ancestorTitles":["CriticalCardReveal"],"fullName":"CriticalCardReveal renders null when card is null","status":"passed","title":"renders null when card is null","duration":18.347200000000157,"failureMessages":[],"meta":{},"tags":[]},{"ancestorTitles":["CriticalCardReveal"],"fullName":"CriticalCardReveal renders card info correctly and fires acknowledge","status":"passed","title":"renders card info correctly and fires acknowledge","duration":263.8538000000008,"failureMessages":[],"meta":{},"tags":[]}],"startTime":1777158715967,"endTime":1777158716248.8538,"status":"passed","message":"","name":"C:/Users/Adam/Dropbox/Documents/homework/Personal Projects/Chain of Command Game/app/src/components/combat/CriticalCardReveal.test.tsx"},{"assertionResults":[{"ancestorTitles":["DiceVisual"],"fullName":"DiceVisual renders initial state and final result","status":"passed","title":"renders initial state and final result","duration":100.82809999999972,"failureMessages":[],"meta":{},"tags":[]},{"ancestorTitles":["DiceVisual"],"fullName":"DiceVisual renders explosion badge when isExploded is true","status":"passed","title":"renders explosion badge when isExploded is true","duration":20.309300000000803,"failureMessages":[],"meta":{},"tags":[]}],"startTime":1777158716434,"endTime":1777158716555.3093,"status":"passed","message":"","name":"C:/Users/Adam/Dropbox/Documents/homework/Personal Projects/Chain of Command Game/app/src/components/combat/DiceVisual.test.tsx"},{"assertionResults":[{"ancestorTitles":["SkillProcResolution"],"fullName":"SkillProcResolution renders proc metadata and reveals outcome details","status":"passed","title":"renders proc metadata and reveals outcome details","duration":263.2491,"failureMessages":[],"meta":{},"tags":[]},{"ancestorTitles":["SkillProcResolution"],"fullName":"SkillProcResolution shows gated critical text for rookie dice","status":"passed","title":"shows gated critical text for rookie dice","duration":36.04569999999967,"failureMessages":[],"meta":{},"tags":[]}],"startTime":1777158716169,"endTime":1777158716469.0457,"status":"passed","message":"","name":"C:/Users/Adam/Dropbox/Documents/homework/Personal Projects/Chain of Command Game/app/src/components/combat/SkillProcResolution.test.tsx"},{"assertionResults":[{"ancestorTitles":["VolleyBreakdown"],"fullName":"VolleyBreakdown renders null when there is no volley","status":"passed","title":"renders null when there is no volley","duration":18.611700000000383,"failureMessages":[],"meta":{},"tags":[]},{"ancestorTitles":["VolleyBreakdown"],"fullName":"VolleyBreakdown renders volley breakdown data and reveals damage tally","status":"passed","title":"renders volley breakdown data and reveals damage tally","duration":128.6945999999998,"failureMessages":[],"meta":{},"tags":[]}],"startTime":1777158716632,"endTime":1777158716779.6946,"status":"passed","message":"","name":"C:/Users/Adam/Dropbox/Documents/homework/Personal Projects/Chain of Command Game/app/src/components/combat/VolleyBreakdown.test.tsx"},{"assertionResults":[{"ancestorTitles":["ActionSlot"],"fullName":"ActionSlot renders correctly without any assigned tokens","status":"passed","title":"renders correctly without any assigned tokens","duration":84.16879999999946,"failureMessages":[],"meta":{},"tags":[]},{"ancestorTitles":["ActionSlot"],"fullName":"ActionSlot renders correctly with one assigned token","status":"passed","title":"renders correctly with one assigned token","duration":27.20930000000044,"failureMessages":[],"meta":{},"tags":[]},{"ancestorTitles":["ActionSlot"],"fullName":"ActionSlot renders correctly with multiple assigned tokens and cumulative stress","status":"passed","title":"renders correctly with multiple assigned tokens and cumulative stress","duration":23.574900000000525,"failureMessages":[],"meta":{},"tags":[]}],"startTime":1777158715960,"endTime":1777158716094.575,"status":"passed","message":"","name":"C:/Users/Adam/Dropbox/Documents/homework/Personal Projects/Chain of Command Game/app/src/components/console/ActionSlot.test.tsx"},{"assertionResults":[{"ancestorTitles":["CaptainHand"],"fullName":"CaptainHand renders all maxCommandTokens slots, with spent ones marked as assigned","status":"passed","title":"renders all maxCommandTokens slots, with spent ones marked as assigned","duration":88.39260000000013,"failureMessages":[],"meta":{},"tags":[]},{"ancestorTitles":["CaptainHand"],"fullName":"CaptainHand renders all tokens as spent when commandTokens is 0","status":"passed","title":"renders all tokens as spent when commandTokens is 0","duration":20.90679999999975,"failureMessages":[],"meta":{},"tags":[]},{"ancestorTitles":["CaptainHand"],"fullName":"CaptainHand shows round-start CT modifiers and live CT bonuses","status":"passed","title":"shows round-start CT modifiers and live CT bonuses","duration":76.76029999999992,"failureMessages":[],"meta":{},"tags":[]}],"startTime":1777158716036,"endTime":1777158716222.7603,"status":"passed","message":"","name":"C:/Users/Adam/Dropbox/Documents/homework/Personal Projects/Chain of Command Game/app/src/components/console/CaptainHand.test.tsx"},{"assertionResults":[{"ancestorTitles":["ExecuteButton"],"fullName":"ExecuteButton renders correctly and is enabled during command phase","status":"passed","title":"renders correctly and is enabled during command phase","duration":35.499399999999696,"failureMessages":[],"meta":{},"tags":[]},{"ancestorTitles":["ExecuteButton"],"fullName":"ExecuteButton is disabled during other phases","status":"passed","title":"is disabled during other phases","duration":4.029999999999745,"failureMessages":[],"meta":{},"tags":[]},{"ancestorTitles":["ExecuteButton"],"fullName":"ExecuteButton calls advancePhase when clicked","status":"passed","title":"calls advancePhase when clicked","duration":205.17550000000028,"failureMessages":[],"meta":{},"tags":[]}],"startTime":1777158715244,"endTime":1777158715489.1755,"status":"passed","message":"","name":"C:/Users/Adam/Dropbox/Documents/homework/Personal Projects/Chain of Command Game/app/src/components/console/ExecuteButton.test.tsx"},{"assertionResults":[{"ancestorTitles":["ExecutionPanel"],"fullName":"ExecutionPanel only shows cyber-warfare targets for shield arcs that currently exist","status":"passed","title":"only shows cyber-warfare targets for shield arcs that currently exist","duration":605.6778999999997,"failureMessages":[],"meta":{},"tags":[]}],"startTime":1777158715789,"endTime":1777158716394.678,"status":"passed","message":"","name":"C:/Users/Adam/Dropbox/Documents/homework/Personal Projects/Chain of Command Game/app/src/components/console/ExecutionPanel.test.tsx"},{"assertionResults":[{"ancestorTitles":["GameScreen"],"fullName":"GameScreen shows Fleet Assets during execution phase","status":"passed","title":"shows Fleet Assets during execution phase","duration":107.36569999999938,"failureMessages":[],"meta":{},"tags":[]},{"ancestorTitles":["GameScreen"],"fullName":"GameScreen shows the current enemy tactic in the top slide-out UI","status":"passed","title":"shows the current enemy tactic in the top slide-out UI","duration":216.07899999999972,"failureMessages":[],"meta":{},"tags":[]},{"ancestorTitles":["GameScreen"],"fullName":"GameScreen shows and clears an unread indicator when a new tactic arrives","status":"passed","title":"shows and clears an unread indicator when a new tactic arrives","duration":130.4402,"failureMessages":[],"meta":{},"tags":[]}],"startTime":1777158715390,"endTime":1777158715844.4402,"status":"passed","message":"","name":"C:/Users/Adam/Dropbox/Documents/homework/Personal Projects/Chain of Command Game/app/src/components/console/GameScreen.test.tsx"},{"assertionResults":[{"ancestorTitles":["OfficerStationPanel"],"fullName":"OfficerStationPanel shows the true next CT cost for the first assignment when a scar increases it","status":"passed","title":"shows the true next CT cost for the first assignment when a scar increases it","duration":92.83380000000034,"failureMessages":[],"meta":{},"tags":[]},{"ancestorTitles":["OfficerStationPanel"],"fullName":"OfficerStationPanel shows Xel CT modifier on the command panel when Cyber-Warfare cost is adjusted","status":"passed","title":"shows Xel CT modifier on the command panel when Cyber-Warfare cost is adjusted","duration":22.08719999999994,"failureMessages":[],"meta":{},"tags":[]},{"ancestorTitles":["OfficerStationPanel"],"fullName":"OfficerStationPanel shows the officer ability name and mechanics when hovering the officer name","status":"passed","title":"shows the officer ability name and mechanics when hovering the officer name","duration":132.64030000000002,"failureMessages":[],"meta":{},"tags":[]},{"ancestorTitles":["OfficerStationPanel"],"fullName":"OfficerStationPanel hides \"Load Ordnance\" action when no ordnance weapons are equipped","status":"passed","title":"hides \"Load Ordnance\" action when no ordnance weapons are equipped","duration":20.96190000000024,"failureMessages":[],"meta":{},"tags":[]},{"ancestorTitles":["OfficerStationPanel"],"fullName":"OfficerStationPanel shows \"Load Ordnance\" action when ordnance weapons are equipped","status":"passed","title":"shows \"Load Ordnance\" action when ordnance weapons are equipped","duration":17.266599999999926,"failureMessages":[],"meta":{},"tags":[]}],"startTime":1777158715621,"endTime":1777158715907.2666,"status":"passed","message":"","name":"C:/Users/Adam/Dropbox/Documents/homework/Personal Projects/Chain of Command Game/app/src/components/console/OfficerStationPanel.test.tsx"},{"assertionResults":[{"ancestorTitles":["StressBar"],"fullName":"StressBar renders immune state when maxStress is null","status":"passed","title":"renders immune state when maxStress is null","duration":32.26560000000063,"failureMessages":[],"meta":{},"tags":[]},{"ancestorTitles":["StressBar"],"fullName":"StressBar renders normal stress levels correctly","status":"passed","title":"renders normal stress levels correctly","duration":25.531200000000354,"failureMessages":[],"meta":{},"tags":[]},{"ancestorTitles":["StressBar"],"fullName":"StressBar renders MAX state when stress meets or exceeds limit","status":"passed","title":"renders MAX state when stress meets or exceeds limit","duration":6.753099999999904,"failureMessages":[],"meta":{},"tags":[]}],"startTime":1777158716112,"endTime":1777158716176.7532,"status":"passed","message":"","name":"C:/Users/Adam/Dropbox/Documents/homework/Personal Projects/Chain of Command Game/app/src/components/console/StressBar.test.tsx"},{"assertionResults":[{"ancestorTitles":["FleetBuilder"],"fullName":"FleetBuilder renders step 1 and validates chassis selection","status":"passed","title":"renders step 1 and validates chassis selection","duration":515.2085999999999,"failureMessages":[],"meta":{},"tags":[]},{"ancestorTitles":["FleetBuilder"],"fullName":"FleetBuilder completes the wizard and advances phase","status":"passed","title":"completes the wizard and advances phase","duration":1004.1737999999996,"failureMessages":[],"meta":{},"tags":[]},{"ancestorTitles":["FleetBuilder"],"fullName":"FleetBuilder starts campaign officers at the lowest skill tier","status":"passed","title":"starts campaign officers at the lowest skill tier","duration":606.1309000000001,"failureMessages":[],"meta":{},"tags":[]},{"ancestorTitles":["FleetBuilder"],"fullName":"FleetBuilder starts new player ships at speed 1","status":"passed","title":"starts new player ships at speed 1","duration":483.2398999999996,"failureMessages":[],"meta":{},"tags":[]}],"startTime":1777158715101,"endTime":1777158717709.24,"status":"passed","message":"","name":"C:/Users/Adam/Dropbox/Documents/homework/Personal Projects/Chain of Command Game/app/src/components/setup/FleetBuilder.test.tsx"},{"assertionResults":[{"ancestorTitles":["GameOverScreen"],"fullName":"GameOverScreen shows defeat state when victory is false","status":"passed","title":"shows defeat state when victory is false","duration":63.59730000000036,"failureMessages":[],"meta":{},"tags":[]},{"ancestorTitles":["GameOverScreen"],"fullName":"GameOverScreen shows victory state when victory is true","status":"passed","title":"shows victory state when victory is true","duration":9.902999999999338,"failureMessages":[],"meta":{},"tags":[]}],"startTime":1777158716905,"endTime":1777158716978.903,"status":"passed","message":"","name":"C:/Users/Adam/Dropbox/Documents/homework/Personal Projects/Chain of Command Game/app/src/components/setup/GameOverScreen.test.tsx"},{"assertionResults":[{"ancestorTitles":["MainMenu"],"fullName":"MainMenu renders title and buttons","status":"passed","title":"renders title and buttons","duration":82.43170000000009,"failureMessages":[],"meta":{},"tags":[]},{"ancestorTitles":["MainMenu"],"fullName":"MainMenu clicking start fires the onStart callback","status":"passed","title":"clicking start fires the onStart callback","duration":169.19360000000052,"failureMessages":[],"meta":{},"tags":[]}],"startTime":1777158716307,"endTime":1777158716559.1936,"status":"passed","message":"","name":"C:/Users/Adam/Dropbox/Documents/homework/Personal Projects/Chain of Command Game/app/src/components/setup/MainMenu.test.tsx"},{"assertionResults":[{"ancestorTitles":["SectorMapView"],"fullName":"SectorMapView renders the SVG map based on generated logic","status":"passed","title":"renders the SVG map based on generated logic","duration":356.53200000000015,"failureMessages":[],"meta":{},"tags":[]},{"ancestorTitles":["SectorMapView"],"fullName":"SectorMapView shows IMM only for stress-immune officers","status":"passed","title":"shows IMM only for stress-immune officers","duration":86.82549999999992,"failureMessages":[],"meta":{},"tags":[]},{"ancestorTitles":["SectorMapView"],"fullName":"SectorMapView centers the current node vertically when returning to the sector map","status":"passed","title":"centers the current node vertically when returning to the sector map","duration":48.29829999999947,"failureMessages":[],"meta":{},"tags":[]}],"startTime":1777158715983,"endTime":1777158716475.2983,"status":"passed","message":"","name":"C:/Users/Adam/Dropbox/Documents/homework/Personal Projects/Chain of Command Game/app/src/components/campaign/SectorMapView.test.tsx"},{"assertionResults":[{"ancestorTitles":["Subsystem Data"],"fullName":"Subsystem Data should have alien-phase-vanes with correct metadata","status":"passed","title":"should have alien-phase-vanes with correct metadata","duration":1.0333999999998014,"failureMessages":[],"meta":{},"tags":[]}],"startTime":1777158723429,"endTime":1777158723430.0334,"status":"passed","message":"","name":"C:/Users/Adam/Dropbox/Documents/homework/Personal Projects/Chain of Command Game/app/src/data/__tests__/subsystems.test.ts"},{"assertionResults":[{"ancestorTitles":["AI movement preview"],"fullName":"AI movement preview matches live AI movement updates for a ship that must turn before moving","status":"passed","title":"matches live AI movement updates for a ship that must turn before moving","duration":5.456899999999223,"failureMessages":[],"meta":{},"tags":[]},{"ancestorTitles":["AI movement preview"],"fullName":"AI movement preview shows zero movement when overwhelming firepower is active","status":"passed","title":"shows zero movement when overwhelming firepower is active","duration":0.4867000000003827,"failureMessages":[],"meta":{},"tags":[]}],"startTime":1777158721314,"endTime":1777158721320.4868,"status":"passed","message":"","name":"C:/Users/Adam/Dropbox/Documents/homework/Personal Projects/Chain of Command Game/app/src/engine/ai/aiTurn.test.ts"},{"assertionResults":[{"ancestorTitles":["generateProceduralScenario terrain variety"],"fullName":"generateProceduralScenario terrain variety builds a wide ion storm front instead of a small center blob","status":"passed","title":"builds a wide ion storm front instead of a small center blob","duration":7.924399999999878,"failureMessages":[],"meta":{},"tags":[]},{"ancestorTitles":["generateProceduralScenario terrain variety"],"fullName":"generateProceduralScenario terrain variety keeps terrain off data siphon relay hexes","status":"passed","title":"keeps terrain off data siphon relay hexes","duration":2.7664999999997235,"failureMessages":[],"meta":{},"tags":[]},{"ancestorTitles":["generateProceduralScenario terrain variety"],"fullName":"generateProceduralScenario terrain variety can generate mixed hazard boards with overlapping hazard types","status":"passed","title":"can generate mixed hazard boards with overlapping hazard types","duration":3.71349999999984,"failureMessages":[],"meta":{},"tags":[]},{"ancestorTitles":["generateProceduralScenario terrain variety"],"fullName":"generateProceduralScenario terrain variety keeps enemy spawns off terrain and objective hexes while reporting a themed deployment pattern","status":"passed","title":"keeps enemy spawns off terrain and objective hexes while reporting a themed deployment pattern","duration":3.449399999999514,"failureMessages":[],"meta":{},"tags":[]},{"ancestorTitles":["generateProceduralScenario terrain variety"],"fullName":"generateProceduralScenario terrain variety uses terrain-aware deployment instead of dropping every enemy into the same edge band","status":"passed","title":"uses terrain-aware deployment instead of dropping every enemy into the same edge band","duration":2.5151999999998225,"failureMessages":[],"meta":{},"tags":[]}],"startTime":1777158715965,"endTime":1777158715985.5151,"status":"passed","message":"","name":"C:/Users/Adam/Dropbox/Documents/homework/Personal Projects/Chain of Command Game/app/src/engine/campaign/scenarioGenerator.test.ts"}]}