{"numTotalTestSuites":333,"numPassedTestSuites":331,"numFailedTestSuites":0,"numPendingTestSuites":2,"numTotalTests":676,"numPassedTests":663,"numFailedTests":0,"numPendingTests":0,"numTodoTests":0,"snapshot":{"added":0,"failure":false,"filesAdded":0,"filesRemoved":0,"filesRemovedList":[],"filesUnmatched":0,"filesUpdated":0,"matched":0,"total":0,"unchecked":0,"uncheckedKeysByFile":[],"unmatched":0,"updated":0,"didUpdate":false},"startTime":1778203722461,"success":true,"testResults":[{"assertionResults":[{"ancestorTitles":["Real Roll"],"fullName":"Real Roll checks","status":"passed","title":"checks","duration":3.6270000000004075,"failureMessages":[],"meta":{},"tags":[]}],"startTime":1778203747789,"endTime":1778203747792.627,"status":"passed","message":"","name":"C:/Users/Adam/Dropbox/Documents/homework/Personal Projects/Chain of Command Game/app/testRealRoll.test.ts"},{"assertionResults":[{"ancestorTitles":["Load Ordnance Visibility Integration"],"fullName":"Load Ordnance Visibility Integration should hide Load Ordnance when no ordnance weapons are equipped, then show it when one is added","status":"passed","title":"should hide Load Ordnance when no ordnance weapons are equipped, then show it when one is added","duration":123.8130999999994,"failureMessages":[],"meta":{},"tags":[]}],"startTime":1778203729692,"endTime":1778203729815.813,"status":"passed","message":"","name":"C:/Users/Adam/Dropbox/Documents/homework/Personal Projects/Chain of Command Game/app/src/loadOrdnanceVisibility.test.tsx"},{"assertionResults":[{"ancestorTitles":["Weapons Expansion Mechanics"],"fullName":"Weapons Expansion Mechanics GhostRound weapons bypass shields completely","status":"pending","title":"GhostRound weapons bypass shields completely","failureMessages":[],"meta":{},"tags":[]}],"startTime":1778203722461,"endTime":1778203722461,"status":"passed","message":"","name":"C:/Users/Adam/Dropbox/Documents/homework/Personal Projects/Chain of Command Game/app/src/weaponsExpansion.test.ts"},{"assertionResults":[{"ancestorTitles":["Actions Data"],"fullName":"Actions Data Load Ordnance action should have hideIfNoOrdnance: true","status":"passed","title":"Load Ordnance action should have hideIfNoOrdnance: true","duration":1.151299999999992,"failureMessages":[],"meta":{},"tags":[]}],"startTime":1778203748609,"endTime":1778203748610.1514,"status":"passed","message":"","name":"C:/Users/Adam/Dropbox/Documents/homework/Personal Projects/Chain of Command Game/app/src/data/actions.test.ts"},{"assertionResults":[{"ancestorTitles":["drawCriticalCard"],"fullName":"drawCriticalCard should draw a card and return the rest of the deck","status":"passed","title":"should draw a card and return the rest of the deck","duration":2.249200000000201,"failureMessages":[],"meta":{},"tags":[]},{"ancestorTitles":["drawCriticalCard"],"fullName":"drawCriticalCard should reshuffle from PLAYER_CRITICAL_DECK if deck is empty (default)","status":"passed","title":"should reshuffle from PLAYER_CRITICAL_DECK if deck is empty (default)","duration":0.4128000000000611,"failureMessages":[],"meta":{},"tags":[]},{"ancestorTitles":["drawCriticalCard"],"fullName":"drawCriticalCard should reshuffle from ENEMY_CRITICAL_DECK if deck is empty and type is enemy","status":"passed","title":"should reshuffle from ENEMY_CRITICAL_DECK if deck is empty and type is enemy","duration":0.38000000000010914,"failureMessages":[],"meta":{},"tags":[]}],"startTime":1778203748582,"endTime":1778203748584.4128,"status":"passed","message":"","name":"C:/Users/Adam/Dropbox/Documents/homework/Personal Projects/Chain of Command Game/app/src/data/criticalDamage.test.ts"},{"assertionResults":[{"ancestorTitles":["Drydock Market Generation"],"fullName":"Drydock Market Generation should always return 3 weapons and 3 subsystems","status":"passed","title":"should always return 3 weapons and 3 subsystems","duration":2.399699999999939,"failureMessages":[],"meta":{},"tags":[]},{"ancestorTitles":["Drydock Market Generation"],"fullName":"Drydock Market Generation should include 2 to 4 event items in the market","status":"passed","title":"should include 2 to 4 event items in the market","duration":1.2857999999996537,"failureMessages":[],"meta":{},"tags":[]},{"ancestorTitles":["Drydock Market Generation"],"fullName":"Drydock Market Generation should respect excluded IDs","status":"passed","title":"should respect excluded IDs","duration":0.45930000000043947,"failureMessages":[],"meta":{},"tags":[]}],"startTime":1778203742426,"endTime":1778203742430.4592,"status":"passed","message":"","name":"C:/Users/Adam/Dropbox/Documents/homework/Personal Projects/Chain of Command Game/app/src/data/drydock.test.ts"},{"assertionResults":[{"ancestorTitles":["Event Node Data Integrity"],"fullName":"Event Node Data Integrity contains exactly 25 events","status":"passed","title":"contains exactly 25 events","duration":1.9593999999997322,"failureMessages":[],"meta":{},"tags":[]},{"ancestorTitles":["Event Node Data Integrity"],"fullName":"Event Node Data Integrity every event has a unique ID","status":"passed","title":"every event has a unique ID","duration":0.33920000000034634,"failureMessages":[],"meta":{},"tags":[]},{"ancestorTitles":["Event Node Data Integrity"],"fullName":"Event Node Data Integrity IDs follow the pattern event-01 through event-25","status":"passed","title":"IDs follow the pattern event-01 through event-25","duration":0.6472000000003391,"failureMessages":[],"meta":{},"tags":[]},{"ancestorTitles":["Event Node Data Integrity"],"fullName":"Event Node Data Integrity every event has a non-empty title and narrative","status":"passed","title":"every event has a non-empty title and narrative","duration":0.8322999999991225,"failureMessages":[],"meta":{},"tags":[]},{"ancestorTitles":["Event Node Data Integrity"],"fullName":"Event Node Data Integrity every event has 2 to 4 options","status":"passed","title":"every event has 2 to 4 options","duration":0.9067000000004555,"failureMessages":[],"meta":{},"tags":[]},{"ancestorTitles":["Event Node Data Integrity"],"fullName":"Event Node Data Integrity every option has a non-empty label","status":"passed","title":"every option has a non-empty label","duration":1.4732000000003609,"failureMessages":[],"meta":{},"tags":[]},{"ancestorTitles":["Event Node Data Integrity"],"fullName":"Event Node Data Integrity every option has at least one effect source (effects OR goodEffects/badEffects)","status":"passed","title":"every option has at least one effect source (effects OR goodEffects/badEffects)","duration":1.0349999999998545,"failureMessages":[],"meta":{},"tags":[]},{"ancestorTitles":["Event Node Data Integrity"],"fullName":"Event Node Data Integrity dice-roll options have both goodEffects and badEffects defined","status":"passed","title":"dice-roll options have both goodEffects and badEffects defined","duration":0.6022999999995591,"failureMessages":[],"meta":{},"tags":[]},{"ancestorTitles":["Event Node Data Integrity"],"fullName":"Event Node Data Integrity all dice-roll options have rollThreshold between 1 and 6","status":"passed","title":"all dice-roll options have rollThreshold between 1 and 6","duration":0.6707000000005792,"failureMessages":[],"meta":{},"tags":[]},{"ancestorTitles":["Event Node Data Integrity"],"fullName":"Event Node Data Integrity events granting tech have a type:\"tech\" effect","status":"passed","title":"events granting tech have a type:\"tech\" effect","duration":0.31300000000010186,"failureMessages":[],"meta":{},"tags":[]},{"ancestorTitles":["Event Node Data Integrity"],"fullName":"Event Node Data Integrity no individual option grants more than one exclusive item","status":"passed","title":"no individual option grants more than one exclusive item","duration":0.9594000000006417,"failureMessages":[],"meta":{},"tags":[]},{"ancestorTitles":["Event Node Data Integrity"],"fullName":"Event Node Data Integrity gated options use officer requirements on the authored event set","status":"passed","title":"gated options use officer requirements on the authored event set","duration":0.288300000000163,"failureMessages":[],"meta":{},"tags":[]},{"ancestorTitles":["Event Node Data Integrity"],"fullName":"Event Node Data Integrity events that can transform to combat have a type:\"transformToCombat\" effect","status":"passed","title":"events that can transform to combat have a type:\"transformToCombat\" effect","duration":0.16229999999995925,"failureMessages":[],"meta":{},"tags":[]},{"ancestorTitles":["Event Node Data Integrity"],"fullName":"Event Node Data Integrity Event 24 good outcome awards 2 tech (alien ruin)","status":"passed","title":"Event 24 good outcome awards 2 tech (alien ruin)","duration":0.12449999999989814,"failureMessages":[],"meta":{},"tags":[]},{"ancestorTitles":["Event Node Data Integrity"],"fullName":"Event Node Data Integrity Event 01 \"leave\" option has type:\"nothing\"","status":"passed","title":"Event 01 \"leave\" option has type:\"nothing\"","duration":0.09220000000004802,"failureMessages":[],"meta":{},"tags":[]},{"ancestorTitles":["Event Node Data Integrity"],"fullName":"Event Node Data Integrity Event 02 roll threshold is 3 (1-2 bad, 3-6 good)","status":"passed","title":"Event 02 roll threshold is 3 (1-2 bad, 3-6 good)","duration":0.09580000000005384,"failureMessages":[],"meta":{},"tags":[]},{"ancestorTitles":["Event Node Data Integrity"],"fullName":"Event Node Data Integrity Event 06 roll threshold is 4 (1-3 ambush, 4-6 jackpot)","status":"passed","title":"Event 06 roll threshold is 4 (1-3 ambush, 4-6 jackpot)","duration":0.06570000000010623,"failureMessages":[],"meta":{},"tags":[]},{"ancestorTitles":["getEventById"],"fullName":"getEventById returns event-01 as The Derelict Transport","status":"passed","title":"returns event-01 as The Derelict Transport","duration":0.10800000000017462,"failureMessages":[],"meta":{},"tags":[]},{"ancestorTitles":["getEventById"],"fullName":"getEventById returns undefined for unknown ID","status":"passed","title":"returns undefined for unknown ID","duration":0.08719999999993888,"failureMessages":[],"meta":{},"tags":[]},{"ancestorTitles":["drawRandomEvent"],"fullName":"drawRandomEvent returns a valid event","status":"passed","title":"returns a valid event","duration":0.2429999999994834,"failureMessages":[],"meta":{},"tags":[]},{"ancestorTitles":["drawRandomEvent"],"fullName":"drawRandomEvent respects the exclude list","status":"passed","title":"respects the exclude list","duration":0.10060000000066793,"failureMessages":[],"meta":{},"tags":[]},{"ancestorTitles":["drawRandomEvent"],"fullName":"drawRandomEvent returns null when all events excluded","status":"passed","title":"returns null when all events excluded","duration":0.08020000000033178,"failureMessages":[],"meta":{},"tags":[]}],"startTime":1778203734572,"endTime":1778203734583.243,"status":"passed","message":"","name":"C:/Users/Adam/Dropbox/Documents/homework/Personal Projects/Chain of Command Game/app/src/data/eventNodes.test.ts"},{"assertionResults":[{"ancestorTitles":["Experimental Tech Data Integrity"],"fullName":"Experimental Tech Data Integrity contains exactly 15 techs","status":"passed","title":"contains exactly 15 techs","duration":1.9822999999996682,"failureMessages":[],"meta":{},"tags":[]},{"ancestorTitles":["Experimental Tech Data Integrity"],"fullName":"Experimental Tech Data Integrity every tech has a unique ID","status":"passed","title":"every tech has a unique ID","duration":0.2977000000000771,"failureMessages":[],"meta":{},"tags":[]},{"ancestorTitles":["Experimental Tech Data Integrity"],"fullName":"Experimental Tech Data Integrity every tech has required string fields","status":"passed","title":"every tech has required string fields","duration":1.1035999999994601,"failureMessages":[],"meta":{},"tags":[]},{"ancestorTitles":["Experimental Tech Data Integrity"],"fullName":"Experimental Tech Data Integrity category distribution: 4 tactical, 4 engineering, 4 command, 3 crew","status":"passed","title":"category distribution: 4 tactical, 4 engineering, 4 command, 3 crew","duration":0.2191000000002532,"failureMessages":[],"meta":{},"tags":[]},{"ancestorTitles":["Experimental Tech Data Integrity"],"fullName":"Experimental Tech Data Integrity only Auto-Doc Override is consumable","status":"passed","title":"only Auto-Doc Override is consumable","duration":0.23919999999998254,"failureMessages":[],"meta":{},"tags":[]},{"ancestorTitles":["Experimental Tech Data Integrity"],"fullName":"Experimental Tech Data Integrity all techs start with isConsumed = false","status":"passed","title":"all techs start with isConsumed = false","duration":0.32259999999951106,"failureMessages":[],"meta":{},"tags":[]},{"ancestorTitles":["Experimental Tech Data Integrity"],"fullName":"Experimental Tech Data Integrity rarity: 3 rare, 5 uncommon, 7 common","status":"passed","title":"rarity: 3 rare, 5 uncommon, 7 common","duration":0.3728999999993903,"failureMessages":[],"meta":{},"tags":[]},{"ancestorTitles":["Experimental Tech Data Integrity"],"fullName":"Experimental Tech Data Integrity the 3 rare techs are the named Rare items from the spec","status":"passed","title":"the 3 rare techs are the named Rare items from the spec","duration":0.49949999999989814,"failureMessages":[],"meta":{},"tags":[]},{"ancestorTitles":["getTechById"],"fullName":"getTechById returns the correct tech","status":"passed","title":"returns the correct tech","duration":0.2584000000006199,"failureMessages":[],"meta":{},"tags":[]},{"ancestorTitles":["getTechById"],"fullName":"getTechById returns undefined for unknown ID","status":"passed","title":"returns undefined for unknown ID","duration":0.20499999999992724,"failureMessages":[],"meta":{},"tags":[]},{"ancestorTitles":["getTechById"],"fullName":"getTechById returns a copy (mutation does not affect source)","status":"passed","title":"returns a copy (mutation does not affect source)","duration":0.12019999999938591,"failureMessages":[],"meta":{},"tags":[]},{"ancestorTitles":["getTechByCategory"],"fullName":"getTechByCategory returns exactly 4 tactical techs","status":"passed","title":"returns exactly 4 tactical techs","duration":0.18370000000049913,"failureMessages":[],"meta":{},"tags":[]},{"ancestorTitles":["getTechByCategory"],"fullName":"getTechByCategory returns exactly 3 crew techs","status":"passed","title":"returns exactly 3 crew techs","duration":0.13280000000031578,"failureMessages":[],"meta":{},"tags":[]},{"ancestorTitles":["drawRandomTech"],"fullName":"drawRandomTech returns a valid tech when pool is not empty","status":"passed","title":"returns a valid tech when pool is not empty","duration":0.2492999999994936,"failureMessages":[],"meta":{},"tags":[]},{"ancestorTitles":["drawRandomTech"],"fullName":"drawRandomTech never returns an excluded tech","status":"passed","title":"never returns an excluded tech","duration":0.1058999999995649,"failureMessages":[],"meta":{},"tags":[]},{"ancestorTitles":["drawRandomTech"],"fullName":"drawRandomTech returns null when all techs are excluded","status":"passed","title":"returns null when all techs are excluded","duration":0.09280000000035216,"failureMessages":[],"meta":{},"tags":[]},{"ancestorTitles":["drawMultipleRandomTech"],"fullName":"drawMultipleRandomTech draws the requested count","status":"passed","title":"draws the requested count","duration":0.17090000000007421,"failureMessages":[],"meta":{},"tags":[]},{"ancestorTitles":["drawMultipleRandomTech"],"fullName":"drawMultipleRandomTech returns unique techs","status":"passed","title":"returns unique techs","duration":0.14910000000054424,"failureMessages":[],"meta":{},"tags":[]},{"ancestorTitles":["drawMultipleRandomTech"],"fullName":"drawMultipleRandomTech respects the exclude list","status":"passed","title":"respects the exclude list","duration":0.20430000000033033,"failureMessages":[],"meta":{},"tags":[]},{"ancestorTitles":["drawMultipleRandomTech"],"fullName":"drawMultipleRandomTech draws 2 for Event 24 scenario (alien ruin)","status":"passed","title":"draws 2 for Event 24 scenario (alien ruin)","duration":0.6847999999999956,"failureMessages":[],"meta":{},"tags":[]}],"startTime":1778203740772,"endTime":1778203740780.6848,"status":"passed","message":"","name":"C:/Users/Adam/Dropbox/Documents/homework/Personal Projects/Chain of Command Game/app/src/data/experimentalTech.test.ts"},{"assertionResults":[{"ancestorTitles":["Rules of Engagement Deck"],"fullName":"Rules of Engagement Deck contains exactly 10 cards","status":"passed","title":"contains exactly 10 cards","duration":2.1416999999992186,"failureMessages":[],"meta":{},"tags":[]},{"ancestorTitles":["Rules of Engagement Deck"],"fullName":"Rules of Engagement Deck contains cards with valid structures","status":"passed","title":"contains cards with valid structures","duration":1.4736999999995533,"failureMessages":[],"meta":{},"tags":[]},{"ancestorTitles":["Rules of Engagement Deck"],"fullName":"Rules of Engagement Deck includes all four doctrines","status":"passed","title":"includes all four doctrines","duration":0.4103999999997541,"failureMessages":[],"meta":{},"tags":[]},{"ancestorTitles":["Rules of Engagement Deck","drawRoECard"],"fullName":"Rules of Engagement Deck drawRoECard returns a valid card from the deck","status":"passed","title":"returns a valid card from the deck","duration":0.24439999999958673,"failureMessages":[],"meta":{},"tags":[]},{"ancestorTitles":["Rules of Engagement Deck","getRoECardById"],"fullName":"Rules of Engagement Deck getRoECardById returns the correct card by ID","status":"passed","title":"returns the correct card by ID","duration":0.2703000000001339,"failureMessages":[],"meta":{},"tags":[]},{"ancestorTitles":["Rules of Engagement Deck","getRoECardById"],"fullName":"Rules of Engagement Deck getRoECardById returns undefined for non-existent IDs","status":"passed","title":"returns undefined for non-existent IDs","duration":0.16960000000017317,"failureMessages":[],"meta":{},"tags":[]}],"startTime":1778203741650,"endTime":1778203741655.2703,"status":"passed","message":"","name":"C:/Users/Adam/Dropbox/Documents/homework/Personal Projects/Chain of Command Game/app/src/data/roeDeck.test.ts"},{"assertionResults":[{"ancestorTitles":["tactic deck availability"],"fullName":"tactic deck availability excludes Reserve Squadron Launch when no enemy carrier is present","status":"passed","title":"excludes Reserve Squadron Launch when no enemy carrier is present","duration":2.298500000000786,"failureMessages":[],"meta":{},"tags":[]},{"ancestorTitles":["tactic deck availability"],"fullName":"tactic deck availability includes Reserve Squadron Launch when an enemy carrier is present","status":"passed","title":"includes Reserve Squadron Launch when an enemy carrier is present","duration":0.38959999999951833,"failureMessages":[],"meta":{},"tags":[]}],"startTime":1778203747911,"endTime":1778203747913.3896,"status":"passed","message":"","name":"C:/Users/Adam/Dropbox/Documents/homework/Personal Projects/Chain of Command Game/app/src/data/tacticDeck.test.ts"},{"assertionResults":[{"ancestorTitles":["Asteroid Entry Logic"],"fullName":"Asteroid Entry Logic Drift: entering asteroid field triggers D6 roll and returns result","status":"passed","title":"Drift: entering asteroid field triggers D6 roll and returns result","duration":3.095100000000457,"failureMessages":[],"meta":{},"tags":[]},{"ancestorTitles":["Asteroid Entry Logic"],"fullName":"Asteroid Entry Logic Gravity Well: pulling into asteroid field now triggers roll and returns result","status":"passed","title":"Gravity Well: pulling into asteroid field now triggers roll and returns result","duration":0.8612000000002809,"failureMessages":[],"meta":{},"tags":[]},{"ancestorTitles":["Asteroid Entry Logic"],"fullName":"Asteroid Entry Logic AI Pathfinding: capital ships can now enter asteroids but are halted","status":"passed","title":"AI Pathfinding: capital ships can now enter asteroids but are halted","duration":1.0190000000002328,"failureMessages":[],"meta":{},"tags":[]},{"ancestorTitles":["Asteroid Entry Logic"],"fullName":"Asteroid Entry Logic AI Pathfinding: prefers avoiding asteroids if a clean path is available","status":"passed","title":"AI Pathfinding: prefers avoiding asteroids if a clean path is available","duration":0.42870000000039,"failureMessages":[],"meta":{},"tags":[]}],"startTime":1778203740920,"endTime":1778203740925.4287,"status":"passed","message":"","name":"C:/Users/Adam/Dropbox/Documents/homework/Personal Projects/Chain of Command Game/app/src/engine/asteroidTest.test.ts"},{"assertionResults":[{"ancestorTitles":["convertFleetFavorToRP"],"fullName":"convertFleetFavorToRP converts a chosen positive amount at 1:10 rate","status":"passed","title":"converts a chosen positive amount at 1:10 rate","duration":1.0093999999999141,"failureMessages":[],"meta":{},"tags":[]},{"ancestorTitles":["convertFleetFavorToRP"],"fullName":"convertFleetFavorToRP caps conversion to available positive FF","status":"passed","title":"caps conversion to available positive FF","duration":0.14789999999993597,"failureMessages":[],"meta":{},"tags":[]},{"ancestorTitles":["convertFleetFavorToRP"],"fullName":"convertFleetFavorToRP converts 0 FF to 0 RP","status":"passed","title":"converts 0 FF to 0 RP","duration":0.123899999999594,"failureMessages":[],"meta":{},"tags":[]},{"ancestorTitles":["convertFleetFavorToRP"],"fullName":"convertFleetFavorToRP negative FF produces 0 RP (not negative RP)","status":"passed","title":"negative FF produces 0 RP (not negative RP)","duration":0.10429999999996653,"failureMessages":[],"meta":{},"tags":[]},{"ancestorTitles":["executePostCombatLoop — Trauma Assessment"],"fullName":"executePostCombatLoop — Trauma Assessment officer AT max stress gains a Trauma and resets","status":"passed","title":"officer AT max stress gains a Trauma and resets","duration":1.052799999999479,"failureMessages":[],"meta":{},"tags":[]},{"ancestorTitles":["executePostCombatLoop — Trauma Assessment"],"fullName":"executePostCombatLoop — Trauma Assessment officer below max stress resets but gains no Trauma","status":"passed","title":"officer below max stress resets but gains no Trauma","duration":0.22729999999955908,"failureMessages":[],"meta":{},"tags":[]},{"ancestorTitles":["executePostCombatLoop — Trauma Assessment"],"fullName":"executePostCombatLoop — Trauma Assessment stress-immune officer (stressLimit=null) is skipped","status":"passed","title":"stress-immune officer (stressLimit=null) is skipped","duration":0.3079999999999927,"failureMessages":[],"meta":{},"tags":[]},{"ancestorTitles":["executePostCombatLoop — Trauma Assessment"],"fullName":"executePostCombatLoop — Trauma Assessment multiple officers maxed → each gets individual Trauma","status":"passed","title":"multiple officers maxed → each gets individual Trauma","duration":0.22659999999996217,"failureMessages":[],"meta":{},"tags":[]},{"ancestorTitles":["executePostCombatLoop — Damage Consolidation"],"fullName":"executePostCombatLoop — Damage Consolidation active (unrepaired) crits become Ship Scars","status":"passed","title":"active (unrepaired) crits become Ship Scars","duration":0.42379999999957363,"failureMessages":[],"meta":{},"tags":[]},{"ancestorTitles":["executePostCombatLoop — Damage Consolidation"],"fullName":"executePostCombatLoop — Damage Consolidation repaired crits do NOT become scars","status":"passed","title":"repaired crits do NOT become scars","duration":0.2536000000000058,"failureMessages":[],"meta":{},"tags":[]},{"ancestorTitles":["executePostCombatLoop — Damage Consolidation"],"fullName":"executePostCombatLoop — Damage Consolidation ship with no crits produces no scars","status":"passed","title":"ship with no crits produces no scars","duration":0.12849999999980355,"failureMessages":[],"meta":{},"tags":[]},{"ancestorTitles":["resolveEventOption"],"fullName":"resolveEventOption Event 01 Option \"strip\": +30 RP, -2 FF, stress all","status":"passed","title":"Event 01 Option \"strip\": +30 RP, -2 FF, stress all","duration":0.25820000000021537,"failureMessages":[],"meta":{},"tags":[]},{"ancestorTitles":["resolveEventOption"],"fullName":"resolveEventOption Event 01 Option \"divert\": -10 RP, +2 FF, stress recover all","status":"passed","title":"Event 01 Option \"divert\": -10 RP, +2 FF, stress recover all","duration":0.14140000000043074,"failureMessages":[],"meta":{},"tags":[]},{"ancestorTitles":["resolveEventOption"],"fullName":"resolveEventOption Event 01 Option \"leave\": nothing","status":"passed","title":"Event 01 Option \"leave\": nothing","duration":0.1587999999992462,"failureMessages":[],"meta":{},"tags":[]},{"ancestorTitles":["resolveEventOption"],"fullName":"resolveEventOption Event 02: roll 1 triggers bad effects (EMP saboteur)","status":"passed","title":"Event 02: roll 1 triggers bad effects (EMP saboteur)","duration":0.16229999999995925,"failureMessages":[],"meta":{},"tags":[]},{"ancestorTitles":["resolveEventOption"],"fullName":"resolveEventOption Event 02: roll 4 triggers good effects (genuine intel)","status":"passed","title":"Event 02: roll 4 triggers good effects (genuine intel)","duration":0.10120000000006257,"failureMessages":[],"meta":{},"tags":[]},{"ancestorTitles":["resolveEventOption"],"fullName":"resolveEventOption Event 05 \"trade-reputation\": -4 FF and no exclusive item","status":"passed","title":"Event 05 \"trade-reputation\": -4 FF and no exclusive item","duration":0.2959000000000742,"failureMessages":[],"meta":{},"tags":[]},{"ancestorTitles":["resolveEventOption"],"fullName":"resolveEventOption Event 06: roll 2 transforms to Combat with +5 threat","status":"passed","title":"Event 06: roll 2 transforms to Combat with +5 threat","duration":0.09199999999964348,"failureMessages":[],"meta":{},"tags":[]},{"ancestorTitles":["resolveEventOption"],"fullName":"resolveEventOption Event 06: roll 5 gives +35 RP and hull patches","status":"passed","title":"Event 06: roll 5 gives +35 RP and hull patches","duration":0.0900999999994383,"failureMessages":[],"meta":{},"tags":[]},{"ancestorTitles":["resolveEventOption"],"fullName":"resolveEventOption Event 21 \"ambush\": transforms to combat, enemies have 0 shields round 1, player acts first","status":"passed","title":"Event 21 \"ambush\": transforms to combat, enemies have 0 shields round 1, player acts first","duration":0.10739999999987049,"failureMessages":[],"meta":{},"tags":[]},{"ancestorTitles":["resolveEventOption"],"fullName":"resolveEventOption Event 17 good outcome: skip node + gain tech","status":"passed","title":"Event 17 good outcome: skip node + gain tech","duration":0.18659999999999854,"failureMessages":[],"meta":{},"tags":[]},{"ancestorTitles":["resolveEventOption"],"fullName":"resolveEventOption Event 24 good outcome: awards 2 tech","status":"passed","title":"Event 24 good outcome: awards 2 tech","duration":0.09019999999964057,"failureMessages":[],"meta":{},"tags":[]},{"ancestorTitles":["resolveEventOption"],"fullName":"resolveEventOption supports granting a specific weapon from a gated option","status":"passed","title":"supports granting a specific weapon from a gated option","duration":0.6374000000005253,"failureMessages":[],"meta":{},"tags":[]},{"ancestorTitles":["resolveEventOption"],"fullName":"resolveEventOption can auto-resolve a gated option success branch without rolling","status":"passed","title":"can auto-resolve a gated option success branch without rolling","duration":0.1345999999994092,"failureMessages":[],"meta":{},"tags":[]},{"ancestorTitles":["resolveEventOption"],"fullName":"resolveEventOption throws for unknown event ID","status":"passed","title":"throws for unknown event ID","duration":0.3876000000000204,"failureMessages":[],"meta":{},"tags":[]},{"ancestorTitles":["resolveEventOption"],"fullName":"resolveEventOption throws for unknown option ID","status":"passed","title":"throws for unknown option ID","duration":0.08670000000074651,"failureMessages":[],"meta":{},"tags":[]},{"ancestorTitles":["event requirements framework"],"fullName":"event requirements framework marks officer-gated options as available when the officer is present","status":"passed","title":"marks officer-gated options as available when the officer is present","duration":0.2841000000007625,"failureMessages":[],"meta":{},"tags":[]},{"ancestorTitles":["event requirements framework"],"fullName":"event requirements framework can hide options when requirements are not met","status":"passed","title":"can hide options when requirements are not met","duration":0.1426999999994223,"failureMessages":[],"meta":{},"tags":[]},{"ancestorTitles":["applyEventResolution"],"fullName":"applyEventResolution adds granted weapons and subsystems to the fleet stash","status":"passed","title":"adds granted weapons and subsystems to the fleet stash","duration":0.5234999999993306,"failureMessages":[],"meta":{},"tags":[]},{"ancestorTitles":["applyEventResolution"],"fullName":"applyEventResolution adds pending economic buffs from event outcomes","status":"passed","title":"adds pending economic buffs from event outcomes","duration":0.22440000000005966,"failureMessages":[],"meta":{},"tags":[]},{"ancestorTitles":["purchaseHullPatch"],"fullName":"purchaseHullPatch costs 5 RP and restores 1 hull","status":"passed","title":"costs 5 RP and restores 1 hull","duration":0.2260999999998603,"failureMessages":[],"meta":{},"tags":[]},{"ancestorTitles":["purchaseHullPatch"],"fullName":"purchaseHullPatch costs 3 RP with Smuggler's Manifest","status":"passed","title":"costs 3 RP with Smuggler's Manifest","duration":0.06759999999940192,"failureMessages":[],"meta":{},"tags":[]},{"ancestorTitles":["purchaseHullPatch"],"fullName":"purchaseHullPatch fails if not enough RP","status":"passed","title":"fails if not enough RP","duration":0.04320000000006985,"failureMessages":[],"meta":{},"tags":[]},{"ancestorTitles":["purchaseHullPatch"],"fullName":"purchaseHullPatch fails if ship is already at max hull","status":"passed","title":"fails if ship is already at max hull","duration":0.049500000000080036,"failureMessages":[],"meta":{},"tags":[]},{"ancestorTitles":["scrapItem"],"fullName":"scrapItem gains 15 RP for a scrapped subsystem","status":"passed","title":"gains 15 RP for a scrapped subsystem","duration":0.09389999999984866,"failureMessages":[],"meta":{},"tags":[]},{"ancestorTitles":["scrapItem"],"fullName":"scrapItem gains 15 RP for a scrapped weapon","status":"passed","title":"gains 15 RP for a scrapped weapon","duration":0.06720000000041182,"failureMessages":[],"meta":{},"tags":[]},{"ancestorTitles":["purchasePsychEval"],"fullName":"purchasePsychEval costs 20 RP and removes a Trauma","status":"passed","title":"costs 20 RP and removes a Trauma","duration":0.10159999999996217,"failureMessages":[],"meta":{},"tags":[]},{"ancestorTitles":["purchasePsychEval"],"fullName":"purchasePsychEval fails with insufficient RP","status":"passed","title":"fails with insufficient RP","duration":0.05789999999979045,"failureMessages":[],"meta":{},"tags":[]},{"ancestorTitles":["purchasePsychEval"],"fullName":"purchasePsychEval fails if officer has no traumas","status":"passed","title":"fails if officer has no traumas","duration":0.04279999999926076,"failureMessages":[],"meta":{},"tags":[]},{"ancestorTitles":["purchaseDeepRepair"],"fullName":"purchaseDeepRepair costs 30 RP and removes a Scar","status":"passed","title":"costs 30 RP and removes a Scar","duration":0.12269999999989523,"failureMessages":[],"meta":{},"tags":[]},{"ancestorTitles":["purchaseDeepRepair"],"fullName":"purchaseDeepRepair fails with insufficient RP","status":"passed","title":"fails with insufficient RP","duration":0.03779999999915162,"failureMessages":[],"meta":{},"tags":[]},{"ancestorTitles":["purchaseDeepRepair"],"fullName":"purchaseDeepRepair fails if ship does not have that Scar","status":"passed","title":"fails if ship does not have that Scar","duration":0.030899999999746797,"failureMessages":[],"meta":{},"tags":[]},{"ancestorTitles":["purchaseOfficerTraining"],"fullName":"purchaseOfficerTraining Rookie to Veteran costs 15 RP","status":"passed","title":"Rookie to Veteran costs 15 RP","duration":0.10390000000006694,"failureMessages":[],"meta":{},"tags":[]},{"ancestorTitles":["purchaseOfficerTraining"],"fullName":"purchaseOfficerTraining Veteran to Elite costs 30 RP","status":"passed","title":"Veteran to Elite costs 30 RP","duration":0.051899999999477586,"failureMessages":[],"meta":{},"tags":[]},{"ancestorTitles":["purchaseOfficerTraining"],"fullName":"purchaseOfficerTraining Elite cannot be upgraded at drydock (Legendary is narrative only)","status":"passed","title":"Elite cannot be upgraded at drydock (Legendary is narrative only)","duration":0.03129999999964639,"failureMessages":[],"meta":{},"tags":[]},{"ancestorTitles":["purchaseOfficerTraining"],"fullName":"purchaseOfficerTraining fails with insufficient RP","status":"passed","title":"fails with insufficient RP","duration":0.02959999999984575,"failureMessages":[],"meta":{},"tags":[]},{"ancestorTitles":["generateMarketInventory"],"fullName":"generateMarketInventory draws 3 weapons and 3 subsystems","status":"passed","title":"draws 3 weapons and 3 subsystems","duration":0.37820000000010623,"failureMessages":[],"meta":{},"tags":[]},{"ancestorTitles":["generateMarketInventory"],"fullName":"generateMarketInventory weapons are valid weapon IDs","status":"passed","title":"weapons are valid weapon IDs","duration":0.21160000000054424,"failureMessages":[],"meta":{},"tags":[]},{"ancestorTitles":["generateMarketInventory"],"fullName":"generateMarketInventory includes 1 or 2 event items in the standard market","status":"passed","title":"includes 1 or 2 event items in the standard market","duration":0.12820000000010623,"failureMessages":[],"meta":{},"tags":[]},{"ancestorTitles":["advanceToNextSector"],"fullName":"advanceToNextSector sector 1 → 2 is not a campaign victory","status":"passed","title":"sector 1 → 2 is not a campaign victory","duration":0.09249999999974534,"failureMessages":[],"meta":{},"tags":[]},{"ancestorTitles":["advanceToNextSector"],"fullName":"advanceToNextSector sector 2 → 3 is not a campaign victory","status":"passed","title":"sector 2 → 3 is not a campaign victory","duration":0.04370000000017171,"failureMessages":[],"meta":{},"tags":[]},{"ancestorTitles":["advanceToNextSector"],"fullName":"advanceToNextSector completing sector 3 triggers campaign victory","status":"passed","title":"completing sector 3 triggers campaign victory","duration":0.033800000000155705,"failureMessages":[],"meta":{},"tags":[]},{"ancestorTitles":["checkTotalWipe"],"fullName":"checkTotalWipe all ships destroyed → total wipe","status":"passed","title":"all ships destroyed → total wipe","duration":0.07399999999961437,"failureMessages":[],"meta":{},"tags":[]},{"ancestorTitles":["checkTotalWipe"],"fullName":"checkTotalWipe one ship surviving → not a wipe","status":"passed","title":"one ship surviving → not a wipe","duration":0.035499999999956344,"failureMessages":[],"meta":{},"tags":[]},{"ancestorTitles":["checkTotalWipe"],"fullName":"checkTotalWipe empty fleet → wipe (edge case)","status":"passed","title":"empty fleet → wipe (edge case)","duration":0.02599999999983993,"failureMessages":[],"meta":{},"tags":[]},{"ancestorTitles":["applyShipReplacement"],"fullName":"applyShipReplacement rebuilds a destroyed ship with a Vanguard and rookie officers","status":"passed","title":"rebuilds a destroyed ship with a Vanguard and rookie officers","duration":0.23399999999946886,"failureMessages":[],"meta":{},"tags":[]}],"startTime":1778203727473,"endTime":1778203727484.234,"status":"passed","message":"","name":"C:/Users/Adam/Dropbox/Documents/homework/Personal Projects/Chain of Command Game/app/src/engine/campaignEngine.test.ts"},{"assertionResults":[{"ancestorTitles":["combat engine"],"fullName":"combat engine calculateTN computes correct target number","status":"passed","title":"calculateTN computes correct target number","duration":1.0703000000003158,"failureMessages":[],"meta":{},"tags":[]},{"ancestorTitles":["combat engine"],"fullName":"combat engine calculateTN applies ion nebula targeting reduction","status":"passed","title":"calculateTN applies ion nebula targeting reduction","duration":0.13910000000032596,"failureMessages":[],"meta":{},"tags":[]},{"ancestorTitles":["combat engine"],"fullName":"combat engine calculateTN aggregates named modifiers correctly","status":"passed","title":"calculateTN aggregates named modifiers correctly","duration":0.36409999999978027,"failureMessages":[],"meta":{},"tags":[]},{"ancestorTitles":["combat engine"],"fullName":"combat engine assembleVolleyPool combines weapon and tactical officer die","status":"passed","title":"assembleVolleyPool combines weapon and tactical officer die","duration":0.29579999999987194,"failureMessages":[],"meta":{},"tags":[]},{"ancestorTitles":["combat engine"],"fullName":"combat engine assembleVolleyPool upgrades one die when upgradeOneDie is true","status":"passed","title":"assembleVolleyPool upgrades one die when upgradeOneDie is true","duration":0.1532999999999447,"failureMessages":[],"meta":{},"tags":[]},{"ancestorTitles":["combat engine"],"fullName":"combat engine resolveAttack correctly applies hits, shields, and armor","status":"passed","title":"resolveAttack correctly applies hits, shields, and armor","duration":0.9059000000006563,"failureMessages":[],"meta":{},"tags":[]},{"ancestorTitles":["combat engine"],"fullName":"combat engine resolveAttack bypasses armor for target-painted volleys","status":"passed","title":"resolveAttack bypasses armor for target-painted volleys","duration":0.3636999999998807,"failureMessages":[],"meta":{},"tags":[]},{"ancestorTitles":["combat engine"],"fullName":"combat engine resolveAttack converts one standard hit into a crit when tachyon strike is active","status":"passed","title":"resolveAttack converts one standard hit into a crit when tachyon strike is active","duration":0.2481000000007043,"failureMessages":[],"meta":{},"tags":[]},{"ancestorTitles":["combat engine"],"fullName":"combat engine applies the full fighter vulnerability modifier to point defense attacks","status":"passed","title":"applies the full fighter vulnerability modifier to point defense attacks","duration":0.18099999999958527,"failureMessages":[],"meta":{},"tags":[]},{"ancestorTitles":["combat engine"],"fullName":"combat engine applies the fighter vulnerability modifier to flak attacks","status":"passed","title":"applies the fighter vulnerability modifier to flak attacks","duration":0.18220000000019354,"failureMessages":[],"meta":{},"tags":[]},{"ancestorTitles":["combat engine"],"fullName":"combat engine does not apply the small-craft tracking modifier to non-fighter small ships","status":"passed","title":"does not apply the small-craft tracking modifier to non-fighter small ships","duration":0.11489999999957945,"failureMessages":[],"meta":{},"tags":[]},{"ancestorTitles":["combat engine"],"fullName":"combat engine resolveAttack sets isConverted for hits meeting a critThresholdOverride","status":"passed","title":"resolveAttack sets isConverted for hits meeting a critThresholdOverride","duration":0.1782999999995809,"failureMessages":[],"meta":{},"tags":[]},{"ancestorTitles":["combat engine"],"fullName":"combat engine Ion Emitter Array critical hits deal 0 hull damage (shield breaker property)","status":"passed","title":"Ion Emitter Array critical hits deal 0 hull damage (shield breaker property)","duration":1.0985000000000582,"failureMessages":[],"meta":{},"tags":[]}],"startTime":1778203738050,"endTime":1778203738055.0984,"status":"passed","message":"","name":"C:/Users/Adam/Dropbox/Documents/homework/Personal Projects/Chain of Command Game/app/src/engine/combat.test.ts"},{"assertionResults":[{"ancestorTitles":["combat engine Spoofed Fire Control"],"fullName":"combat engine Spoofed Fire Control resolveAttack passes spoofedFireControlActive to rollVolley","status":"passed","title":"resolveAttack passes spoofedFireControlActive to rollVolley","duration":3.4940999999998894,"failureMessages":[],"meta":{},"tags":[]},{"ancestorTitles":["combat engine Spoofed Fire Control"],"fullName":"combat engine Spoofed Fire Control resolveAttack fixes the critThresholdOverride bug","status":"passed","title":"resolveAttack fixes the critThresholdOverride bug","duration":0.8695999999999913,"failureMessages":[],"meta":{},"tags":[]}],"startTime":1778203747640,"endTime":1778203747643.8696,"status":"passed","message":"","name":"C:/Users/Adam/Dropbox/Documents/homework/Personal Projects/Chain of Command Game/app/src/engine/combat_spoof.test.ts"},{"assertionResults":[{"ancestorTitles":["GameStateMachine — checkGameOverConditions","Universal Conditions"],"fullName":"GameStateMachine — checkGameOverConditions Universal Conditions triggers defeat if Fleet Favor is <= -5","status":"passed","title":"triggers defeat if Fleet Favor is <= -5","duration":1.2422999999998865,"failureMessages":[],"meta":{},"tags":[]},{"ancestorTitles":["GameStateMachine — checkGameOverConditions","Universal Conditions"],"fullName":"GameStateMachine — checkGameOverConditions Universal Conditions triggers defeat if all player ships are destroyed","status":"passed","title":"triggers defeat if all player ships are destroyed","duration":0.347500000000764,"failureMessages":[],"meta":{},"tags":[]},{"ancestorTitles":["GameStateMachine — checkGameOverConditions","Universal Conditions"],"fullName":"GameStateMachine — checkGameOverConditions Universal Conditions triggers defeat if all player ships have retreated without winning","status":"passed","title":"triggers defeat if all player ships have retreated without winning","duration":0.22379999999975553,"failureMessages":[],"meta":{},"tags":[]},{"ancestorTitles":["GameStateMachine — checkGameOverConditions","Universal Conditions","Round Limit"],"fullName":"GameStateMachine — checkGameOverConditions Universal Conditions Round Limit triggers defeat when round exceeds maxRounds","status":"passed","title":"triggers defeat when round exceeds maxRounds","duration":0.20159999999941647,"failureMessages":[],"meta":{},"tags":[]},{"ancestorTitles":["GameStateMachine — checkGameOverConditions","Universal Conditions","Round Limit"],"fullName":"GameStateMachine — checkGameOverConditions Universal Conditions Round Limit does NOT trigger defeat if maxRounds is null (infinite rounds)","status":"passed","title":"does NOT trigger defeat if maxRounds is null (infinite rounds)","duration":0.16049999999995634,"failureMessages":[],"meta":{},"tags":[]},{"ancestorTitles":["GameStateMachine — checkGameOverConditions","Universal Conditions","Round Limit"],"fullName":"GameStateMachine — checkGameOverConditions Universal Conditions Round Limit does NOT trigger defeat if round is exactly maxRounds","status":"passed","title":"does NOT trigger defeat if round is exactly maxRounds","duration":0.13040000000000873,"failureMessages":[],"meta":{},"tags":[]},{"ancestorTitles":["GameStateMachine — checkGameOverConditions","Search & Destroy"],"fullName":"GameStateMachine — checkGameOverConditions Search & Destroy wins when all enemies are destroyed","status":"passed","title":"wins when all enemies are destroyed","duration":0.19329999999990832,"failureMessages":[],"meta":{},"tags":[]},{"ancestorTitles":["GameStateMachine — checkGameOverConditions","Assassination"],"fullName":"GameStateMachine — checkGameOverConditions Assassination wins when the flagship is destroyed","status":"passed","title":"wins when the flagship is destroyed","duration":0.16710000000057335,"failureMessages":[],"meta":{},"tags":[]},{"ancestorTitles":["GameStateMachine — checkGameOverConditions","Assassination"],"fullName":"GameStateMachine — checkGameOverConditions Assassination continues if only regular escorts are destroyed","status":"passed","title":"continues if only regular escorts are destroyed","duration":0.15009999999983847,"failureMessages":[],"meta":{},"tags":[]},{"ancestorTitles":["GameStateMachine — checkGameOverConditions","Breakout"],"fullName":"GameStateMachine — checkGameOverConditions Breakout wins when 50% of fleet escapes via zone (2 ships, 1 needed)","status":"passed","title":"wins when 50% of fleet escapes via zone (2 ships, 1 needed)","duration":0.22920000000067375,"failureMessages":[],"meta":{},"tags":[]},{"ancestorTitles":["GameStateMachine — checkGameOverConditions","Breakout"],"fullName":"GameStateMachine — checkGameOverConditions Breakout continues if ships warped out but NOT enough via zone","status":"passed","title":"continues if ships warped out but NOT enough via zone","duration":0.1845999999995911,"failureMessages":[],"meta":{},"tags":[]},{"ancestorTitles":["GameStateMachine — checkGameOverConditions","Breakout"],"fullName":"GameStateMachine — checkGameOverConditions Breakout triggers defeat if last ship on board retreats/dies without meeting goal","status":"passed","title":"triggers defeat if last ship on board retreats/dies without meeting goal","duration":0.13839999999981956,"failureMessages":[],"meta":{},"tags":[]},{"ancestorTitles":["GameStateMachine — checkGameOverConditions","Data Siphon"],"fullName":"GameStateMachine — checkGameOverConditions Data Siphon wins when all 3 relays are siphoned","status":"passed","title":"wins when all 3 relays are siphoned","duration":0.15529999999944266,"failureMessages":[],"meta":{},"tags":[]},{"ancestorTitles":["GameStateMachine — checkGameOverConditions","Data Siphon"],"fullName":"GameStateMachine — checkGameOverConditions Data Siphon continues if only 2 relays are siphoned","status":"passed","title":"continues if only 2 relays are siphoned","duration":0.11189999999987776,"failureMessages":[],"meta":{},"tags":[]},{"ancestorTitles":["GameStateMachine — checkGameOverConditions","Hold the Line"],"fullName":"GameStateMachine — checkGameOverConditions Hold the Line wins at the end of Round 6 if player still has ships","status":"passed","title":"wins at the end of Round 6 if player still has ships","duration":0.14609999999993306,"failureMessages":[],"meta":{},"tags":[]},{"ancestorTitles":["GameStateMachine — checkGameOverConditions","Hold the Line"],"fullName":"GameStateMachine — checkGameOverConditions Hold the Line continues during Round 1-5","status":"passed","title":"continues during Round 1-5","duration":0.08689999999933207,"failureMessages":[],"meta":{},"tags":[]},{"ancestorTitles":["GameStateMachine — checkGameOverConditions","Salvage Run"],"fullName":"GameStateMachine — checkGameOverConditions Salvage Run wins when 3 crates collected AND at least one ship warped out","status":"passed","title":"wins when 3 crates collected AND at least one ship warped out","duration":0.11989999999968859,"failureMessages":[],"meta":{},"tags":[]},{"ancestorTitles":["GameStateMachine — checkGameOverConditions","Salvage Run"],"fullName":"GameStateMachine — checkGameOverConditions Salvage Run continues if 3 crates collected but no ships jumped yet","status":"passed","title":"continues if 3 crates collected but no ships jumped yet","duration":0.07970000000022992,"failureMessages":[],"meta":{},"tags":[]},{"ancestorTitles":["GameStateMachine — checkGameOverConditions","Handcrafted Scenarios"],"fullName":"GameStateMachine — checkGameOverConditions Handcrafted Scenarios wins \"Ambush at Kaelen-IV\" when Comms Array is destroyed","status":"passed","title":"wins \"Ambush at Kaelen-IV\" when Comms Array is destroyed","duration":0.1570000000001528,"failureMessages":[],"meta":{},"tags":[]}],"startTime":1778203746482,"endTime":1778203746487.157,"status":"passed","message":"","name":"C:/Users/Adam/Dropbox/Documents/homework/Personal Projects/Chain of Command Game/app/src/engine/GameStateMachine.test.ts"},{"assertionResults":[{"ancestorTitles":["Gravity Well Engine"],"fullName":"Gravity Well Engine pulls ships within range 5 toward the well","status":"passed","title":"pulls ships within range 5 toward the well","duration":2.6685999999999694,"failureMessages":[],"meta":{},"tags":[]},{"ancestorTitles":["Gravity Well Engine"],"fullName":"Gravity Well Engine does not pull ships already at the center (dist 0)","status":"passed","title":"does not pull ships already at the center (dist 0)","duration":0.2911999999996624,"failureMessages":[],"meta":{},"tags":[]},{"ancestorTitles":["Gravity Well Engine"],"fullName":"Gravity Well Engine does not pull ships beyond range 5","status":"passed","title":"does not pull ships beyond range 5","duration":0.19530000000031578,"failureMessages":[],"meta":{},"tags":[]},{"ancestorTitles":["Gravity Well Engine"],"fullName":"Gravity Well Engine resolves collisions when pulled into an occupied hex","status":"passed","title":"resolves collisions when pulled into an occupied hex","duration":0.6062000000001717,"failureMessages":[],"meta":{},"tags":[]},{"ancestorTitles":["Gravity Well Engine"],"fullName":"Gravity Well Engine handles multiple wells by pulling toward the first one in range","status":"passed","title":"handles multiple wells by pulling toward the first one in range","duration":0.23039999999946303,"failureMessages":[],"meta":{},"tags":[]}],"startTime":1778203747844,"endTime":1778203747848.2305,"status":"passed","message":"","name":"C:/Users/Adam/Dropbox/Documents/homework/Personal Projects/Chain of Command Game/app/src/engine/gravityWell.test.ts"},{"assertionResults":[{"ancestorTitles":["hexGrid"],"fullName":"hexGrid hexDistance computes correctly","status":"passed","title":"hexDistance computes correctly","duration":1.502599999999802,"failureMessages":[],"meta":{},"tags":[]},{"ancestorTitles":["hexGrid"],"fullName":"hexGrid getRangeBand returns correct bands","status":"passed","title":"getRangeBand returns correct bands","duration":0.2129000000004453,"failureMessages":[],"meta":{},"tags":[]},{"ancestorTitles":["hexGrid"],"fullName":"hexGrid hexNeighbor returns correct neighbor","status":"passed","title":"hexNeighbor returns correct neighbor","duration":0.6791000000002896,"failureMessages":[],"meta":{},"tags":[]},{"ancestorTitles":["hexGrid"],"fullName":"hexGrid computeDriftPath returns correct path","status":"passed","title":"computeDriftPath returns correct path","duration":0.25340000000051077,"failureMessages":[],"meta":{},"tags":[]},{"ancestorTitles":["hexGrid"],"fullName":"hexGrid determineStruckShieldSector calculates correctly","status":"passed","title":"determineStruckShieldSector calculates correctly","duration":0.2084999999997308,"failureMessages":[],"meta":{},"tags":[]},{"ancestorTitles":["hexGrid"],"fullName":"hexGrid checkLineOfSight detects blocking terrain","status":"passed","title":"checkLineOfSight detects blocking terrain","duration":0.5825000000004366,"failureMessages":[],"meta":{},"tags":[]},{"ancestorTitles":["hexGrid"],"fullName":"hexGrid checkLineOfSight ignores non-blocking terrain","status":"passed","title":"checkLineOfSight ignores non-blocking terrain","duration":0.21129999999993743,"failureMessages":[],"meta":{},"tags":[]}],"startTime":1778203746344,"endTime":1778203746348.2112,"status":"passed","message":"","name":"C:/Users/Adam/Dropbox/Documents/homework/Personal Projects/Chain of Command Game/app/src/engine/hexGrid.test.ts"},{"assertionResults":[{"ancestorTitles":["generateSectorMap - 15-tier structure"],"fullName":"generateSectorMap - 15-tier structure maxLayer is 14 (15 total tiers: 0-14)","status":"passed","title":"maxLayer is 14 (15 total tiers: 0-14)","duration":3.2582000000002154,"failureMessages":[],"meta":{},"tags":[]},{"ancestorTitles":["generateSectorMap - 15-tier structure"],"fullName":"generateSectorMap - 15-tier structure has exactly one Start node at layer 0","status":"passed","title":"has exactly one Start node at layer 0","duration":0.7373999999999796,"failureMessages":[],"meta":{},"tags":[]},{"ancestorTitles":["generateSectorMap - 15-tier structure"],"fullName":"generateSectorMap - 15-tier structure has exactly one Boss node at layer 14","status":"passed","title":"has exactly one Boss node at layer 14","duration":0.37159999999948923,"failureMessages":[],"meta":{},"tags":[]},{"ancestorTitles":["generateSectorMap - 15-tier structure"],"fullName":"generateSectorMap - 15-tier structure has exactly 3 Haven nodes (at tiers 4, 8, 12)","status":"passed","title":"has exactly 3 Haven nodes (at tiers 4, 8, 12)","duration":0.8518000000003667,"failureMessages":[],"meta":{},"tags":[]},{"ancestorTitles":["generateSectorMap - 15-tier structure"],"fullName":"generateSectorMap - 15-tier structure haven tiers keep alternate non-market routes","status":"passed","title":"haven tiers keep alternate non-market routes","duration":0.6454000000003361,"failureMessages":[],"meta":{},"tags":[]},{"ancestorTitles":["generateSectorMap - 15-tier structure"],"fullName":"generateSectorMap - 15-tier structure has at least 2 Elite nodes in the middle tiers","status":"passed","title":"has at least 2 Elite nodes in the middle tiers","duration":0.2502999999996973,"failureMessages":[],"meta":{},"tags":[]},{"ancestorTitles":["generateSectorMap - 15-tier structure"],"fullName":"generateSectorMap - 15-tier structure no Elite nodes appear at tier 1 (protected first step)","status":"passed","title":"no Elite nodes appear at tier 1 (protected first step)","duration":0.20250000000032742,"failureMessages":[],"meta":{},"tags":[]},{"ancestorTitles":["generateSectorMap - 15-tier structure"],"fullName":"generateSectorMap - 15-tier structure has at least 3 Event nodes per map","status":"passed","title":"has at least 3 Event nodes per map","duration":0.2157999999999447,"failureMessages":[],"meta":{},"tags":[]},{"ancestorTitles":["generateSectorMap - 15-tier structure"],"fullName":"generateSectorMap - 15-tier structure all paths point forward only (layer n -> layer n+1)","status":"passed","title":"all paths point forward only (layer n -> layer n+1)","duration":1.0243000000000393,"failureMessages":[],"meta":{},"tags":[]},{"ancestorTitles":["generateSectorMap - 15-tier structure"],"fullName":"generateSectorMap - 15-tier structure every non-start node has at least one incoming connection (no orphans)","status":"passed","title":"every non-start node has at least one incoming connection (no orphans)","duration":0.5129000000006272,"failureMessages":[],"meta":{},"tags":[]},{"ancestorTitles":["generateSectorMap - 15-tier structure"],"fullName":"generateSectorMap - 15-tier structure every non-boss node has at least one outgoing path","status":"passed","title":"every non-boss node has at least one outgoing path","duration":0.450699999999415,"failureMessages":[],"meta":{},"tags":[]},{"ancestorTitles":["generateSectorMap - 15-tier structure"],"fullName":"generateSectorMap - 15-tier structure all middle tiers (1-13) have 2-4 nodes each","status":"passed","title":"all middle tiers (1-13) have 2-4 nodes each","duration":0.3816999999999098,"failureMessages":[],"meta":{},"tags":[]},{"ancestorTitles":["generateSectorMap - 15-tier structure"],"fullName":"generateSectorMap - 15-tier structure market tiers are not mandatory funnels from the previous layer","status":"passed","title":"market tiers are not mandatory funnels from the previous layer","duration":0.7881999999999607,"failureMessages":[],"meta":{},"tags":[]},{"ancestorTitles":["generateSectorMap - 15-tier structure"],"fullName":"generateSectorMap - 15-tier structure is deterministic for the same seed","status":"passed","title":"is deterministic for the same seed","duration":0.3724000000001979,"failureMessages":[],"meta":{},"tags":[]},{"ancestorTitles":["generateSectorMap - 15-tier structure"],"fullName":"generateSectorMap - 15-tier structure different seeds produce different maps","status":"passed","title":"different seeds produce different maps","duration":1.132300000000214,"failureMessages":[],"meta":{},"tags":[]}],"startTime":1778203733783,"endTime":1778203733794.1323,"status":"passed","message":"","name":"C:/Users/Adam/Dropbox/Documents/homework/Personal Projects/Chain of Command Game/app/src/engine/mapGenerator.test.ts"},{"assertionResults":[{"ancestorTitles":["Map Generator Positioning"],"fullName":"Map Generator Positioning should clamp all node horizontal positions between 0.10 and 0.90","status":"passed","title":"should clamp all node horizontal positions between 0.10 and 0.90","duration":5.267299999999523,"failureMessages":[],"meta":{},"tags":[]}],"startTime":1778203738508,"endTime":1778203738513.2673,"status":"passed","message":"","name":"C:/Users/Adam/Dropbox/Documents/homework/Personal Projects/Chain of Command Game/app/src/engine/mapPositioning.test.ts"},{"assertionResults":[{"ancestorTitles":["Mitigation Calculation Fix Verification"],"fullName":"Mitigation Calculation Fix Verification should correctly calculate net overflow hits (remaining damage)","status":"passed","title":"should correctly calculate net overflow hits (remaining damage)","duration":2.558100000000195,"failureMessages":[],"meta":{},"tags":[]},{"ancestorTitles":["Mitigation Calculation Fix Verification"],"fullName":"Mitigation Calculation Fix Verification should respect the \"Min 1\" rule even when armor roll exceeds overflow hits","status":"passed","title":"should respect the \"Min 1\" rule even when armor roll exceeds overflow hits","duration":0.417699999999968,"failureMessages":[],"meta":{},"tags":[]}],"startTime":1778203748288,"endTime":1778203748291.4177,"status":"passed","message":"","name":"C:/Users/Adam/Dropbox/Documents/homework/Personal Projects/Chain of Command Game/app/src/engine/mitigationRepro.test.ts"},{"assertionResults":[{"ancestorTitles":["movement engine"],"fullName":"movement engine executeDrift moves the ship cleanly in open space","status":"passed","title":"executeDrift moves the ship cleanly in open space","duration":2.313600000000406,"failureMessages":[],"meta":{},"tags":[]},{"ancestorTitles":["movement engine"],"fullName":"movement engine executeDrift Halts and damages on collision","status":"passed","title":"executeDrift Halts and damages on collision","duration":0.6109999999998763,"failureMessages":[],"meta":{},"tags":[]},{"ancestorTitles":["movement engine"],"fullName":"movement engine executeDrift Halts on asteroids (ship enters asteroid hex)","status":"passed","title":"executeDrift Halts on asteroids (ship enters asteroid hex)","duration":0.37740000000030705,"failureMessages":[],"meta":{},"tags":[]},{"ancestorTitles":["movement engine"],"fullName":"movement engine executeDrift applies asteroid hull damage after a failed entry roll","status":"passed","title":"executeDrift applies asteroid hull damage after a failed entry roll","duration":0.6855999999997948,"failureMessages":[],"meta":{},"tags":[]},{"ancestorTitles":["movement engine"],"fullName":"movement engine rotateShip rotates correctly","status":"passed","title":"rotateShip rotates correctly","duration":0.27229999999963184,"failureMessages":[],"meta":{},"tags":[]},{"ancestorTitles":["movement engine"],"fullName":"movement engine adjustSpeed clamps correctly","status":"passed","title":"adjustSpeed clamps correctly","duration":0.2644000000000233,"failureMessages":[],"meta":{},"tags":[]},{"ancestorTitles":["movement engine"],"fullName":"movement engine canOccupyHex allows small craft stacking up to 3","status":"passed","title":"canOccupyHex allows small craft stacking up to 3","duration":0.23480000000017753,"failureMessages":[],"meta":{},"tags":[]}],"startTime":1778203741786,"endTime":1778203741791.2349,"status":"passed","message":"","name":"C:/Users/Adam/Dropbox/Documents/homework/Personal Projects/Chain of Command Game/app/src/engine/movement.test.ts"},{"assertionResults":[{"ancestorTitles":["Bug 6 Deep Dive"],"fullName":"Bug 6 Deep Dive should correctly handle a critical die that explodes into another hit","status":"passed","title":"should correctly handle a critical die that explodes into another hit","duration":4.515799999999217,"failureMessages":[],"meta":{},"tags":[]}],"startTime":1778203747393,"endTime":1778203747397.5159,"status":"passed","message":"","name":"C:/Users/Adam/Dropbox/Documents/homework/Personal Projects/Chain of Command Game/app/src/engine/reproBug6.test.ts"},{"assertionResults":[{"ancestorTitles":["getCombatScenarioProgress station tracking"],"fullName":"getCombatScenarioProgress station tracking tracks Station Siege objective correctly","status":"passed","title":"tracks Station Siege objective correctly","duration":1.840099999999893,"failureMessages":[],"meta":{},"tags":[]},{"ancestorTitles":["getCombatScenarioProgress station tracking"],"fullName":"getCombatScenarioProgress station tracking tracks Turret Breach objective correctly","status":"passed","title":"tracks Turret Breach objective correctly","duration":0.2699999999999818,"failureMessages":[],"meta":{},"tags":[]},{"ancestorTitles":["getCombatScenarioProgress station tracking"],"fullName":"getCombatScenarioProgress station tracking tracks stations in Search & Destroy objective","status":"passed","title":"tracks stations in Search & Destroy objective","duration":0.3067999999998392,"failureMessages":[],"meta":{},"tags":[]}],"startTime":1778203748447,"endTime":1778203748449.307,"status":"passed","message":"","name":"C:/Users/Adam/Dropbox/Documents/homework/Personal Projects/Chain of Command Game/app/src/engine/scenarioProgress.test.ts"},{"assertionResults":[{"ancestorTitles":["stress system"],"fullName":"stress system applyStress increases stress safely","status":"passed","title":"applyStress increases stress safely","duration":1.8887999999997191,"failureMessages":[],"meta":{},"tags":[]},{"ancestorTitles":["stress system"],"fullName":"stress system applyStress allows stress to exceed limit without triggering fumble","status":"passed","title":"applyStress allows stress to exceed limit without triggering fumble","duration":0.25569999999970605,"failureMessages":[],"meta":{},"tags":[]},{"ancestorTitles":["stress system"],"fullName":"stress system canOfficerAct prevents acting if locked","status":"passed","title":"canOfficerAct prevents acting if locked","duration":0.2434000000002925,"failureMessages":[],"meta":{},"tags":[]},{"ancestorTitles":["stress system"],"fullName":"stress system calculateStressRecovery computes correctly","status":"passed","title":"calculateStressRecovery computes correctly","duration":0.286099999999351,"failureMessages":[],"meta":{},"tags":[]}],"startTime":1778203747976,"endTime":1778203747979.2861,"status":"passed","message":"","name":"C:/Users/Adam/Dropbox/Documents/homework/Personal Projects/Chain of Command Game/app/src/engine/stress.test.ts"},{"assertionResults":[{"ancestorTitles":["Experimental Tech Effects","Plasma Accelerators"],"fullName":"Experimental Tech Effects Plasma Accelerators increases rangeMax of non-ordnance weapons by 1","status":"passed","title":"increases rangeMax of non-ordnance weapons by 1","duration":3.2906999999995605,"failureMessages":[],"meta":{},"tags":[]},{"ancestorTitles":["Experimental Tech Effects","Plasma Accelerators"],"fullName":"Experimental Tech Effects Plasma Accelerators returns original range if tech not owned","status":"passed","title":"returns original range if tech not owned","duration":0.33920000000034634,"failureMessages":[],"meta":{},"tags":[]},{"ancestorTitles":["Experimental Tech Effects","Void-Glass Lenses"],"fullName":"Experimental Tech Effects Void-Glass Lenses permits reroll if die result is exactly 1","status":"passed","title":"permits reroll if die result is exactly 1","duration":0.34910000000036234,"failureMessages":[],"meta":{},"tags":[]},{"ancestorTitles":["Experimental Tech Effects","Kinetic Siphon"],"fullName":"Experimental Tech Effects Kinetic Siphon restores 1 shield point when a capital ship is killed","status":"passed","title":"restores 1 shield point when a capital ship is killed","duration":0.3099000000001979,"failureMessages":[],"meta":{},"tags":[]},{"ancestorTitles":["Experimental Tech Effects","Inertial Dampeners"],"fullName":"Experimental Tech Effects Inertial Dampeners negates first collision damage instance","status":"passed","title":"negates first collision damage instance","duration":0.3319000000001324,"failureMessages":[],"meta":{},"tags":[]},{"ancestorTitles":["Experimental Tech Effects","Inertial Dampeners"],"fullName":"Experimental Tech Effects Inertial Dampeners does not negate subsequent collision damage","status":"passed","title":"does not negate subsequent collision damage","duration":0.20499999999992724,"failureMessages":[],"meta":{},"tags":[]},{"ancestorTitles":["Experimental Tech Effects","Hard-Light Plating"],"fullName":"Experimental Tech Effects Hard-Light Plating reduces the first point of hull damage by 1","status":"passed","title":"reduces the first point of hull damage by 1","duration":0.2584999999999127,"failureMessages":[],"meta":{},"tags":[]},{"ancestorTitles":["Experimental Tech Effects","Neural Link Uplink"],"fullName":"Experimental Tech Effects Neural Link Uplink grants 1 CT when stress cost is 3 or more","status":"passed","title":"grants 1 CT when stress cost is 3 or more","duration":0.22199999999975262,"failureMessages":[],"meta":{},"tags":[]}],"startTime":1778203747763,"endTime":1778203747769.222,"status":"passed","message":"","name":"C:/Users/Adam/Dropbox/Documents/homework/Personal Projects/Chain of Command Game/app/src/engine/techEffects.test.ts"},{"assertionResults":[{"ancestorTitles":["Torpedo Movement & Physics","moveTorpedo"],"fullName":"Torpedo Movement & Physics moveTorpedo moves along a straight line toward target","status":"passed","title":"moves along a straight line toward target","duration":2.5833000000002357,"failureMessages":[],"meta":{},"tags":[]},{"ancestorTitles":["Torpedo Movement & Physics","moveTorpedo"],"fullName":"Torpedo Movement & Physics moveTorpedo stops exactly at target if speed is sufficient","status":"passed","title":"stops exactly at target if speed is sufficient","duration":0.37300000000050204,"failureMessages":[],"meta":{},"tags":[]},{"ancestorTitles":["Torpedo Movement & Physics","moveTorpedo"],"fullName":"Torpedo Movement & Physics moveTorpedo is destroyed when entering a debris field","status":"passed","title":"is destroyed when entering a debris field","duration":0.29719999999997526,"failureMessages":[],"meta":{},"tags":[]},{"ancestorTitles":["Torpedo Movement & Physics","moveTorpedo"],"fullName":"Torpedo Movement & Physics moveTorpedo does not move if hasMoved is true","status":"passed","title":"does not move if hasMoved is true","duration":0.20890000000053988,"failureMessages":[],"meta":{},"tags":[]},{"ancestorTitles":["Torpedo Movement & Physics","resolveTorpedoAttack"],"fullName":"Torpedo Movement & Physics resolveTorpedoAttack deals 3 hull damage on hit","status":"passed","title":"deals 3 hull damage on hit","duration":0.3811999999998079,"failureMessages":[],"meta":{},"tags":[]}],"startTime":1778203747602,"endTime":1778203747606.381,"status":"passed","message":"","name":"C:/Users/Adam/Dropbox/Documents/homework/Personal Projects/Chain of Command Game/app/src/engine/torpedoMovement.test.ts"},{"assertionResults":[{"ancestorTitles":["easeOutQuad"],"fullName":"easeOutQuad returns 0 at t=0","status":"passed","title":"returns 0 at t=0","duration":1.3524999999999636,"failureMessages":[],"meta":{},"tags":[]},{"ancestorTitles":["easeOutQuad"],"fullName":"easeOutQuad returns 1 at t=1","status":"passed","title":"returns 1 at t=1","duration":0.1790000000000873,"failureMessages":[],"meta":{},"tags":[]},{"ancestorTitles":["easeOutQuad"],"fullName":"easeOutQuad is concave (decelerating): mid-point > 0.5","status":"passed","title":"is concave (decelerating): mid-point > 0.5","duration":0.13359999999920547,"failureMessages":[],"meta":{},"tags":[]},{"ancestorTitles":["easeOutQuad"],"fullName":"easeOutQuad is monotonically increasing","status":"passed","title":"is monotonically increasing","duration":0.16340000000036525,"failureMessages":[],"meta":{},"tags":[]},{"ancestorTitles":["easeInQuad"],"fullName":"easeInQuad returns 0 at t=0","status":"passed","title":"returns 0 at t=0","duration":0.10270000000036816,"failureMessages":[],"meta":{},"tags":[]},{"ancestorTitles":["easeInQuad"],"fullName":"easeInQuad returns 1 at t=1","status":"passed","title":"returns 1 at t=1","duration":0.07220000000052096,"failureMessages":[],"meta":{},"tags":[]},{"ancestorTitles":["easeInQuad"],"fullName":"easeInQuad is convex (accelerating): mid-point < 0.5","status":"passed","title":"is convex (accelerating): mid-point < 0.5","duration":0.10050000000046566,"failureMessages":[],"meta":{},"tags":[]},{"ancestorTitles":["lerpPoint"],"fullName":"lerpPoint returns A at t=0","status":"passed","title":"returns A at t=0","duration":0.4767999999994572,"failureMessages":[],"meta":{},"tags":[]},{"ancestorTitles":["lerpPoint"],"fullName":"lerpPoint returns B at t=1","status":"passed","title":"returns B at t=1","duration":0.13109999999960564,"failureMessages":[],"meta":{},"tags":[]},{"ancestorTitles":["lerpPoint"],"fullName":"lerpPoint returns midpoint at t=0.5","status":"passed","title":"returns midpoint at t=0.5","duration":0.13329999999950815,"failureMessages":[],"meta":{},"tags":[]},{"ancestorTitles":["lerpPoint"],"fullName":"lerpPoint extrapolates beyond t=1","status":"passed","title":"extrapolates beyond t=1","duration":0.14069999999992433,"failureMessages":[],"meta":{},"tags":[]},{"ancestorTitles":["distance"],"fullName":"distance returns 0 for same point","status":"passed","title":"returns 0 for same point","duration":0.07269999999971333,"failureMessages":[],"meta":{},"tags":[]},{"ancestorTitles":["distance"],"fullName":"distance returns correct value for 3-4-5 triangle","status":"passed","title":"returns correct value for 3-4-5 triangle","duration":0.04039999999986321,"failureMessages":[],"meta":{},"tags":[]},{"ancestorTitles":["distance"],"fullName":"distance is symmetric","status":"passed","title":"is symmetric","duration":0.05259999999998399,"failureMessages":[],"meta":{},"tags":[]},{"ancestorTitles":["unitVector"],"fullName":"unitVector has magnitude ≈ 1 for any non-zero pair","status":"passed","title":"has magnitude ≈ 1 for any non-zero pair","duration":0.06760000000031141,"failureMessages":[],"meta":{},"tags":[]},{"ancestorTitles":["unitVector"],"fullName":"unitVector points right for horizontal input","status":"passed","title":"points right for horizontal input","duration":0.06450000000040745,"failureMessages":[],"meta":{},"tags":[]},{"ancestorTitles":["unitVector"],"fullName":"unitVector returns default {1,0} for zero-length input","status":"passed","title":"returns default {1,0} for zero-length input","duration":0.045700000000579166,"failureMessages":[],"meta":{},"tags":[]},{"ancestorTitles":["perpendicular"],"fullName":"perpendicular is orthogonal to the original vector","status":"passed","title":"is orthogonal to the original vector","duration":0.05830000000059954,"failureMessages":[],"meta":{},"tags":[]},{"ancestorTitles":["perpendicular"],"fullName":"perpendicular has the same magnitude as the input","status":"passed","title":"has the same magnitude as the input","duration":0.05529999999998836,"failureMessages":[],"meta":{},"tags":[]},{"ancestorTitles":["perpendicular"],"fullName":"perpendicular rotates 90° CCW: (1,0) → (0,1)","status":"passed","title":"rotates 90° CCW: (1,0) → (0,1)","duration":0.04100000000016735,"failureMessages":[],"meta":{},"tags":[]},{"ancestorTitles":["createWeaponFireAnimation","torpedo tag"],"fullName":"createWeaponFireAnimation torpedo tag returns a zero-duration no-op for torpedo weapons","status":"passed","title":"returns a zero-duration no-op for torpedo weapons","duration":0.14799999999922875,"failureMessages":[],"meta":{},"tags":[]},{"ancestorTitles":["createWeaponFireAnimation","torpedo tag"],"fullName":"createWeaponFireAnimation torpedo tag update() does not throw for torpedo no-op","status":"passed","title":"update() does not throw for torpedo no-op","duration":0.4344999999993888,"failureMessages":[],"meta":{},"tags":[]},{"ancestorTitles":["createWeaponFireAnimation","standard / default beam"],"fullName":"createWeaponFireAnimation standard / default beam creates an animation with positive duration","status":"passed","title":"creates an animation with positive duration","duration":0.13559999999961292,"failureMessages":[],"meta":{},"tags":[]},{"ancestorTitles":["createWeaponFireAnimation","standard / default beam"],"fullName":"createWeaponFireAnimation standard / default beam update() calls clear() on each tick","status":"passed","title":"update() calls clear() on each tick","duration":0.5313999999998487,"failureMessages":[],"meta":{},"tags":[]},{"ancestorTitles":["createWeaponFireAnimation","standard / default beam"],"fullName":"createWeaponFireAnimation standard / default beam impact flash calls drawCircle() at progress ≥ 0.65","status":"passed","title":"impact flash calls drawCircle() at progress ≥ 0.65","duration":0.16809999999986758,"failureMessages":[],"meta":{},"tags":[]},{"ancestorTitles":["createWeaponFireAnimation","standard / default beam"],"fullName":"createWeaponFireAnimation standard / default beam no drawCircle() before impact-flash threshold","status":"passed","title":"no drawCircle() before impact-flash threshold","duration":0.11660000000028958,"failureMessages":[],"meta":{},"tags":[]},{"ancestorTitles":["createWeaponFireAnimation","armorPiercing tracer"],"fullName":"createWeaponFireAnimation armorPiercing tracer has shorter duration than standard beam","status":"passed","title":"has shorter duration than standard beam","duration":0.11220000000048458,"failureMessages":[],"meta":{},"tags":[]},{"ancestorTitles":["createWeaponFireAnimation","broadside"],"fullName":"createWeaponFireAnimation broadside has longer duration than standard (to accommodate stagger)","status":"passed","title":"has longer duration than standard (to accommodate stagger)","duration":0.18109999999978754,"failureMessages":[],"meta":{},"tags":[]},{"ancestorTitles":["createWeaponFireAnimation","shieldBreaker (ripple)"],"fullName":"createWeaponFireAnimation shieldBreaker (ripple) calls drawCircle at any progress > 0","status":"passed","title":"calls drawCircle at any progress > 0","duration":0.15090000000054715,"failureMessages":[],"meta":{},"tags":[]},{"ancestorTitles":["createWeaponFireAnimation","areaOfEffect fan"],"fullName":"createWeaponFireAnimation areaOfEffect fan calls moveTo and lineTo (beam + burst lines)","status":"passed","title":"calls moveTo and lineTo (beam + burst lines)","duration":0.2335000000002765,"failureMessages":[],"meta":{},"tags":[]},{"ancestorTitles":["createWeaponFireAnimation","pointDefense"],"fullName":"createWeaponFireAnimation pointDefense creates animation that clears on each tick","status":"passed","title":"creates animation that clears on each tick","duration":0.1356999999998152,"failureMessages":[],"meta":{},"tags":[]},{"ancestorTitles":["createWeaponFireAnimation","enemy flag"],"fullName":"createWeaponFireAnimation enemy flag animation still has positive duration when isEnemy=true","status":"passed","title":"animation still has positive duration when isEnemy=true","duration":0.051000000000385626,"failureMessages":[],"meta":{},"tags":[]},{"ancestorTitles":["createWeaponFireAnimation","enemy flag"],"fullName":"createWeaponFireAnimation enemy flag enemy and player animations differ only in color, not structure","status":"passed","title":"enemy and player animations differ only in color, not structure","duration":0.05580000000009022,"failureMessages":[],"meta":{},"tags":[]},{"ancestorTitles":["createWeaponFireAnimation","id propagation"],"fullName":"createWeaponFireAnimation id propagation preserves event id on the returned animation","status":"passed","title":"preserves event id on the returned animation","duration":0.04460000000017317,"failureMessages":[],"meta":{},"tags":[]},{"ancestorTitles":["createWeaponFireAnimation","ANIM_COLORS palette"],"fullName":"createWeaponFireAnimation ANIM_COLORS palette exposes distinct hex values for each weapon type","status":"passed","title":"exposes distinct hex values for each weapon type","duration":0.047899999999572174,"failureMessages":[],"meta":{},"tags":[]},{"ancestorTitles":["createWeaponFireAnimation","ANIM_COLORS palette"],"fullName":"createWeaponFireAnimation ANIM_COLORS palette all values are valid 24-bit RGB numbers","status":"passed","title":"all values are valid 24-bit RGB numbers","duration":0.16089999999985594,"failureMessages":[],"meta":{},"tags":[]}],"startTime":1778203738272,"endTime":1778203738279.161,"status":"passed","message":"","name":"C:/Users/Adam/Dropbox/Documents/homework/Personal Projects/Chain of Command Game/app/src/engine/weaponFireAnimations.test.ts"},{"assertionResults":[{"ancestorTitles":["Ship discriminated union — kind field"],"fullName":"Ship discriminated union — kind field PlayerShip has kind=\"ship\" and faction=\"player\"","status":"passed","title":"PlayerShip has kind=\"ship\" and faction=\"player\"","duration":1.2474999999994907,"failureMessages":[],"meta":{},"tags":[]},{"ancestorTitles":["Ship discriminated union — kind field"],"fullName":"Ship discriminated union — kind field Hegemony AI ship has kind=\"ship\" and faction=\"hegemony\"","status":"passed","title":"Hegemony AI ship has kind=\"ship\" and faction=\"hegemony\"","duration":0.16550000000006548,"failureMessages":[],"meta":{},"tags":[]},{"ancestorTitles":["Ship discriminated union — kind field"],"fullName":"Ship discriminated union — kind field Allied AI ship has kind=\"ship\" and faction=\"allied\"","status":"passed","title":"Allied AI ship has kind=\"ship\" and faction=\"allied\"","duration":0.11490000000048894,"failureMessages":[],"meta":{},"tags":[]},{"ancestorTitles":["Ship discriminated union — kind field"],"fullName":"Ship discriminated union — kind field Enemy fighter has kind=\"fighter\" and faction=\"hegemony\"","status":"passed","title":"Enemy fighter has kind=\"fighter\" and faction=\"hegemony\"","duration":0.07660000000032596,"failureMessages":[],"meta":{},"tags":[]},{"ancestorTitles":["Ship discriminated union — kind field"],"fullName":"Ship discriminated union — kind field Allied fighter has kind=\"fighter\" and faction=\"allied\"","status":"passed","title":"Allied fighter has kind=\"fighter\" and faction=\"allied\"","duration":0.08839999999963766,"failureMessages":[],"meta":{},"tags":[]},{"ancestorTitles":["Ship discriminated union — kind field"],"fullName":"Ship discriminated union — kind field Station has kind=\"station\" and faction=\"hegemony\"","status":"passed","title":"Station has kind=\"station\" and faction=\"hegemony\"","duration":0.10470000000077562,"failureMessages":[],"meta":{},"tags":[]},{"ancestorTitles":["isCapitalShip()"],"fullName":"isCapitalShip() returns true for player and AI capital ships","status":"passed","title":"returns true for player and AI capital ships","duration":0.15790000000015425,"failureMessages":[],"meta":{},"tags":[]},{"ancestorTitles":["isCapitalShip()"],"fullName":"isCapitalShip() returns false for fighters and stations","status":"passed","title":"returns false for fighters and stations","duration":0.12820000000010623,"failureMessages":[],"meta":{},"tags":[]},{"ancestorTitles":["isFighterShip()"],"fullName":"isFighterShip() returns true only for FighterToken entities","status":"passed","title":"returns true only for FighterToken entities","duration":0.12010000000009313,"failureMessages":[],"meta":{},"tags":[]},{"ancestorTitles":["isFighterShip()"],"fullName":"isFighterShip() returns false for capital ships and stations","status":"passed","title":"returns false for capital ships and stations","duration":0.16190000000005966,"failureMessages":[],"meta":{},"tags":[]},{"ancestorTitles":["isStationShip()"],"fullName":"isStationShip() returns true only for StationState entities","status":"passed","title":"returns true only for StationState entities","duration":0.14649999999983265,"failureMessages":[],"meta":{},"tags":[]},{"ancestorTitles":["isStationShip()"],"fullName":"isStationShip() returns false for all other entities","status":"passed","title":"returns false for all other entities","duration":0.07799999999951979,"failureMessages":[],"meta":{},"tags":[]},{"ancestorTitles":
[...]
s all weapons have valid range and pool","status":"passed","title":"ensures all weapons have valid range and pool","duration":0.5739999999996144,"failureMessages":[],"meta":{},"tags":[]},{"ancestorTitles":["Data Integrity","Fighter Integrity"],"fullName":"Data Integrity Fighter Integrity ensures all fighter behaviors are valid","status":"passed","title":"ensures all fighter behaviors are valid","duration":1.1505000000006476,"failureMessages":[],"meta":{},"tags":[]},{"ancestorTitles":["Data Integrity","Asset Mapping"],"fullName":"Data Integrity Asset Mapping ensures all player ships have an image defined","status":"passed","title":"ensures all player ships have an image defined","duration":1.0528000000003885,"failureMessages":[],"meta":{},"tags":[]},{"ancestorTitles":["Data Integrity","Asset Mapping"],"fullName":"Data Integrity Asset Mapping ensures all weapons and subsystems have an imagePath defined","status":"passed","title":"ensures all weapons and subsystems have an imagePath defined","duration":1.160899999999856,"failureMessages":[],"meta":{},"tags":[]},{"ancestorTitles":["Data Integrity","Asset Mapping"],"fullName":"Data Integrity Asset Mapping ensures all defined ship, officer, weapon, and subsystem art assets exist in the project","status":"passed","title":"ensures all defined ship, officer, weapon, and subsystem art assets exist in the project","duration":7.5900000000001455,"failureMessages":[],"meta":{},"tags":[]}],"startTime":1778203735061,"endTime":1778203735078.59,"status":"passed","message":"","name":"C:/Users/Adam/Dropbox/Documents/homework/Personal Projects/Chain of Command Game/app/src/data/__tests__/dataIntegrity.test.ts"},{"assertionResults":[{"ancestorTitles":["Subsystem Data"],"fullName":"Subsystem Data should have alien-phase-vanes with correct metadata","status":"passed","title":"should have alien-phase-vanes with correct metadata","duration":1.0324000000000524,"failureMessages":[],"meta":{},"tags":[]}],"startTime":1778203748716,"endTime":1778203748717.0325,"status":"passed","message":"","name":"C:/Users/Adam/Dropbox/Documents/homework/Personal Projects/Chain of Command Game/app/src/data/__tests__/subsystems.test.ts"},{"assertionResults":[{"ancestorTitles":["Elite and Boss Node Threat Budget Scaling (Adjusted)"],"fullName":"Elite and Boss Node Threat Budget Scaling (Adjusted) calculates standard budget for normal nodes","status":"passed","title":"calculates standard budget for normal nodes","duration":5.965500000000247,"failureMessages":[],"meta":{},"tags":[]},{"ancestorTitles":["Elite and Boss Node Threat Budget Scaling (Adjusted)"],"fullName":"Elite and Boss Node Threat Budget Scaling (Adjusted) applies 25% scaling boost for Elite nodes (no floor)","status":"passed","title":"applies 25% scaling boost for Elite nodes (no floor)","duration":1.8371999999999389,"failureMessages":[],"meta":{},"tags":[]},{"ancestorTitles":["Elite and Boss Node Threat Budget Scaling (Adjusted)"],"fullName":"Elite and Boss Node Threat Budget Scaling (Adjusted) applies 50% scaling boost for Boss nodes","status":"passed","title":"applies 50% scaling boost for Boss nodes","duration":2.284599999999955,"failureMessages":[],"meta":{},"tags":[]},{"ancestorTitles":["Elite and Boss Node Threat Budget Scaling (Adjusted)"],"fullName":"Elite and Boss Node Threat Budget Scaling (Adjusted) removes the minimum +4 floor requirement","status":"passed","title":"removes the minimum +4 floor requirement","duration":1.8711000000002969,"failureMessages":[],"meta":{},"tags":[]}],"startTime":1778203735574,"endTime":1778203735585.871,"status":"passed","message":"","name":"C:/Users/Adam/Dropbox/Documents/homework/Personal Projects/Chain of Command Game/app/src/engine/campaign/eliteNodeBalance.test.ts"},{"assertionResults":[{"ancestorTitles":["generateProceduralScenario terrain variety"],"fullName":"generateProceduralScenario terrain variety builds a wide ion storm front instead of a small center blob","status":"passed","title":"builds a wide ion storm front instead of a small center blob","duration":4.334799999999632,"failureMessages":[],"meta":{},"tags":[]},{"ancestorTitles":["generateProceduralScenario terrain variety"],"fullName":"generateProceduralScenario terrain variety keeps terrain off data siphon relay hexes","status":"passed","title":"keeps terrain off data siphon relay hexes","duration":1.1419000000005326,"failureMessages":[],"meta":{},"tags":[]},{"ancestorTitles":["generateProceduralScenario terrain variety"],"fullName":"generateProceduralScenario terrain variety can generate mixed hazard boards with overlapping hazard types","status":"passed","title":"can generate mixed hazard boards with overlapping hazard types","duration":1.4420999999993,"failureMessages":[],"meta":{},"tags":[]},{"ancestorTitles":["generateProceduralScenario terrain variety"],"fullName":"generateProceduralScenario terrain variety keeps enemy spawns off terrain and objective hexes while reporting a themed deployment pattern","status":"passed","title":"keeps enemy spawns off terrain and objective hexes while reporting a themed deployment pattern","duration":2.159599999999955,"failureMessages":[],"meta":{},"tags":[]},{"ancestorTitles":["generateProceduralScenario terrain variety"],"fullName":"generateProceduralScenario terrain variety uses terrain-aware deployment instead of dropping every enemy into the same edge band","status":"passed","title":"uses terrain-aware deployment instead of dropping every enemy into the same edge band","duration":1.6372000000001208,"failureMessages":[],"meta":{},"tags":[]},{"ancestorTitles":["generateProceduralScenario terrain variety"],"fullName":"generateProceduralScenario terrain variety utilizes the expanded Hegemony roster including new capital ships","status":"passed","title":"utilizes the expanded Hegemony roster including new capital ships","duration":1.3115999999999985,"failureMessages":[],"meta":{},"tags":[]}],"startTime":1778203734170,"endTime":1778203734182.3115,"status":"passed","message":"","name":"C:/Users/Adam/Dropbox/Documents/homework/Personal Projects/Chain of Command Game/app/src/engine/campaign/scenarioGenerator.test.ts"},{"assertionResults":[{"ancestorTitles":["AI Aggro Scoring"],"fullName":"AI Aggro Scoring scores closer targets higher","status":"passed","title":"scores closer targets higher","duration":1.6642999999994572,"failureMessages":[],"meta":{},"tags":[]},{"ancestorTitles":["AI Aggro Scoring"],"fullName":"AI Aggro Scoring scores targets with stripped shields higher","status":"passed","title":"scores targets with stripped shields higher","duration":0.16200000000026193,"failureMessages":[],"meta":{},"tags":[]},{"ancestorTitles":["AI Aggro Scoring"],"fullName":"AI Aggro Scoring respects Cloaking Field (Wraith) trait","status":"passed","title":"respects Cloaking Field (Wraith) trait","duration":0.15709999999944557,"failureMessages":[],"meta":{},"tags":[]},{"ancestorTitles":["AI Aggro Scoring"],"fullName":"AI Aggro Scoring applies tactic card overrides (e.g., frontArc)","status":"passed","title":"applies tactic card overrides (e.g., frontArc)","duration":0.27700000000004366,"failureMessages":[],"meta":{},"tags":[]},{"ancestorTitles":["AI Aggro Scoring"],"fullName":"AI Aggro Scoring prioritizes objective/VIP targets","status":"passed","title":"prioritizes objective/VIP targets","duration":0.14400000000023283,"failureMessages":[],"meta":{},"tags":[]}],"startTime":1778203742518,"endTime":1778203742521.144,"status":"passed","message":"","name":"C:/Users/Adam/Dropbox/Documents/homework/Personal Projects/Chain of Command Game/app/src/engine/ai/aggroScore.test.ts"},{"assertionResults":[{"ancestorTitles":["AI movement preview"],"fullName":"AI movement preview matches live AI movement updates for a ship that must turn before moving","status":"passed","title":"matches live AI movement updates for a ship that must turn before moving","duration":4.19130000000041,"failureMessages":[],"meta":{},"tags":[]}],"startTime":1778203742483,"endTime":1778203742487.1914,"status":"passed","message":"","name":"C:/Users/Adam/Dropbox/Documents/homework/Personal Projects/Chain of Command Game/app/src/engine/ai/aiTurn.test.ts"},{"assertionResults":[{"ancestorTitles":["AI Behavior: Escort vs Support"],"fullName":"AI Behavior: Escort vs Support Escort behavior: moves toward player to reach range 2-3 when far away","status":"passed","title":"Escort behavior: moves toward player to reach range 2-3 when far away","duration":2.884100000000217,"failureMessages":[],"meta":{},"tags":[]},{"ancestorTitles":["AI Behavior: Escort vs Support"],"fullName":"AI Behavior: Escort vs Support Escort behavior: maintains range 2-3 when already close","status":"passed","title":"Escort behavior: maintains range 2-3 when already close","duration":0.5591000000003987,"failureMessages":[],"meta":{},"tags":[]},{"ancestorTitles":["AI Behavior: Escort vs Support"],"fullName":"AI Behavior: Escort vs Support Escort behavior: backs away slightly to range 2 when at range 1","status":"passed","title":"Escort behavior: backs away slightly to range 2 when at range 1","duration":0.29830000000038126,"failureMessages":[],"meta":{},"tags":[]},{"ancestorTitles":["AI Behavior: Escort vs Support"],"fullName":"AI Behavior: Escort vs Support Support behavior (baseline): maximizes distance from player","status":"passed","title":"Support behavior (baseline): maximizes distance from player","duration":0.38330000000041764,"failureMessages":[],"meta":{},"tags":[]}],"startTime":1778203742878,"endTime":1778203742882.3833,"status":"passed","message":"","name":"C:/Users/Adam/Dropbox/Documents/homework/Personal Projects/Chain of Command Game/app/src/engine/ai/escortBehavior.test.ts"},{"assertionResults":[{"ancestorTitles":["Fighter AI","resolveFighterMovement"],"fullName":"Fighter AI resolveFighterMovement moves toward assigned target in attack behavior","status":"passed","title":"moves toward assigned target in attack behavior","duration":3.3648000000002867,"failureMessages":[],"meta":{},"tags":[]},{"ancestorTitles":["Fighter AI","resolveFighterMovement"],"fullName":"Fighter AI resolveFighterMovement respects stacking limits (max 3 per hex)","status":"passed","title":"respects stacking limits (max 3 per hex)","duration":0.6370999999999185,"failureMessages":[],"meta":{},"tags":[]},{"ancestorTitles":["Fighter AI","resolveFighterMovement"],"fullName":"Fighter AI resolveFighterMovement navigates around debris fields","status":"passed","title":"navigates around debris fields","duration":0.5583999999998923,"failureMessages":[],"meta":{},"tags":[]},{"ancestorTitles":["Fighter AI","resolveFighterMovement"],"fullName":"Fighter AI resolveFighterMovement handles escort behavior (stays near source ship)","status":"passed","title":"handles escort behavior (stays near source ship)","duration":0.4414999999999054,"failureMessages":[],"meta":{},"tags":[]},{"ancestorTitles":["Fighter AI","resolveFighterMovement"],"fullName":"Fighter AI resolveFighterMovement handles screen behavior (targets nearby threats)","status":"passed","title":"handles screen behavior (targets nearby threats)","duration":0.2911000000003696,"failureMessages":[],"meta":{},"tags":[]},{"ancestorTitles":["Fighter AI","resolveFighterAttack"],"fullName":"Fighter AI resolveFighterAttack deals damage to capital ships","status":"passed","title":"deals damage to capital ships","duration":1.0675000000001091,"failureMessages":[],"meta":{},"tags":[]},{"ancestorTitles":["Fighter AI","resolveFighterAttack"],"fullName":"Fighter AI resolveFighterAttack performs dogfighting against other fighters","status":"passed","title":"performs dogfighting against other fighters","duration":0.3581000000003769,"failureMessages":[],"meta":{},"tags":[]},{"ancestorTitles":["Fighter AI","resolveFighterAttack"],"fullName":"Fighter AI resolveFighterAttack bypasses shields in Ion Nebula","status":"passed","title":"bypasses shields in Ion Nebula","duration":0.3846000000003187,"failureMessages":[],"meta":{},"tags":[]},{"ancestorTitles":["Fighter AI","buildCarrierFighters"],"fullName":"Fighter AI buildCarrierFighters creates two fighters in valid hexes","status":"passed","title":"creates two fighters in valid hexes","duration":0.6792999999997846,"failureMessages":[],"meta":{},"tags":[]}],"startTime":1778203741607,"endTime":1778203741614.6792,"status":"passed","message":"","name":"C:/Users/Adam/Dropbox/Documents/homework/Personal Projects/Chain of Command Game/app/src/engine/ai/fighterAI.test.ts"},{"assertionResults":[{"ancestorTitles":["Fighter AI Dogfighting Expansion"],"fullName":"Fighter AI Dogfighting Expansion applies dogfight bonus (-3 TN) to FighterToken targets","status":"passed","title":"applies dogfight bonus (-3 TN) to FighterToken targets","duration":4.103500000000167,"failureMessages":[],"meta":{},"tags":[]},{"ancestorTitles":["Fighter AI Dogfighting Expansion"],"fullName":"Fighter AI Dogfighting Expansion applies dogfight bonus (-3 TN) to EnemyShipState targets with size: fighter","status":"passed","title":"applies dogfight bonus (-3 TN) to EnemyShipState targets with size: fighter","duration":0.904500000000553,"failureMessages":[],"meta":{},"tags":[]},{"ancestorTitles":["Fighter AI Dogfighting Expansion"],"fullName":"Fighter AI Dogfighting Expansion does NOT apply dogfight bonus to Small ships","status":"passed","title":"does NOT apply dogfight bonus to Small ships","duration":0.4783999999999651,"failureMessages":[],"meta":{},"tags":[]}],"startTime":1778203741492,"endTime":1778203741497.4785,"status":"passed","message":"","name":"C:/Users/Adam/Dropbox/Documents/homework/Personal Projects/Chain of Command Game/app/src/engine/ai/fighterAI_dogfight.test.ts"},{"assertionResults":[{"ancestorTitles":["Fighter Piercing Damage"],"fullName":"Fighter Piercing Damage should bypass shields when a fighter rolls a critical hit","status":"passed","title":"should bypass shields when a fighter rolls a critical hit","duration":2.531600000000253,"failureMessages":[],"meta":{},"tags":[]},{"ancestorTitles":["Fighter Piercing Damage"],"fullName":"Fighter Piercing Damage should be absorbed by shields when a fighter rolls a standard hit","status":"passed","title":"should be absorbed by shields when a fighter rolls a standard hit","duration":0.490099999999984,"failureMessages":[],"meta":{},"tags":[]},{"ancestorTitles":["Fighter Piercing Damage"],"fullName":"Fighter Piercing Damage should deal hull damage only after shields are depleted by standard hits","status":"passed","title":"should deal hull damage only after shields are depleted by standard hits","duration":0.3833999999997104,"failureMessages":[],"meta":{},"tags":[]},{"ancestorTitles":["Fighter Piercing Damage"],"fullName":"Fighter Piercing Damage should combine standard overflow and piercing hits","status":"passed","title":"should combine standard overflow and piercing hits","duration":0.3834999999999127,"failureMessages":[],"meta":{},"tags":[]}],"startTime":1778203746487,"endTime":1778203746490.3835,"status":"passed","message":"","name":"C:/Users/Adam/Dropbox/Documents/homework/Personal Projects/Chain of Command Game/app/src/engine/ai/fighterPiercing.test.ts"},{"assertionResults":[{"ancestorTitles":["Station AI","calculateStationAggroScores"],"fullName":"Station AI calculateStationAggroScores prioritizes closest targets","status":"passed","title":"prioritizes closest targets","duration":2.1986000000006243,"failureMessages":[],"meta":{},"tags":[]},{"ancestorTitles":["Station AI","calculateStationAggroScores"],"fullName":"Station AI calculateStationAggroScores prioritizes targets with stripped shields","status":"passed","title":"prioritizes targets with stripped shields","duration":0.3536000000003696,"failureMessages":[],"meta":{},"tags":[]},{"ancestorTitles":["Station AI","executeStationTurn"],"fullName":"Station AI executeStationTurn attacks players in range","status":"passed","title":"attacks players in range","duration":1.852100000000064,"failureMessages":[],"meta":{},"tags":[]},{"ancestorTitles":["Station AI","executeStationTurn"],"fullName":"Station AI executeStationTurn launches fighters if it has a hangar","status":"passed","title":"launches fighters if it has a hangar","duration":0.5210000000006403,"failureMessages":[],"meta":{},"tags":[]},{"ancestorTitles":["Station AI","executeStationTurn"],"fullName":"Station AI executeStationTurn does not attack if no targets in range","status":"passed","title":"does not attack if no targets in range","duration":0.3698000000003958,"failureMessages":[],"meta":{},"tags":[]}],"startTime":1778203747744,"endTime":1778203747749.3699,"status":"passed","message":"","name":"C:/Users/Adam/Dropbox/Documents/homework/Personal Projects/Chain of Command Game/app/src/engine/ai/stationAI.test.ts"},{"assertionResults":[{"ancestorTitles":["Support AI (Anchored)"],"fullName":"Support AI (Anchored) retreats when no allies are present","status":"passed","title":"retreats when no allies are present","duration":2.729899999999361,"failureMessages":[],"meta":{},"tags":[]},{"ancestorTitles":["Support AI (Anchored)"],"fullName":"Support AI (Anchored) moves toward a distant brawler ally","status":"passed","title":"moves toward a distant brawler ally","duration":0.514100000000326,"failureMessages":[],"meta":{},"tags":[]},{"ancestorTitles":["Support AI (Anchored)"],"fullName":"Support AI (Anchored) maintains the pocket (2-3 hexes) relative to a nearby guardian","status":"passed","title":"maintains the pocket (2-3 hexes) relative to a nearby guardian","duration":0.4414999999999054,"failureMessages":[],"meta":{},"tags":[]},{"ancestorTitles":["Support AI (Anchored)"],"fullName":"Support AI (Anchored) ignores other support/artillery ships when looking for a guardian","status":"passed","title":"ignores other support/artillery ships when looking for a guardian","duration":0.2905000000000655,"failureMessages":[],"meta":{},"tags":[]}],"startTime":1778203741661,"endTime":1778203741665.4414,"status":"passed","message":"","name":"C:/Users/Adam/Dropbox/Documents/homework/Personal Projects/Chain of Command Game/app/src/engine/ai/supportAI.test.ts"},{"assertionResults":[{"ancestorTitles":["traitEffects aura handling"],"fullName":"traitEffects aura handling stacks overlapping tnPenalty auras from multiple enemies","status":"passed","title":"stacks overlapping tnPenalty auras from multiple enemies","duration":2.254700000000412,"failureMessages":[],"meta":{},"tags":[]},{"ancestorTitles":["traitEffects aura handling"],"fullName":"traitEffects aura handling ignores destroyed or out-of-range aura sources","status":"passed","title":"ignores destroyed or out-of-range aura sources","duration":0.2838000000001557,"failureMessages":[],"meta":{},"tags":[]},{"ancestorTitles":["applyDefensiveTraits"],"fullName":"applyDefensiveTraits applies isolation bonus when far from players","status":"passed","title":"applies isolation bonus when far from players","duration":0.5697000000000116,"failureMessages":[],"meta":{},"tags":[]},{"ancestorTitles":["applyDefensiveTraits"],"fullName":"applyDefensiveTraits uses fallback name for terrain bonus when name is missing","status":"passed","title":"uses fallback name for terrain bonus when name is missing","duration":0.204000000000633,"failureMessages":[],"meta":{},"tags":[]},{"ancestorTitles":["applyDefensiveTraits"],"fullName":"applyDefensiveTraits includes movement conditional bonuses","status":"passed","title":"includes movement conditional bonuses","duration":0.1772000000000844,"failureMessages":[],"meta":{},"tags":[]},{"ancestorTitles":["applyDefensiveTraits"],"fullName":"applyDefensiveTraits applies evasionBonus auras from other enemy ships","status":"passed","title":"applies evasionBonus auras from other enemy ships","duration":0.2629000000006272,"failureMessages":[],"meta":{},"tags":[]}],"startTime":1778203745234,"endTime":1778203745238.263,"status":"passed","message":"","name":"C:/Users/Adam/Dropbox/Documents/homework/Personal Projects/Chain of Command Game/app/src/engine/ai/traitEffects.test.ts"}]}